<?xml version="1.0" encoding="utf-8"?><testsuites name="pytest tests"><testsuite name="pytest" errors="0" failures="0" skipped="0" tests="96" time="10.818" timestamp="2026-05-30T00:28:52.964817+00:00" hostname="agent-env-b59795ab-853f-4af8-b8ef-3768293bef7d"><testcase classname="backend.tests.test_iter83_section74_75" name="test_public_search_excludes_non_approved" time="0.141" /><testcase classname="backend.tests.test_iter83_section74_75" name="test_public_identity_counts_excludes_non_approved" time="0.289" /><testcase classname="backend.tests.test_iter83_section74_75" name="test_public_map_excludes_non_approved" time="0.254" /><testcase classname="backend.tests.test_iter83_section74_75" name="test_founders_status_is_100_and_dated" time="0.111" /><testcase classname="backend.tests.test_iter83_section74_75" name="test_referral_summary_is_plan_aware" time="0.429" /><testcase classname="backend.tests.test_iter86_stories_mobile" name="test_stories_viewer_uses_dynamic_viewport" time="0.000" /><testcase classname="backend.tests.test_iter86_stories_mobile" name="test_stories_image_fills_the_frame_on_mobile" time="0.000" /><testcase classname="backend.tests.test_iter86_stories_mobile" name="test_stories_header_respects_safe_area_top" time="0.000" /><testcase classname="backend.tests.test_iter86_stories_mobile" name="test_stories_creator_is_bottom_sheet_on_mobile" time="0.000" /><testcase classname="backend.tests.test_iter86_stories_mobile" name="test_only_one_bottomnav_mounted" time="0.000" /><testcase classname="backend.tests.test_iter87_register_cityscape" name="test_register_route_renders_real_register_component" time="0.000" /><testcase classname="backend.tests.test_iter87_register_cityscape" name="test_register_component_has_create_form" time="0.001" /><testcase classname="backend.tests.test_iter87_register_cityscape" name="test_cityscape_backdrop_is_mounted_on_entry_screens" time="0.002" /><testcase classname="backend.tests.test_iter87_register_cityscape" name="test_cityscape_buildings_have_solid_background_color" time="0.001" /><testcase classname="backend.tests.test_iter87_register_cityscape" name="test_register_layout_caps_overflow_on_mobile" time="0.000" /><testcase classname="backend.tests.test_iter88_v3_social_first" name="test_provider_status_shape_client" time="0.400" /><testcase classname="backend.tests.test_iter88_v3_social_first" name="test_provider_status_shape_verified" time="0.051" /><testcase classname="backend.tests.test_iter88_v3_social_first" name="test_activate_provider_is_idempotent" time="0.105" /><testcase classname="backend.tests.test_iter88_v3_social_first" name="test_preferences_patch" time="0.159" /><testcase classname="backend.tests.test_iter88_v3_social_first" name="test_referral_summary_flat_5" time="0.054" /><testcase classname="backend.tests.test_iter88_v3_social_first" name="test_register_has_no_role_picker" time="0.000" /><testcase classname="backend.tests.test_iter88_v3_social_first" name="test_onboarding_login_has_no_role_picker" time="0.000" /><testcase classname="backend.tests.test_iter88_v3_social_first" name="test_account_route_points_to_user_profile" time="0.000" /><testcase classname="backend.tests.test_iter88_v3_social_first" name="test_plans_has_two_cards_only" time="0.001" /><testcase classname="backend.tests.test_iter88_v3_social_first" name="test_user_profile_has_activation_card" time="0.001" /><testcase classname="backend.tests.test_iter89_v4_social" name="test_search_returns_trust_signals" time="0.112" /><testcase classname="backend.tests.test_iter89_v4_social" name="test_by_slug_returns_trust_signals" time="0.112" /><testcase classname="backend.tests.test_iter89_v4_social" name="test_public_portfolio_endpoint_is_accessible" time="0.098" /><testcase classname="backend.tests.test_iter89_v4_social" name="test_portfolio_crud_as_provider" time="0.215" /><testcase classname="backend.tests.test_iter89_v4_social" name="test_list_gremios_public" time="0.120" /><testcase classname="backend.tests.test_iter89_v4_social" name="test_gremio_lifecycle" time="0.558" /><testcase classname="backend.tests.test_iter89_v4_social" name="test_anonymous_cannot_post_in_gremio" time="0.116" /><testcase classname="backend.tests.test_iter89_v4_social" name="test_routes_mounted" time="0.000" /><testcase classname="backend.tests.test_iter89_v4_social" name="test_pages_exist" time="0.003" /><testcase classname="backend.tests.test_iter89_v4_social" name="test_search_result_renders_trust_tile" time="0.001" /><testcase classname="backend.tests.test_iter89_v4_social" name="test_stories_carousel_open_to_all_with_view_profile_cta" time="0.000" /><testcase classname="backend.tests.test_iter89_v4_social" name="test_portfolio_and_trustscore_mounted_in_ecard" time="0.001" /><testcase classname="backend.tests.test_iter89_v4_social" name="test_portfolio_and_trustscore_mounted_in_dashboard" time="0.000" /><testcase classname="backend.tests.test_iter90_v4_social_extras" name="test_demo_provider_has_meaningful_trust_signals" time="0.153" /><testcase classname="backend.tests.test_iter90_v4_social_extras" name="test_providers_list_has_at_least_one_verified_with_signals" time="0.151" /><testcase classname="backend.tests.test_iter90_v4_social_extras" name="test_gremios_endpoint_returns_array" time="0.131" /><testcase classname="backend.tests.test_iter90_v4_social_extras" name="test_anonymous_cannot_join_gremio" time="0.136" /><testcase classname="backend.tests.test_iter90_v4_social_extras" name="test_anonymous_cannot_like_gremio_post" time="0.101" /><testcase classname="backend.tests.test_iter90_v4_social_extras" name="test_anonymous_can_read_gremio_posts_public" time="0.118" /><testcase classname="backend.tests.test_iter90_v4_social_extras" name="test_gremio_post_hydration_exposes_verified_and_gm_code" time="0.206" /><testcase classname="backend.tests.test_iter90_v4_social_extras" name="test_portfolio_12_item_hard_cap" time="1.502" /><testcase classname="backend.tests.test_iter91_v4_push_phase_c" name="test_vapid_public_key_endpoint" time="0.125" /><testcase classname="backend.tests.test_iter91_v4_push_phase_c" name="test_subscribe_requires_auth" time="0.115" /><testcase classname="backend.tests.test_iter91_v4_push_phase_c" name="test_subscribe_and_list_and_test_push" time="0.221" /><testcase classname="backend.tests.test_iter91_v4_push_phase_c" name="test_push_wired_into_reviews" time="0.001" /><testcase classname="backend.tests.test_iter91_v4_push_phase_c" name="test_push_wired_into_service_requests" time="0.002" /><testcase classname="backend.tests.test_iter91_v4_push_phase_c" name="test_push_wired_into_messages" time="0.002" /><testcase classname="backend.tests.test_iter91_v4_push_phase_c" name="test_push_test_endpoint_exists" time="0.000" /><testcase classname="backend.tests.test_iter91_v4_push_phase_c" name="test_frontend_test_push_helper_exists" time="0.001" /><testcase classname="backend.tests.test_iter92_v4_story_tag_and_unify" name="test_client_story_requires_tag" time="0.057" /><testcase classname="backend.tests.test_iter92_v4_story_tag_and_unify" name="test_client_story_with_tag_creates_and_surfaces_tagged_provider" time="0.361" /><testcase classname="backend.tests.test_iter92_v4_story_tag_and_unify" name="test_provider_can_still_post_without_tag" time="0.146" /><testcase classname="backend.tests.test_iter92_v4_story_tag_and_unify" name="test_story_creator_has_tag_autocomplete" time="0.001" /><testcase classname="backend.tests.test_iter92_v4_story_tag_and_unify" name="test_feed_barrio_unified" time="0.000" /><testcase classname="backend.tests.test_iter93_v4_reels" name="test_list_reels_public" time="0.106" /><testcase classname="backend.tests.test_iter93_v4_reels" name="test_reel_create_requires_provider" time="0.054" /><testcase classname="backend.tests.test_iter93_v4_reels" name="test_reel_lifecycle" time="0.719" /><testcase classname="backend.tests.test_iter93_v4_reels" name="test_reel_anonymous_cannot_create" time="0.117" /><testcase classname="backend.tests.test_iter93_v4_reels" name="test_reels_route_mounted" time="0.000" /><testcase classname="backend.tests.test_iter93_v4_reels" name="test_reels_page_exists" time="0.001" /><testcase classname="backend.tests.test_iter93_v4_reels" name="test_reel_creator_exists" time="0.000" /><testcase classname="backend.tests.test_iter94_v4_featured_rotation" name="test_featured_admin_run_now" time="0.414" /><testcase classname="backend.tests.test_iter94_v4_featured_rotation" name="test_featured_admin_list" time="0.119" /><testcase classname="backend.tests.test_iter94_v4_featured_rotation" name="test_public_featured_endpoint_backward_compat" time="0.188" /><testcase classname="backend.tests.test_iter94_v4_featured_rotation" name="test_public_featured_respects_limit" time="0.165" /><testcase classname="backend.tests.test_iter94_v4_featured_rotation" name="test_legacy_featured_kept" time="0.119" /><testcase classname="backend.tests.test_iter94_v4_featured_rotation" name="test_featured_city_filter_falls_back" time="0.213" /><testcase classname="backend.tests.test_iter94_v4_featured_rotation" name="test_barrio_overlay_uses_featured_endpoint" time="0.000" /><testcase classname="backend.tests.test_iter95_v4_lead_pipeline" name="test_pipeline_endpoint_requires_auth" time="0.105" /><testcase classname="backend.tests.test_iter95_v4_lead_pipeline" name="test_pipeline_returns_buckets_and_counts" time="0.054" /><testcase classname="backend.tests.test_iter95_v4_lead_pipeline" name="test_status_transitions_through_pipeline" time="0.404" /><testcase classname="backend.tests.test_iter95_v4_lead_pipeline" name="test_legacy_statuses_accepted" time="0.183" /><testcase classname="backend.tests.test_iter95_v4_lead_pipeline" name="test_lead_pipeline_component_mounted_in_dashboard" time="0.000" /><testcase classname="backend.tests.test_iter95_v4_lead_pipeline" name="test_lead_pipeline_component_exists" time="0.000" /><testcase classname="backend.tests.test_iter96_v7_rebuild" name="test_bottom_nav_uses_reels" time="0.000" /><testcase classname="backend.tests.test_iter96_v7_rebuild" name="test_provider_sidenav_grouped_v7" time="0.000" /><testcase classname="backend.tests.test_iter96_v7_rebuild" name="test_dashboard_home_v7_exists" time="0.000" /><testcase classname="backend.tests.test_iter96_v7_rebuild" name="test_provider_dashboard_wires_v7_home" time="0.000" /><testcase classname="backend.tests.test_iter96_v7_rebuild" name="test_trust_score_no_more_bajo_label" time="0.000" /><testcase classname="backend.tests.test_iter96_v7_rebuild" name="test_admin_dashboard_has_all_sections" time="0.000" /><testcase classname="backend.tests.test_iter96_v7_rebuild" name="test_admin_overview_endpoint" time="0.061" /><testcase classname="backend.tests.test_iter96_v7_rebuild" name="test_admin_founders_endpoint" time="0.051" /><testcase classname="backend.tests.test_iter96_v7_rebuild" name="test_admin_payments_endpoint" time="0.056" /><testcase classname="backend.tests.test_iter96_v7_rebuild" name="test_admin_reels_listing" time="0.059" /><testcase classname="backend.tests.test_iter96_v7_rebuild" name="test_admin_reels_toggle_requires_admin" time="0.115" /><testcase classname="backend.tests.test_iter96_v7_rebuild" name="test_physical_cards_provider_order_and_listing" time="0.117" /><testcase classname="backend.tests.test_iter96_v7_rebuild" name="test_physical_cards_admin_listing_and_status" time="0.147" /><testcase classname="backend.tests.test_iter96_v7_rebuild" name="test_physical_cards_requires_provider" time="0.052" /><testcase classname="backend.tests.test_iter96_v7_rebuild" name="test_geo_reverse_returns_city_state" time="0.186" /><testcase classname="backend.tests.test_iter96_v7_rebuild" name="test_location_prompt_component_exists" time="0.000" /><testcase classname="backend.tests.test_iter96_v7_rebuild" name="test_search_wires_location_prompt" time="0.002" /></testsuite></testsuites>