<?xml version="1.0" encoding="utf-8"?><testsuites name="pytest tests"><testsuite name="pytest" errors="0" failures="0" skipped="0" tests="12" time="1.753" timestamp="2026-05-24T00:06:34.113305+00:00" hostname="agent-env-b59795ab-853f-4af8-b8ef-3768293bef7d"><testcase classname="backend.tests.test_iter47_share_rewards.TestAuthGating" name="test_get_anonymous_401" time="0.140" /><testcase classname="backend.tests.test_iter47_share_rewards.TestAuthGating" name="test_get_as_admin_403" time="0.427" /><testcase classname="backend.tests.test_iter47_share_rewards.TestAuthGating" name="test_claim_anonymous_401" time="0.133" /><testcase classname="backend.tests.test_iter47_share_rewards.TestGetShareRewards" name="test_get_shape" time="0.434" /><testcase classname="backend.tests.test_iter47_share_rewards.TestGetShareRewards" name="test_status_locked_when_below" time="0.056" /><testcase classname="backend.tests.test_iter47_share_rewards.TestGetShareRewards" name="test_status_eligible_when_at_threshold" time="0.056" /><testcase classname="backend.tests.test_iter47_share_rewards.TestClaimHappyPath" name="test_claim_not_eligible_returns_400" time="0.050" /><testcase classname="backend.tests.test_iter47_share_rewards.TestClaimHappyPath" name="test_claim_nonexistent_tier_404" time="0.048" /><testcase classname="backend.tests.test_iter47_share_rewards.TestClaimHappyPath" name="test_claim_happy_path_stacks_and_upgrades" time="0.159" /><testcase classname="backend.tests.test_iter47_share_rewards.TestClaimHappyPath" name="test_claim_duplicate_returns_400_idempotent" time="0.051" /><testcase classname="backend.tests.test_iter47_share_rewards.TestClaimHappyPath" name="test_claim_does_not_downgrade_premium" time="0.050" /><testcase classname="backend.tests.test_iter47_share_rewards.TestClaimHappyPath" name="test_claim_inserts_subscription_when_missing" time="0.055" /></testsuite></testsuites>