<?xml version="1.0" encoding="utf-8"?><testsuites name="pytest tests"><testsuite name="pytest" errors="0" failures="0" skipped="0" tests="9" time="2.945" timestamp="2026-05-26T19:20:41.753230+00:00" hostname="agent-env-b59795ab-853f-4af8-b8ef-3768293bef7d"><testcase classname="backend.tests.test_iter56_section58_59_stories.TestStoriesPublicEndpoints" name="test_get_active_returns_list" time="0.239" /><testcase classname="backend.tests.test_iter56_section58_59_stories.TestStoriesPublicEndpoints" name="test_get_active_no_duplicate_provider_rows" time="0.121" /><testcase classname="backend.tests.test_iter56_section58_59_stories.TestStoriesPublicEndpoints" name="test_get_by_provider_chronological" time="0.597" /><testcase classname="backend.tests.test_iter56_section58_59_stories.TestStoriesAuth" name="test_client_cannot_create_story" time="0.416" /><testcase classname="backend.tests.test_iter56_section58_59_stories.TestStoriesAuth" name="test_admin_cannot_create_story" time="0.411" /><testcase classname="backend.tests.test_iter56_section58_59_stories.TestStoriesAuth" name="test_anon_cannot_create_story" time="0.117" /><testcase classname="backend.tests.test_iter56_section58_59_stories.TestStoriesProviderFlow" name="test_create_view_delete_full_cycle" time="0.631" /><testcase classname="backend.tests.test_iter56_section58_59_stories.TestStoriesThrottle" name="test_max_5_active_then_429" time="0.258" /><testcase classname="backend.tests.test_iter56_section58_59_stories.TestAdminCanDelete" name="test_admin_can_delete_others_story" time="0.113" /></testsuite></testsuites>