<?xml version="1.0" encoding="utf-8"?><testsuites name="pytest tests"><testsuite name="pytest" errors="0" failures="0" skipped="0" tests="41" time="9.361" timestamp="2026-05-23T06:20:37.787101+00:00" hostname="agent-env-b59795ab-853f-4af8-b8ef-3768293bef7d"><testcase classname="backend.tests.test_iter32_section30_gigs" name="test_list_gigs_returns_array_with_applicant_count" time="0.189" /><testcase classname="backend.tests.test_iter32_section30_gigs" name="test_client_can_create_gig" time="0.607" /><testcase classname="backend.tests.test_iter32_section30_gigs" name="test_created_gig_visible_in_list" time="0.111" /><testcase classname="backend.tests.test_iter32_section30_gigs" name="test_create_gig_rejects_short_title" time="0.248" /><testcase classname="backend.tests.test_iter32_section30_gigs" name="test_create_gig_rejects_short_description" time="0.261" /><testcase classname="backend.tests.test_iter32_section30_gigs" name="test_anonymous_cannot_post_gig" time="0.101" /><testcase classname="backend.tests.test_iter32_section30_gigs" name="test_provider_can_apply_and_duplicate_rejected" time="0.749" /><testcase classname="backend.tests.test_iter32_section30_gigs" name="test_provider_apply_short_message_rejected" time="0.248" /><testcase classname="backend.tests.test_iter32_section30_gigs" name="test_client_cannot_apply_to_gig" time="0.248" /><testcase classname="backend.tests.test_iter32_section30_gigs" name="test_owner_cannot_apply_to_own_gig" time="0.248" /><testcase classname="backend.tests.test_iter32_section30_gigs" name="test_applicant_count_increments" time="0.108" /><testcase classname="backend.tests.test_iter32_section30_gigs" name="test_non_owner_cannot_close" time="0.248" /><testcase classname="backend.tests.test_iter32_section30_gigs" name="test_owner_can_close_gig_and_removed_from_default_list" time="0.350" /><testcase classname="backend.tests.test_iter32_section30_gigs" name="test_apply_to_closed_gig_rejected" time="0.252" /><testcase classname="backend.tests.test_iter32_section30_gigs" name="test_filter_by_category" time="0.099" /><testcase classname="backend.tests.test_iter33_gig_notifications" name="test_provider_receives_new_gig_notification" time="0.745" /><testcase classname="backend.tests.test_iter33_gig_notifications" name="test_fanout_is_idempotent" time="0.105" /><testcase classname="backend.tests.test_iter33_gig_notifications" name="test_poster_does_not_receive_own_gig_fanout" time="0.052" /><testcase classname="backend.tests.test_iter33_gig_notifications" name="test_owner_gets_applicant_notification" time="0.158" /><testcase classname="backend.tests.test_iter34_digest_and_ecard.TestWeeklyDigestEndpoint" name="test_forbids_admin" time="0.395" /><testcase classname="backend.tests.test_iter34_digest_and_ecard.TestWeeklyDigestEndpoint" name="test_forbids_client" time="0.401" /><testcase classname="backend.tests.test_iter34_digest_and_ecard.TestWeeklyDigestEndpoint" name="test_requires_auth" time="0.095" /><testcase classname="backend.tests.test_iter34_digest_and_ecard.TestWeeklyDigestEndpoint" name="test_provider_gets_digest_shape" time="0.363" /><testcase classname="backend.tests.test_iter34_digest_and_ecard.TestAdminSendWeeklyDigest" name="test_forbids_provider" time="0.147" /><testcase classname="backend.tests.test_iter34_digest_and_ecard.TestAdminSendWeeklyDigest" name="test_forbids_client" time="0.044" /><testcase classname="backend.tests.test_iter34_digest_and_ecard.TestAdminSendWeeklyDigest" name="test_admin_send_returns_results" time="0.051" /><testcase classname="backend.tests.test_iter34_digest_and_ecard.TestAdminSendWeeklyDigest" name="test_dev_fallback_log_emitted" time="1.053" /><testcase classname="backend.tests.test_iter34_digest_and_ecard.TestProviderLikeEndpoint" name="test_like_toggle_roundtrip" time="0.188" /><testcase classname="backend.tests.test_iter36_featured_reel.TestFeaturedReel" name="test_returns_200_and_list" time="0.105" /><testcase classname="backend.tests.test_iter36_featured_reel.TestFeaturedReel" name="test_at_least_one_paid_provider_in_dev_env" time="0.106" /><testcase classname="backend.tests.test_iter36_featured_reel.TestFeaturedReel" name="test_capped_at_20" time="0.122" /><testcase classname="backend.tests.test_iter36_featured_reel.TestFeaturedReel" name="test_schema_fields_present" time="0.104" /><testcase classname="backend.tests.test_iter36_featured_reel.TestFeaturedReel" name="test_only_paid_plans_returned" time="0.100" /><testcase classname="backend.tests.test_iter36_featured_reel.TestFeaturedReel" name="test_sort_by_plan_tier_then_rating" time="0.105" /><testcase classname="backend.tests.test_iter36_featured_reel.TestFeaturedReel" name="test_demo_provider_shows_pro_plan_and_referrals" time="0.117" /><testcase classname="backend.tests.test_iter36_featured_reel.TestFeaturedReel" name="test_no_mongo_id_leaks" time="0.099" /><testcase classname="backend.tests.test_iter36_featured_reel.TestEngagementBadges" name="test_returns_200_list" time="0.096" /><testcase classname="backend.tests.test_iter36_featured_reel.TestEngagementBadges" name="test_demo_provider_has_referrer_badge" time="0.109" /><testcase classname="backend.tests.test_iter36_featured_reel.TestEngagementBadges" name="test_badge_shape" time="0.111" /><testcase classname="backend.tests.test_iter36_featured_reel.TestEngagementBadges" name="test_unknown_provider_404" time="0.124" /><testcase classname="backend.tests.test_iter36_featured_reel.TestEngagementBadges" name="test_referrer_badge_has_count" time="0.104" /></testsuite></testsuites>