<?xml version="1.0" encoding="utf-8"?><testsuites name="pytest tests"><testsuite name="pytest" errors="0" failures="0" skipped="0" tests="11" time="5.944" timestamp="2026-05-21T05:17:40.163316+00:00" hostname="agent-env-b59795ab-853f-4af8-b8ef-3768293bef7d"><testcase classname="backend.tests.iteration12_sprint_a_gallery_test" name="test_plans_wording" time="0.630" /><testcase classname="backend.tests.iteration12_sprint_a_gallery_test" name="test_gallery_limit_pro_unlimited" time="0.196" /><testcase classname="backend.tests.iteration12_sprint_a_gallery_test" name="test_gallery_limit_free_caps_20" time="0.185" /><testcase classname="backend.tests.iteration12_sprint_a_gallery_test" name="test_gallery_post_sort_order_increments" time="0.329" /><testcase classname="backend.tests.iteration12_sprint_a_gallery_test" name="test_gallery_free_limit_403_at_21" time="1.864" /><testcase classname="backend.tests.iteration12_sprint_a_gallery_test" name="test_reorder_persists_and_tolerates_invalid" time="0.518" /><testcase classname="backend.tests.iteration12_sprint_a_gallery_test" name="test_set_category_404_when_missing" time="0.360" /><testcase classname="backend.tests.iteration12_sprint_a_gallery_test" name="test_set_category_ok" time="0.277" /><testcase classname="backend.tests.iteration12_sprint_a_gallery_test" name="test_upload_compresses_to_1200_width" time="0.850" /><testcase classname="backend.tests.iteration12_sprint_a_gallery_test" name="test_upload_rejects_non_image" time="0.142" /><testcase classname="backend.tests.iteration12_sprint_a_gallery_test" name="test_upload_rejects_over_10mb" time="0.501" /></testsuite></testsuites>