<?xml version="1.0" encoding="utf-8"?><testsuites name="pytest tests"><testsuite name="pytest" errors="0" failures="0" skipped="0" tests="15" time="2.748" timestamp="2026-05-22T01:39:33.799069+00:00" hostname="agent-env-b59795ab-853f-4af8-b8ef-3768293bef7d"><testcase classname="backend.tests.iteration17_section18_geocode_test.TestGeocode" name="test_geocode_dallas_cache_hit" time="0.159" /><testcase classname="backend.tests.iteration17_section18_geocode_test.TestGeocode" name="test_geocode_miami_cache_hit" time="0.115" /><testcase classname="backend.tests.iteration17_section18_geocode_test.TestGeocode" name="test_geocode_sallisaw_cache" time="0.122" /><testcase classname="backend.tests.iteration17_section18_geocode_test.TestGeocode" name="test_geocode_uncached_falls_through_to_google_or_404" time="0.308" /><testcase classname="backend.tests.iteration17_section18_geocode_test.TestGeocode" name="test_geocode_invalid_short_city" time="0.106" /><testcase classname="backend.tests.iteration17_section18_geocode_test.TestGeocode" name="test_geocode_missing_fields" time="0.106" /><testcase classname="backend.tests.iteration17_section18_geocode_test.TestGeocodeSeedAdmin" name="test_seed_requires_admin" time="0.141" /><testcase classname="backend.tests.iteration17_section18_geocode_test.TestGeocodeSeedAdmin" name="test_seed_idempotent_returns_24_total" time="0.384" /><testcase classname="backend.tests.iteration17_section18_geocode_test.TestGeocodeSeedAdmin" name="test_seed_run_twice_no_duplicates" time="0.129" /><testcase classname="backend.tests.iteration17_section18_geocode_test.TestProvidersProximity" name="test_proximity_finds_maria" time="0.119" /><testcase classname="backend.tests.iteration17_section18_geocode_test.TestProvidersProximity" name="test_proximity_radius_filter" time="0.109" /><testcase classname="backend.tests.iteration17_section18_geocode_test.TestProvidersProximity" name="test_providers_without_latlng_regression" time="0.159" /><testcase classname="backend.tests.iteration17_section18_geocode_test.TestTranslateFallback" name="test_translate_returns_fallback_source" time="0.189" /><testcase classname="backend.tests.iteration17_section18_geocode_test.TestTranslateFallback" name="test_translate_noop_same_lang" time="0.118" /><testcase classname="backend.tests.iteration17_section18_geocode_test.TestRegressionAvailability" name="test_provider_me_availability" time="0.395" /></testsuite></testsuites>