<?xml version="1.0" encoding="utf-8"?><testsuites name="pytest tests"><testsuite name="pytest" errors="0" failures="0" skipped="0" tests="7" time="2.511" timestamp="2026-05-26T21:53:31.012046+00:00" hostname="agent-env-b59795ab-853f-4af8-b8ef-3768293bef7d"><testcase classname="backend.tests.test_iter57_story_likes.TestStoryLikeAuth" name="test_like_requires_auth" time="0.565" /><testcase classname="backend.tests.test_iter57_story_likes.TestStoryLikeAuth" name="test_like_state_requires_auth" time="0.102" /><testcase classname="backend.tests.test_iter57_story_likes.TestStoryLikeOwnerForbidden" name="test_owner_cannot_like_own_story" time="0.110" /><testcase classname="backend.tests.test_iter57_story_likes.TestStoryLikeToggle" name="test_client_like_toggle_full_cycle" time="0.736" /><testcase classname="backend.tests.test_iter57_story_likes.TestStoryLikeToggle" name="test_likes_count_increments_persistently" time="0.417" /><testcase classname="backend.tests.test_iter57_story_likes.TestStoryLikeNotFound" name="test_like_nonexistent_story_404" time="0.056" /><testcase classname="backend.tests.test_iter57_story_likes.TestStoryViewsDedup" name="test_view_dedup_same_viewer" time="0.494" /></testsuite></testsuites>