<?xml version="1.0" encoding="utf-8"?><testsuites name="pytest tests"><testsuite name="pytest" errors="0" failures="0" skipped="0" tests="11" time="17.078" timestamp="2026-05-27T08:33:03.369596+00:00" hostname="agent-env-b59795ab-853f-4af8-b8ef-3768293bef7d"><testcase classname="tests.test_iter63_upload_asset.TestUploadAssetAuthAndRole" name="test_unauthenticated_returns_401_or_403" time="0.177" /><testcase classname="tests.test_iter63_upload_asset.TestUploadAssetAuthAndRole" name="test_client_role_forbidden" time="0.381" /><testcase classname="tests.test_iter63_upload_asset.TestUploadAssetValidation" name="test_non_image_rejected" time="0.379" /><testcase classname="tests.test_iter63_upload_asset.TestUploadAssetValidation" name="test_invalid_target_rejected" time="0.049" /><testcase classname="tests.test_iter63_upload_asset.TestUploadAssetValidation" name="test_oversize_rejected" time="0.682" /><testcase classname="tests.test_iter63_upload_asset.TestUploadAssetHappyPath" name="test_upload_logo_updates_profile" time="0.403" /><testcase classname="tests.test_iter63_upload_asset.TestUploadAssetHappyPath" name="test_upload_banner_updates_profile" time="0.429" /><testcase classname="tests.test_iter63_upload_asset.TestUploadAssetHappyPath" name="test_uploaded_file_is_fetchable" time="0.402" /><testcase classname="tests.test_iter63_upload_asset.TestRegressionFirstSteps" name="test_generate_logo_still_works" time="13.803" /><testcase classname="tests.test_iter63_upload_asset.TestRegressionFirstSteps" name="test_save_ai_image_still_works" time="0.191" /><testcase classname="tests.test_iter63_upload_asset.TestRegressionShareUrl" name="test_provider_by_slug_returns_slug" time="0.141" /></testsuite></testsuites>