<?xml version="1.0" encoding="utf-8"?><testsuites name="pytest tests"><testsuite name="pytest" errors="0" failures="0" skipped="0" tests="15" time="6.229" timestamp="2026-05-23T05:47:26.522008+00:00" hostname="agent-env-b59795ab-853f-4af8-b8ef-3768293bef7d"><testcase classname="backend.tests.test_iter35_referrals.TestReferralsDashboard" name="test_my_referrals_returns_ref_code_and_share_url" time="0.475" /><testcase classname="backend.tests.test_iter35_referrals.TestReferralPreview" name="test_valid_code_returns_referrer" time="0.110" /><testcase classname="backend.tests.test_iter35_referrals.TestReferralPreview" name="test_lowercase_normalised" time="0.316" /><testcase classname="backend.tests.test_iter35_referrals.TestReferralPreview" name="test_unknown_code_returns_valid_false_not_404" time="0.129" /><testcase classname="backend.tests.test_iter35_referrals.TestReferralPreview" name="test_malformed_length_returns_400" time="0.104" /><testcase classname="backend.tests.test_iter35_referrals.TestReferralPreview" name="test_malformed_non_alnum_returns_400" time="1.269" /><testcase classname="backend.tests.test_iter35_referrals.TestReferralInvite" name="test_invite_sends_dev_fallback" time="0.060" /><testcase classname="backend.tests.test_iter35_referrals.TestReferralInvite" name="test_invite_to_existing_user_returns_400" time="0.046" /><testcase classname="backend.tests.test_iter35_referrals.TestReferralInvite" name="test_duplicate_invite_within_24h_returns_429" time="0.093" /><testcase classname="backend.tests.test_iter35_referrals.TestRegisterWithRef" name="test_invitee_creates_referrals_row" time="0.567" /><testcase classname="backend.tests.test_iter35_referrals.TestRegisterWithRef" name="test_self_referral_guard" time="0.103" /><testcase classname="backend.tests.test_iter35_referrals.TestRewardGrant" name="test_admin_approve_grants_pro_to_both" time="1.569" /><testcase classname="backend.tests.test_iter35_referrals.TestRewardGrant" name="test_re_approve_is_idempotent" time="1.133" /><testcase classname="backend.tests.test_iter35_referrals.TestRewardGrant" name="test_notifications_include_referrals_category" time="0.107" /><testcase classname="backend.tests.test_iter35_referrals.TestReferralCreditEdge" name="test_admin_has_no_referral_credit" time="0.047" /></testsuite></testsuites>