<?xml version="1.0" encoding="utf-8"?><testsuites name="pytest tests"><testsuite name="pytest" errors="0" failures="0" skipped="0" tests="7" time="1.748" timestamp="2026-05-22T18:41:45.575780+00:00" hostname="agent-env-b59795ab-853f-4af8-b8ef-3768293bef7d"><testcase classname="backend.tests.test_iter27_audit_fixes.TestPublicStats" name="test_public_stats_returns_real_values" time="0.195" /><testcase classname="backend.tests.test_iter27_audit_fixes.TestProviderListClean" name="test_no_test_providers_in_public_list" time="0.165" /><testcase classname="backend.tests.test_iter27_audit_fixes.TestProviderValidation" name="test_empty_business_name_rejected" time="0.534" /><testcase classname="backend.tests.test_iter27_audit_fixes.TestProviderValidation" name="test_test_underscore_company_rejected" time="0.066" /><testcase classname="backend.tests.test_iter27_audit_fixes.TestProviderValidation" name="test_asdf_rejected" time="0.059" /><testcase classname="backend.tests.test_iter27_audit_fixes.TestProviderValidation" name="test_palas_lowercase_short_single_word_rejected" time="0.600" /><testcase classname="backend.tests.test_iter27_audit_fixes.TestProviderValidation" name="test_valid_name_passes_added_validation" time="0.057" /></testsuite></testsuites>