<?xml version="1.0" encoding="utf-8"?><testsuites name="pytest tests"><testsuite name="pytest" errors="0" failures="5" skipped="0" tests="81" time="21.752" timestamp="2026-05-20T06:51:13.160080+00:00" hostname="agent-env-b59795ab-853f-4af8-b8ef-3768293bef7d"><testcase classname="backend.tests.backend_test.TestCategories" name="test_list_categories" time="0.315" /><testcase classname="backend.tests.backend_test.TestAuth" name="test_login_admin" time="0.360" /><testcase classname="backend.tests.backend_test.TestAuth" name="test_login_provider" time="0.393" /><testcase classname="backend.tests.backend_test.TestAuth" name="test_login_invalid" time="0.341" /><testcase classname="backend.tests.backend_test.TestAuth" name="test_me_with_token" time="0.469" /><testcase classname="backend.tests.backend_test.TestAuth" name="test_me_unauthenticated" time="0.118" /><testcase classname="backend.tests.backend_test.TestAuth" name="test_register_and_logout" time="0.631" /><testcase classname="backend.tests.backend_test.TestAuth" name="test_register_duplicate_email" time="0.464" /><testcase classname="backend.tests.backend_test.TestProviders" name="test_featured" time="0.169" /><testcase classname="backend.tests.backend_test.TestProviders" name="test_search_no_filters" time="0.126" /><testcase classname="backend.tests.backend_test.TestProviders" name="test_search_with_category" time="0.101" /><testcase classname="backend.tests.backend_test.TestProviders" name="test_search_with_verified_and_language" time="0.104" /><testcase classname="backend.tests.backend_test.TestProviders" name="test_search_text_query" time="0.100" /><testcase classname="backend.tests.backend_test.TestProviders" name="test_provider_by_slug_and_views_increment" time="0.238" /><testcase classname="backend.tests.backend_test.TestProviders" name="test_provider_by_slug_404" time="0.128" /><testcase classname="backend.tests.backend_test.TestProviders" name="test_provider_me_existing" time="0.444" /><testcase classname="backend.tests.backend_test.TestProviders" name="test_provider_me_requires_auth" time="0.098" /><testcase classname="backend.tests.backend_test.TestProviders" name="test_provider_update_me" time="0.313" /><testcase classname="backend.tests.backend_test.TestProviders" name="test_contact_click_increments" time="0.358" /><testcase classname="backend.tests.backend_test.TestReviews" name="test_create_review_and_duplicate_rejected" time="0.367"><failure message="assert 2 == (0 + 1)">E   assert 2 == (0 + 1)</failure></testcase><testcase classname="backend.tests.backend_test.TestReviews" name="test_review_requires_auth" time="0.098" /><testcase classname="backend.tests.backend_test.TestReviews" name="test_review_rating_validation" time="0.117" /><testcase classname="backend.tests.backend_test.TestFavorites" name="test_favorites_flow" time="0.568" /><testcase classname="backend.tests.backend_test.TestFavorites" name="test_favorites_require_auth" time="0.092" /><testcase classname="backend.tests.backend_test.TestAdmin" name="test_admin_stats" time="0.132" /><testcase classname="backend.tests.backend_test.TestAdmin" name="test_admin_list_providers" time="0.097" /><testcase classname="backend.tests.backend_test.TestAdmin" name="test_admin_list_providers_filter" time="0.123" /><testcase classname="backend.tests.backend_test.TestAdmin" name="test_admin_verify_action" time="0.425" /><testcase classname="backend.tests.backend_test.TestAdmin" name="test_admin_requires_admin_role" time="0.097" /><testcase classname="backend.tests.backend_test.TestAdmin" name="test_admin_requires_auth" time="0.130" /><testcase classname="backend.tests.backend_test.TestPlans" name="test_plans_returns_three" time="0.121" /><testcase classname="backend.tests.backend_test.TestProviderCreation" name="test_create_provider_profile_as_new_user" time="0.721" /><testcase classname="backend.tests.iteration2_test.TestUserUpdate" name="test_update_user_profile" time="0.463"><failure message="AssertionError: {&quot;detail&quot;:&quot;Not Found&quot;}&#10;assert 404 == 200&#10; +  where 404 = &lt;Response [404]&gt;.status_code">E   AssertionError: {"detail":"Not Found"}
    assert 404 == 200
     +  where 404 = &lt;Response [404]&gt;.status_code</failure></testcase><testcase classname="backend.tests.iteration2_test.TestUserUpdate" name="test_update_user_requires_auth" time="0.148"><failure message="assert 404 == 401&#10; +  where 404 = &lt;Response [404]&gt;.status_code">E   assert 404 == 401
     +  where 404 = &lt;Response [404]&gt;.status_code</failure></testcase><testcase classname="backend.tests.iteration2_test.TestUpload" name="test_upload_requires_auth" time="0.115" /><testcase classname="backend.tests.iteration2_test.TestUpload" name="test_upload_rejects_non_image" time="0.114" /><testcase classname="backend.tests.iteration2_test.TestUpload" name="test_upload_png_and_fetch" time="0.419" /><testcase classname="backend.tests.iteration2_test.TestGallery" name="test_add_and_remove_gallery_item" time="0.828" /><testcase classname="backend.tests.iteration2_test.TestGallery" name="test_gallery_requires_auth" time="0.128" /><testcase classname="backend.tests.iteration2_test.TestPlanChange" name="test_change_plan" time="0.331" /><testcase classname="backend.tests.iteration2_test.TestPlanChange" name="test_change_plan_invalid" time="0.125" /><testcase classname="backend.tests.iteration2_test.TestMessaging" name="test_full_message_flow" time="1.333" /><testcase classname="backend.tests.iteration2_test.TestMessaging" name="test_messages_requires_auth" time="0.097" /><testcase classname="backend.tests.iteration2_test.TestMessaging" name="test_cannot_message_self" time="0.202" /><testcase classname="backend.tests.iteration2_test.TestMessaging" name="test_message_to_unknown_provider" time="0.120" /><testcase classname="backend.tests.iteration2_test.TestExtendedProviderFields" name="test_create_provider_with_new_fields" time="0.537" /><testcase classname="backend.tests.iteration3_test.TestCreateProviderPersistsNewFields" name="test_create_persists_all_new_fields" time="0.236" /><testcase classname="backend.tests.iteration3_test.TestCreateProviderPersistsNewFields" name="test_create_persisted_to_db_via_get" time="0.239" /><testcase classname="backend.tests.iteration3_test.TestUpdateProviderPersistsNewFields" name="test_put_updates_new_fields" time="0.243" /><testcase classname="backend.tests.iteration3_test.TestUniqueIndexes" name="test_register_duplicate_email_rejected" time="0.230" /><testcase classname="backend.tests.iteration3_test.TestDemoSeedIdempotent" name="test_demo_slug_resolves_single_provider" time="0.004" /><testcase classname="backend.tests.iteration3_test.TestDemoSeedIdempotent" name="test_demo_provider_login_matches_slug_doc" time="0.233" /><testcase classname="backend.tests.iteration3_test.TestDemoGallery" name="test_demo_ecard_has_3_gallery_items" time="0.004"><failure message="AssertionError: expected &gt;=3 gallery items, got 0: []&#10;assert 0 &gt;= 3&#10; +  where 0 = len([])">E   AssertionError: expected &gt;=3 gallery items, got 0: []
    assert 0 &gt;= 3
     +  where 0 = len([])</failure></testcase><testcase classname="backend.tests.iteration4_test.TestServiceRequests" name="test_create_service_request" time="0.554" /><testcase classname="backend.tests.iteration4_test.TestServiceRequests" name="test_self_request_denied" time="0.003" /><testcase classname="backend.tests.iteration4_test.TestServiceRequests" name="test_unknown_provider_404" time="0.243" /><testcase classname="backend.tests.iteration4_test.TestServiceRequests" name="test_unauth_rejected" time="0.002" /><testcase classname="backend.tests.iteration4_test.TestServiceRequests" name="test_list_visible_to_client_and_provider" time="0.242" /><testcase classname="backend.tests.iteration4_test.TestServiceRequests" name="test_status_transition_provider_only" time="0.247" /><testcase classname="backend.tests.iteration4_test.TestServiceRequests" name="test_status_enum_validated" time="0.244" /><testcase classname="backend.tests.iteration4_test.TestAdminReviews" name="test_admin_list_reviews" time="0.235" /><testcase classname="backend.tests.iteration4_test.TestAdminReviews" name="test_non_admin_blocked" time="0.237" /><testcase classname="backend.tests.iteration4_test.TestAdminReviews" name="test_flag_and_filter_and_delete_recomputes_rating" time="0.256" /><testcase classname="backend.tests.iteration4_test.TestAdminCategories" name="test_create_category" time="0.006" /><testcase classname="backend.tests.iteration4_test.TestAdminCategories" name="test_duplicate_slug_rejected" time="0.008" /><testcase classname="backend.tests.iteration4_test.TestAdminCategories" name="test_update_category" time="0.009" /><testcase classname="backend.tests.iteration4_test.TestAdminCategories" name="test_delete_used_category_blocked" time="0.002" /><testcase classname="backend.tests.iteration4_test.TestAdminCities" name="test_admin_list" time="0.008" /><testcase classname="backend.tests.iteration4_test.TestAdminCities" name="test_non_admin_blocked" time="0.243" /><testcase classname="backend.tests.iteration4_test.TestAdminCities" name="test_public_cities_featured_only" time="0.007" /><testcase classname="backend.tests.iteration4_test.TestAdminAuditLog" name="test_audit_log_after_action" time="0.009" /><testcase classname="backend.tests.iteration4_test.TestAdminAuditLog" name="test_non_admin_blocked" time="0.235" /><testcase classname="backend.tests.iteration4_test.TestAdminProviderPatch" name="test_patch_updates_field_and_logs" time="0.008" /><testcase classname="backend.tests.iteration4_test.TestAdminProviderPatch" name="test_patch_404_unknown" time="0.002" /><testcase classname="backend.tests.iteration4_test.TestTwilioLogOnly" name="test_sms_log_on_new_message" time="0.858" /><testcase classname="backend.tests.iteration4_test.TestTwilioLogOnly" name="test_sms_log_on_message_reply" time="0.844" /><testcase classname="backend.tests.iteration4_test.TestTwilioLogOnly" name="test_sms_log_on_quote" time="0.840" /><testcase classname="backend.tests.iteration4_test.TestTwilioLogOnly" name="test_sms_log_on_request_status" time="0.847" /><testcase classname="backend.tests.iteration4_test.TestTwilioLogOnly" name="test_sms_log_on_verify" time="0.621" /><testcase classname="backend.tests.iteration4_test.TestTwilioLogOnly" name="test_sms_log_status_is_log_only" time="0.003" /><testcase classname="backend.tests.iteration4_test.TestUsersMeRegression" name="test_put_users_me_route_exists" time="0.236"><failure message="AssertionError: PUT /api/users/me missing — server.py:985 update_user has no @api_router.put decorator (got 404)&#10;assert 404 not in (404, 405)&#10; +  where 404 = &lt;Response [404]&gt;.status_code">E   AssertionError: PUT /api/users/me missing — server.py:985 update_user has no @api_router.put decorator (got 404)
    assert 404 not in (404, 405)
     +  where 404 = &lt;Response [404]&gt;.status_code</failure></testcase></testsuite></testsuites>