<?xml version="1.0" encoding="utf-8"?><testsuites name="pytest tests"><testsuite name="pytest" errors="0" failures="1" skipped="0" tests="18" time="1.914" timestamp="2026-05-21T04:28:39.510876+00:00" hostname="agent-env-b59795ab-853f-4af8-b8ef-3768293bef7d"><testcase classname="backend.tests.iteration9_sprint1_seo_test" name="test_seo_sectors_returns_14_sectors_and_173_plus_categories" time="0.297" /><testcase classname="backend.tests.iteration9_sprint1_seo_test" name="test_seo_cities_returns_23" time="0.057" /><testcase classname="backend.tests.iteration9_sprint1_seo_test" name="test_seo_city_detail_sallisaw" time="0.059" /><testcase classname="backend.tests.iteration9_sprint1_seo_test" name="test_seo_city_detail_404" time="0.052" /><testcase classname="backend.tests.iteration9_sprint1_seo_test" name="test_seo_category_detail_limpieza" time="0.058" /><testcase classname="backend.tests.iteration9_sprint1_seo_test" name="test_seo_category_detail_404" time="0.049" /><testcase classname="backend.tests.iteration9_sprint1_seo_test" name="test_seo_page_limpieza_sallisaw" time="0.059" /><testcase classname="backend.tests.iteration9_sprint1_seo_test" name="test_seo_page_404_category" time="0.052" /><testcase classname="backend.tests.iteration9_sprint1_seo_test" name="test_seo_page_404_city" time="0.048" /><testcase classname="backend.tests.iteration9_sprint1_seo_test" name="test_sitemap_xml" time="0.071" /><testcase classname="backend.tests.iteration9_sprint1_seo_test" name="test_robots_txt" time="0.099" /><testcase classname="backend.tests.iteration9_sprint1_seo_test" name="test_categories_legacy_listing" time="0.057"><failure message="AssertionError: assert 100 &gt;= 173&#10; +  where 100 = len([{'category_id': 'cat_77f9e66f26', 'color': '#3B82F6', 'icon': 'Sparkles', 'license_flag': 'green', ...}, {'category_id': 'cat_30eb1d9c7c', 'color': '#F97316', 'icon': 'UtensilsCrossed', 'license_flag': 'green', ...}, {'category_id': 'cat_bb16a5f34c', 'color': '#EAB308', 'icon': 'HardHat', 'license_flag': 'green', ...}, {'category_id': 'cat_ed0aea24f6', 'color': '#10B981', 'icon': 'Wrench', 'license_flag': 'green', ...}, {'category_id': 'cat_88f827f64c', 'color': '#EF4444', 'icon': 'Car', 'license_flag': 'green', ...}, {'category_id': 'cat_e5939387ad', 'color': '#EC4899', 'icon': 'Scissors', 'license_flag': 'green', ...}, ...])">backend/tests/iteration9_sprint1_seo_test.py:144: in test_categories_legacy_listing
    assert len(data) &gt;= 173
E   AssertionError: assert 100 &gt;= 173
E    +  where 100 = len([{'category_id': 'cat_77f9e66f26', 'color': '#3B82F6', 'icon': 'Sparkles', 'license_flag': 'green', ...}, {'category_id': 'cat_30eb1d9c7c', 'color': '#F97316', 'icon': 'UtensilsCrossed', 'license_flag': 'green', ...}, {'category_id': 'cat_bb16a5f34c', 'color': '#EAB308', 'icon': 'HardHat', 'license_flag': 'green', ...}, {'category_id': 'cat_ed0aea24f6', 'color': '#10B981', 'icon': 'Wrench', 'license_flag': 'green', ...}, {'category_id': 'cat_88f827f64c', 'color': '#EF4444', 'icon': 'Car', 'license_flag': 'green', ...}, {'category_id': 'cat_e5939387ad', 'color': '#EC4899', 'icon': 'Scissors', 'license_flag': 'green', ...}, ...])</failure></testcase><testcase classname="backend.tests.iteration9_sprint1_seo_test" name="test_providers_list" time="0.051" /><testcase classname="backend.tests.iteration9_sprint1_seo_test" name="test_providers_featured" time="0.051" /><testcase classname="backend.tests.iteration9_sprint1_seo_test" name="test_providers_identity_counts" time="0.049" /><testcase classname="backend.tests.iteration9_sprint1_seo_test" name="test_promo_founding_status" time="0.050" /><testcase classname="backend.tests.iteration9_sprint1_seo_test" name="test_auth_login_admin" time="0.292" /><testcase classname="backend.tests.iteration9_sprint1_seo_test" name="test_auth_login_provider" time="0.380" /></testsuite></testsuites>