<?xml version="1.0" encoding="utf-8"?><testsuites name="pytest tests"><testsuite name="pytest" errors="0" failures="0" skipped="0" tests="14" time="2.805" timestamp="2026-05-22T01:15:15.022584+00:00" hostname="agent-env-b59795ab-853f-4af8-b8ef-3768293bef7d"><testcase classname="backend.tests.iteration16_phaseE_calendar_test.TestAvailability" name="test_get_my_availability_requires_auth" time="0.159" /><testcase classname="backend.tests.iteration16_phaseE_calendar_test.TestAvailability" name="test_get_my_availability_authenticated" time="0.664" /><testcase classname="backend.tests.iteration16_phaseE_calendar_test.TestAvailability" name="test_put_availability_updates_and_persists" time="0.118" /><testcase classname="backend.tests.iteration16_phaseE_calendar_test.TestPublicSlots" name="test_slots_for_demo_monday" time="0.111" /><testcase classname="backend.tests.iteration16_phaseE_calendar_test.TestPublicSlots" name="test_slots_invalid_date" time="0.130" /><testcase classname="backend.tests.iteration16_phaseE_calendar_test.TestPublicSlots" name="test_slots_past_date_returns_empty" time="0.128" /><testcase classname="backend.tests.iteration16_phaseE_calendar_test.TestPublicSlots" name="test_slots_unknown_provider_404" time="0.126" /><testcase classname="backend.tests.iteration16_phaseE_calendar_test.TestAppointments" name="test_book_invalid_time_returns_409" time="0.117" /><testcase classname="backend.tests.iteration16_phaseE_calendar_test.TestAppointments" name="test_book_unknown_provider_404" time="0.113" /><testcase classname="backend.tests.iteration16_phaseE_calendar_test.TestAppointments" name="test_book_then_provider_sees_and_can_act" time="0.661" /><testcase classname="backend.tests.iteration16_phaseE_calendar_test.TestAppointments" name="test_update_unknown_appointment_404" time="0.050" /><testcase classname="backend.tests.iteration16_phaseE_calendar_test.TestTranslate" name="test_translate_returns_original_when_no_api_key" time="0.116" /><testcase classname="backend.tests.iteration16_phaseE_calendar_test.TestTranslate" name="test_translate_same_lang_noop" time="0.120" /><testcase classname="backend.tests.iteration16_phaseE_calendar_test.TestTranslate" name="test_translate_validation" time="0.102" /></testsuite></testsuites>