<?xml version="1.0" encoding="utf-8"?><testsuites name="pytest tests"><testsuite name="pytest" errors="3" failures="1" skipped="0" tests="43" time="10.048" timestamp="2026-05-23T06:04:36.258279+00:00" hostname="agent-env-b59795ab-853f-4af8-b8ef-3768293bef7d"><testcase classname="backend.tests.test_iter32_section30_gigs" name="test_list_gigs_returns_array_with_applicant_count" time="0.152" /><testcase classname="backend.tests.test_iter32_section30_gigs" name="test_client_can_create_gig" time="0.574" /><testcase classname="backend.tests.test_iter32_section30_gigs" name="test_created_gig_visible_in_list" time="0.103" /><testcase classname="backend.tests.test_iter32_section30_gigs" name="test_create_gig_rejects_short_title" time="0.245" /><testcase classname="backend.tests.test_iter32_section30_gigs" name="test_create_gig_rejects_short_description" time="0.243" /><testcase classname="backend.tests.test_iter32_section30_gigs" name="test_anonymous_cannot_post_gig" time="0.098" /><testcase classname="backend.tests.test_iter32_section30_gigs" name="test_provider_can_apply_and_duplicate_rejected" time="0.755" /><testcase classname="backend.tests.test_iter32_section30_gigs" name="test_provider_apply_short_message_rejected" time="0.254" /><testcase classname="backend.tests.test_iter32_section30_gigs" name="test_client_cannot_apply_to_gig" time="0.245" /><testcase classname="backend.tests.test_iter32_section30_gigs" name="test_owner_cannot_apply_to_own_gig" time="0.244" /><testcase classname="backend.tests.test_iter32_section30_gigs" name="test_applicant_count_increments" time="0.107" /><testcase classname="backend.tests.test_iter32_section30_gigs" name="test_non_owner_cannot_close" time="0.255" /><testcase classname="backend.tests.test_iter32_section30_gigs" name="test_owner_can_close_gig_and_removed_from_default_list" time="0.374" /><testcase classname="backend.tests.test_iter32_section30_gigs" name="test_apply_to_closed_gig_rejected" time="0.251" /><testcase classname="backend.tests.test_iter32_section30_gigs" name="test_filter_by_category" time="0.107" /><testcase classname="backend.tests.test_iter33_gig_notifications" name="test_provider_receives_new_gig_notification" time="0.769" /><testcase classname="backend.tests.test_iter33_gig_notifications" name="test_fanout_is_idempotent" time="0.130" /><testcase classname="backend.tests.test_iter33_gig_notifications" name="test_poster_does_not_receive_own_gig_fanout" time="0.050" /><testcase classname="backend.tests.test_iter33_gig_notifications" name="test_owner_gets_applicant_notification" time="0.155" /><testcase classname="backend.tests.test_iter34_digest_and_ecard.TestWeeklyDigestEndpoint" name="test_forbids_admin" time="0.414" /><testcase classname="backend.tests.test_iter34_digest_and_ecard.TestWeeklyDigestEndpoint" name="test_forbids_client" time="0.368" /><testcase classname="backend.tests.test_iter34_digest_and_ecard.TestWeeklyDigestEndpoint" name="test_requires_auth" time="0.100" /><testcase classname="backend.tests.test_iter34_digest_and_ecard.TestWeeklyDigestEndpoint" name="test_provider_gets_digest_shape" time="0.374" /><testcase classname="backend.tests.test_iter34_digest_and_ecard.TestAdminSendWeeklyDigest" name="test_forbids_provider" time="0.047" /><testcase classname="backend.tests.test_iter34_digest_and_ecard.TestAdminSendWeeklyDigest" name="test_forbids_client" time="0.048" /><testcase classname="backend.tests.test_iter34_digest_and_ecard.TestAdminSendWeeklyDigest" name="test_admin_send_returns_results" time="0.060" /><testcase classname="backend.tests.test_iter34_digest_and_ecard.TestAdminSendWeeklyDigest" name="test_dev_fallback_log_emitted" time="1.075" /><testcase classname="backend.tests.test_iter34_digest_and_ecard.TestProviderLikeEndpoint" name="test_like_toggle_roundtrip" time="0.190" /><testcase classname="backend.tests.test_iter35_referrals.TestReferralsDashboard" name="test_my_referrals_returns_ref_code_and_share_url" time="0.390" /><testcase classname="backend.tests.test_iter35_referrals.TestReferralPreview" name="test_valid_code_returns_referrer" time="0.095" /><testcase classname="backend.tests.test_iter35_referrals.TestReferralPreview" name="test_lowercase_normalised" time="0.107" /><testcase classname="backend.tests.test_iter35_referrals.TestReferralPreview" name="test_unknown_code_returns_valid_false_not_404" time="0.104" /><testcase classname="backend.tests.test_iter35_referrals.TestReferralPreview" name="test_malformed_length_returns_400" time="0.100" /><testcase classname="backend.tests.test_iter35_referrals.TestReferralPreview" name="test_malformed_non_alnum_returns_400" time="0.276" /><testcase classname="backend.tests.test_iter35_referrals.TestReferralInvite" name="test_invite_sends_dev_fallback" time="0.058" /><testcase classname="backend.tests.test_iter35_referrals.TestReferralInvite" name="test_invite_to_existing_user_returns_400" time="0.052" /><testcase classname="backend.tests.test_iter35_referrals.TestReferralInvite" name="test_duplicate_invite_within_24h_returns_429" time="0.113" /><testcase classname="backend.tests.test_iter35_referrals.TestRegisterWithRef" name="test_invitee_creates_referrals_row" time="0.545" /><testcase classname="backend.tests.test_iter35_referrals.TestRegisterWithRef" name="test_self_referral_guard" time="0.097" /><testcase classname="backend.tests.test_iter35_referrals.TestRewardGrant" name="test_admin_approve_grants_pro_to_both" time="0.107"><error message="failed on setup with &quot;AssertionError: Login failed for admin@getamano.com: 429 {&quot;detail&quot;:&quot;Demasiadas peticiones. Espera 60 segundos.&quot;}&#10;assert 429 == 200&#10; +  where 429 = &lt;Response [429]&gt;.status_code&quot;">E   AssertionError: Login failed for admin@getamano.com: 429 {"detail":"Demasiadas peticiones. Espera 60 segundos."}
    assert 429 == 200
     +  where 429 = &lt;Response [429]&gt;.status_code</error></testcase><testcase classname="backend.tests.test_iter35_referrals.TestRewardGrant" name="test_re_approve_is_idempotent" time="0.000"><error message="failed on setup with &quot;AssertionError: Login failed for admin@getamano.com: 429 {&quot;detail&quot;:&quot;Demasiadas peticiones. Espera 60 segundos.&quot;}&#10;assert 429 == 200&#10; +  where 429 = &lt;Response [429]&gt;.status_code&quot;">E   AssertionError: Login failed for admin@getamano.com: 429 {"detail":"Demasiadas peticiones. Espera 60 segundos."}
    assert 429 == 200
     +  where 429 = &lt;Response [429]&gt;.status_code</error></testcase><testcase classname="backend.tests.test_iter35_referrals.TestRewardGrant" name="test_notifications_include_referrals_category" time="0.120"><failure message="AssertionError: invitee should have a referrals notification&#10;assert []">E   AssertionError: invitee should have a referrals notification
    assert []</failure></testcase><testcase classname="backend.tests.test_iter35_referrals.TestReferralCreditEdge" name="test_admin_has_no_referral_credit" time="0.000"><error message="failed on setup with &quot;AssertionError: Login failed for admin@getamano.com: 429 {&quot;detail&quot;:&quot;Demasiadas peticiones. Espera 60 segundos.&quot;}&#10;assert 429 == 200&#10; +  where 429 = &lt;Response [429]&gt;.status_code&quot;">E   AssertionError: Login failed for admin@getamano.com: 429 {"detail":"Demasiadas peticiones. Espera 60 segundos."}
    assert 429 == 200
     +  where 429 = &lt;Response [429]&gt;.status_code</error></testcase></testsuite></testsuites>