<?xml version="1.0" encoding="utf-8"?><testsuites name="pytest tests"><testsuite name="pytest" errors="0" failures="0" skipped="0" tests="20" time="2.857" timestamp="2026-05-23T07:11:45.413445+00:00" hostname="agent-env-b59795ab-853f-4af8-b8ef-3768293bef7d"><testcase classname="backend.tests.test_iter39_leaderboard.TestLeaderboardMonthlyPublic" name="test_returns_200_no_auth" time="0.185" /><testcase classname="backend.tests.test_iter39_leaderboard.TestLeaderboardMonthlyPublic" name="test_top_level_shape" time="0.106" /><testcase classname="backend.tests.test_iter39_leaderboard.TestLeaderboardMonthlyPublic" name="test_formula_weights" time="0.103" /><testcase classname="backend.tests.test_iter39_leaderboard.TestLeaderboardMonthlyPublic" name="test_caps" time="0.103" /><testcase classname="backend.tests.test_iter39_leaderboard.TestLeaderboardMonthlyPublic" name="test_row_has_required_fields" time="0.132" /><testcase classname="backend.tests.test_iter39_leaderboard.TestLeaderboardMonthlyPublic" name="test_no_test_prefix_in_results" time="0.099" /><testcase classname="backend.tests.test_iter39_leaderboard.TestLeaderboardMonthlyPublic" name="test_no_zero_scores" time="0.095" /><testcase classname="backend.tests.test_iter39_leaderboard.TestLeaderboardMonthlyPublic" name="test_sort_order_score_desc" time="0.100" /><testcase classname="backend.tests.test_iter39_leaderboard.TestLeaderboardMonthlyPublic" name="test_ranks_are_sequential" time="0.093" /><testcase classname="backend.tests.test_iter39_leaderboard.TestLeaderboardCaching" name="test_two_consecutive_calls_fast" time="0.308" /><testcase classname="backend.tests.test_iter39_leaderboard.TestLeaderboardCategoryFilter" name="test_known_category_returns_subset" time="0.206" /><testcase classname="backend.tests.test_iter39_leaderboard.TestLeaderboardCategoryFilter" name="test_unknown_category_returns_empty" time="0.094" /><testcase classname="backend.tests.test_iter39_leaderboard.TestMariaDemoLeaderboard" name="test_maria_in_top" time="0.093" /><testcase classname="backend.tests.test_iter39_leaderboard.TestMariaDemoLeaderboard" name="test_maria_score_and_breakdown" time="0.101" /><testcase classname="backend.tests.test_iter39_leaderboard.TestLeaderboardMe" name="test_unauth_401" time="0.098" /><testcase classname="backend.tests.test_iter39_leaderboard.TestLeaderboardMe" name="test_client_403" time="0.366" /><testcase classname="backend.tests.test_iter39_leaderboard.TestLeaderboardMe" name="test_provider_maria_ranked" time="0.362" /><testcase classname="backend.tests.test_iter39_leaderboard.TestLeaderboardMe" name="test_provider_response_shape" time="0.046" /><testcase classname="backend.tests.test_iter39_leaderboard.TestDemoSeedIntact" name="test_maria_referral_still_credited" time="0.047" /><testcase classname="backend.tests.test_iter39_leaderboard.TestDemoSeedIntact" name="test_maria_streak_alive" time="0.047" /></testsuite></testsuites>