<?xml version="1.0" encoding="utf-8"?><testsuites name="pytest tests"><testsuite name="pytest" errors="0" failures="0" skipped="0" tests="6" time="0.723" timestamp="2026-05-22T03:07:25.123156+00:00" hostname="agent-env-b59795ab-853f-4af8-b8ef-3768293bef7d"><testcase classname="tests.test_iter19_features.TestTranslateTTL" name="test_translate_no_500" time="0.283" /><testcase classname="tests.test_iter19_features.TestTranslateTTL" name="test_ttl_index_exists" time="0.012" /><testcase classname="tests.test_iter19_features.TestCardScan" name="test_card_scan_no_500" time="0.130" /><testcase classname="tests.test_iter19_features.TestCardScan" name="test_card_scan_empty_b64" time="0.058" /><testcase classname="tests.test_iter19_features.TestRegression" name="test_public_providers_excludes_test" time="0.054" /><testcase classname="tests.test_iter19_features.TestRegression" name="test_public_stats_has_providers_label" time="0.061" /></testsuite></testsuites>