<?xml version="1.0" encoding="utf-8"?><testsuites name="pytest tests"><testsuite name="pytest" errors="0" failures="0" skipped="0" tests="9" time="2.906" timestamp="2026-05-22T05:16:33.993104+00:00" hostname="agent-env-b59795ab-853f-4af8-b8ef-3768293bef7d"><testcase classname="backend.tests.test_iter21_pwa_regression" name="test_manifest_json_valid_and_full" time="0.144" /><testcase classname="backend.tests.test_iter21_pwa_regression" name="test_service_worker_served" time="0.099" /><testcase classname="backend.tests.test_iter21_pwa_regression" name="test_index_html_has_pwa_meta" time="0.096" /><testcase classname="backend.tests.test_iter21_pwa_regression" name="test_pwa_icons_all_200_png" time="1.955" /><testcase classname="backend.tests.test_iter21_pwa_regression" name="test_api_providers_ok" time="0.104" /><testcase classname="backend.tests.test_iter21_pwa_regression" name="test_api_public_stats_ok" time="0.101" /><testcase classname="backend.tests.test_iter21_pwa_regression" name="test_api_promo_codes_founding_status_ok" time="0.113" /><testcase classname="backend.tests.test_iter21_pwa_regression" name="test_api_plans_ok" time="0.110" /><testcase classname="backend.tests.test_iter21_pwa_regression" name="test_api_categories_ok" time="0.105" /></testsuite></testsuites>