<?xml version="1.0" encoding="utf-8"?><testsuites name="pytest tests"><testsuite name="pytest" errors="0" failures="0" skipped="0" tests="14" time="3.377" timestamp="2026-05-27T17:04:32.374686+00:00" hostname="agent-env-b59795ab-853f-4af8-b8ef-3768293bef7d"><testcase classname="backend.tests.test_iter67_section68_referrals_push_banners.TestBannersRefactor" name="test_public_banners" time="0.193" /><testcase classname="backend.tests.test_iter67_section68_referrals_push_banners.TestBannersRefactor" name="test_banner_of_the_week" time="0.122" /><testcase classname="backend.tests.test_iter67_section68_referrals_push_banners.TestBannersRefactor" name="test_me_banner_requires_auth" time="0.146" /><testcase classname="backend.tests.test_iter67_section68_referrals_push_banners.TestBannersRefactor" name="test_me_banner_authed" time="0.461" /><testcase classname="backend.tests.test_iter67_section68_referrals_push_banners.TestPush" name="test_public_key_anon" time="0.120" /><testcase classname="backend.tests.test_iter67_section68_referrals_push_banners.TestPush" name="test_subscribe_requires_auth" time="0.112" /><testcase classname="backend.tests.test_iter67_section68_referrals_push_banners.TestPush" name="test_subscribe_and_idempotent" time="0.205" /><testcase classname="backend.tests.test_iter67_section68_referrals_push_banners.TestPush" name="test_list_me_active_only" time="0.201" /><testcase classname="backend.tests.test_iter67_section68_referrals_push_banners.TestReferrals" name="test_b1_self_referral_rejected" time="0.052" /><testcase classname="backend.tests.test_iter67_section68_referrals_push_banners.TestReferrals" name="test_b1_referred_must_be_provider" time="0.454" /><testcase classname="backend.tests.test_iter67_section68_referrals_push_banners.TestReferrals" name="test_b1_b2_create_then_b3_accept_then_b4_complete" time="0.975" /><testcase classname="backend.tests.test_iter67_section68_referrals_push_banners.TestReferrals" name="test_b5_earnings_maria" time="0.059" /><testcase classname="backend.tests.test_iter67_section68_referrals_push_banners.TestReferrals" name="test_b6_cancel_before_completion" time="0.126" /><testcase classname="backend.tests.test_iter67_section68_referrals_push_banners.TestReferrals" name="test_b7_lists_sent_and_received" time="0.126" /></testsuite></testsuites>