<?xml version="1.0" encoding="utf-8"?><testsuites name="pytest tests"><testsuite name="pytest" errors="0" failures="1" skipped="0" tests="23" time="3.738" timestamp="2026-05-23T08:30:14.707254+00:00" hostname="agent-env-b59795ab-853f-4af8-b8ef-3768293bef7d"><testcase classname="backend.tests.test_iter43_inline_comments_refactor.TestCommunityPosts" name="test_list_posts_anon" time="0.140"><failure message="assert 'followed_by_me' not in {'business_name': &quot;María's Cleaning Services&quot;, 'city': 'Sallisaw', 'followed_by_me': False, 'is_provider': True, ...}">backend/tests/test_iter43_inline_comments_refactor.py:67: in test_list_posts_anon
    assert "followed_by_me" not in sample["author"]
E   assert 'followed_by_me' not in {'business_name': "María's Cleaning Services", 'city': 'Sallisaw', 'followed_by_me': False, 'is_provider': True, ...}</failure></testcase><testcase classname="backend.tests.test_iter43_inline_comments_refactor.TestCommunityPosts" name="test_feed_auth_has_followed_flag" time="0.403" /><testcase classname="backend.tests.test_iter43_inline_comments_refactor.TestCommunityPosts" name="test_feed_requires_auth" time="0.131" /><testcase classname="backend.tests.test_iter43_inline_comments_refactor.TestCommunityPosts" name="test_create_post_image_only_ok" time="0.104" /><testcase classname="backend.tests.test_iter43_inline_comments_refactor.TestCommunityPosts" name="test_create_post_short_text_no_image_422" time="0.047" /><testcase classname="backend.tests.test_iter43_inline_comments_refactor.TestCommunityPosts" name="test_create_post_text_ok" time="0.203" /><testcase classname="backend.tests.test_iter43_inline_comments_refactor.TestCommunityPosts" name="test_delete_post_non_owner_forbidden" time="0.462" /><testcase classname="backend.tests.test_iter43_inline_comments_refactor.TestCommunityPosts" name="test_delete_post_admin_ok" time="0.466" /><testcase classname="backend.tests.test_iter43_inline_comments_refactor.TestCommunityAux" name="test_stories" time="0.139" /><testcase classname="backend.tests.test_iter43_inline_comments_refactor.TestCommunityAux" name="test_suggested_auth" time="0.054" /><testcase classname="backend.tests.test_iter43_inline_comments_refactor.TestCommunityAux" name="test_trending" time="0.163" /><testcase classname="backend.tests.test_iter43_inline_comments_refactor.TestCommunityAux" name="test_me_follows" time="0.048" /><testcase classname="backend.tests.test_iter43_inline_comments_refactor.TestCommunityAux" name="test_follow_unfollow" time="0.141" /><testcase classname="backend.tests.test_iter43_inline_comments_refactor.TestCommunityAux" name="test_follow_self_400" time="0.094" /><testcase classname="backend.tests.test_iter43_inline_comments_refactor.TestCommunityComments" name="test_list_comments_anon_seed" time="0.098" /><testcase classname="backend.tests.test_iter43_inline_comments_refactor.TestCommunityComments" name="test_list_comments_404" time="0.104" /><testcase classname="backend.tests.test_iter43_inline_comments_refactor.TestCommunityComments" name="test_create_and_delete_comment" time="0.209" /><testcase classname="backend.tests.test_iter43_inline_comments_refactor.TestCommunityComments" name="test_delete_comment_non_owner_403" time="0.099" /><testcase classname="backend.tests.test_iter43_inline_comments_refactor.TestCommunityComments" name="test_delete_comment_admin_override" time="0.110" /><testcase classname="backend.tests.test_iter43_inline_comments_refactor.TestCommunityComments" name="test_comment_validation_empty" time="0.048" /><testcase classname="backend.tests.test_iter43_inline_comments_refactor.TestCommunityComments" name="test_comment_notification_to_owner" time="0.154" /><testcase classname="backend.tests.test_iter43_inline_comments_refactor.TestSeedIntegrity" name="test_demo_seeds_intact" time="0.100" /><testcase classname="backend.tests.test_iter43_inline_comments_refactor.TestSeedIntegrity" name="test_carlos_seed_comment_intact" time="0.103" /></testsuite></testsuites>