<?xml version="1.0" encoding="utf-8"?><testsuites name="pytest tests"><testsuite name="pytest" errors="0" failures="0" skipped="0" tests="15" time="5.632" timestamp="2026-05-23T01:42:26.623362+00:00" hostname="agent-env-b59795ab-853f-4af8-b8ef-3768293bef7d"><testcase classname="backend.tests.test_iter30_smart_search.TestAutocomplete" name="test_limpesa_returns_limpieza_cleaning" time="0.375" /><testcase classname="backend.tests.test_iter30_smart_search.TestAutocomplete" name="test_plumer_returns_plomeria" time="0.200" /><testcase classname="backend.tests.test_iter30_smart_search.TestAutocomplete" name="test_tax_returns_impuestos" time="0.200" /><testcase classname="backend.tests.test_iter30_smart_search.TestAutocomplete" name="test_quinceanera_ascii_returns_match" time="0.201" /><testcase classname="backend.tests.test_iter30_smart_search.TestAutocomplete" name="test_single_char_returns_empty" time="0.206" /><testcase classname="backend.tests.test_iter30_smart_search.TestAutocomplete" name="test_unknown_token_returns_empty_no_500" time="0.202" /><testcase classname="backend.tests.test_iter30_smart_search.TestAutocomplete" name="test_empty_q_returns_empty" time="0.194" /><testcase classname="backend.tests.test_iter30_smart_search.TestAutocomplete" name="test_special_chars_no_500" time="1.189" /><testcase classname="backend.tests.test_iter30_smart_search.TestAutocomplete" name="test_response_shape" time="0.198" /><testcase classname="backend.tests.test_iter30_smart_search.TestAlternatives" name="test_quinceniera_suggests_quinceaneras" time="0.202" /><testcase classname="backend.tests.test_iter30_smart_search.TestAlternatives" name="test_unknown_returns_empty_or_list" time="0.196" /><testcase classname="backend.tests.test_iter30_smart_search.TestAlternatives" name="test_empty_q_safe" time="0.197" /><testcase classname="backend.tests.test_iter30_smart_search.TestProvidersSmartExpansion" name="test_limpesa_finds_maria_cleaning" time="0.205" /><testcase classname="backend.tests.test_iter30_smart_search.TestProvidersSmartExpansion" name="test_plumer_no_500" time="0.201" /><testcase classname="backend.tests.test_iter30_smart_search.TestProvidersSmartExpansion" name="test_special_chars_in_q_no_500" time="1.000" /></testsuite></testsuites>