<?xml version="1.0" encoding="utf-8"?><testsuites name="pytest tests"><testsuite name="pytest" errors="0" failures="0" skipped="0" tests="26" time="34.346" timestamp="2026-05-23T07:37:50.682306+00:00" hostname="agent-env-b59795ab-853f-4af8-b8ef-3768293bef7d"><testcase classname="backend.tests.test_iter41_community_scheduler.TestCommunityPostsPublic" name="test_list_posts_public_returns_items_and_next_before" time="0.193" /><testcase classname="backend.tests.test_iter41_community_scheduler.TestCommunityFeedAuth" name="test_feed_requires_auth" time="0.125" /><testcase classname="backend.tests.test_iter41_community_scheduler.TestCommunityFeedAuth" name="test_feed_returns_liked_by_me_flag" time="15.396" /><testcase classname="backend.tests.test_iter41_community_scheduler.TestCreatePost" name="test_create_requires_auth" time="0.101" /><testcase classname="backend.tests.test_iter41_community_scheduler.TestCreatePost" name="test_create_too_short_422" time="0.044" /><testcase classname="backend.tests.test_iter41_community_scheduler.TestCreatePost" name="test_create_too_long_422" time="0.044" /><testcase classname="backend.tests.test_iter41_community_scheduler.TestCreatePost" name="test_create_success_and_persistence" time="0.197" /><testcase classname="backend.tests.test_iter41_community_scheduler.TestPostLike" name="test_like_toggle_idempotent_with_counter" time="0.390" /><testcase classname="backend.tests.test_iter41_community_scheduler.TestPostLike" name="test_like_unknown_post_404" time="0.047" /><testcase classname="backend.tests.test_iter41_community_scheduler.TestDeletePost" name="test_delete_unknown_404" time="0.046" /><testcase classname="backend.tests.test_iter41_community_scheduler.TestDeletePost" name="test_delete_others_post_403" time="15.495" /><testcase classname="backend.tests.test_iter41_community_scheduler.TestDeletePost" name="test_owner_can_delete_soft" time="0.593" /><testcase classname="backend.tests.test_iter41_community_scheduler.TestStories" name="test_stories_returns_maria" time="0.112" /><testcase classname="backend.tests.test_iter41_community_scheduler.TestSuggested" name="test_suggested_requires_auth" time="0.103" /><testcase classname="backend.tests.test_iter41_community_scheduler.TestSuggested" name="test_suggested_returns_providers" time="0.047" /><testcase classname="backend.tests.test_iter41_community_scheduler.TestFollows" name="test_me_follows_requires_auth" time="0.101" /><testcase classname="backend.tests.test_iter41_community_scheduler.TestFollows" name="test_follow_unknown_provider_404" time="0.047" /><testcase classname="backend.tests.test_iter41_community_scheduler.TestFollows" name="test_self_follow_400" time="0.093" /><testcase classname="backend.tests.test_iter41_community_scheduler.TestFollows" name="test_follow_toggle_flow" time="0.294" /><testcase classname="backend.tests.test_iter41_community_scheduler.TestTrending" name="test_trending_public_returns_categories" time="0.111" /><testcase classname="backend.tests.test_iter41_community_scheduler.TestSchedulerAdmin" name="test_status_requires_admin" time="0.045" /><testcase classname="backend.tests.test_iter41_community_scheduler.TestSchedulerAdmin" name="test_status_admin_ok" time="0.365" /><testcase classname="backend.tests.test_iter41_community_scheduler.TestSchedulerAdmin" name="test_run_now_invalid_job_400" time="0.043" /><testcase classname="backend.tests.test_iter41_community_scheduler.TestSchedulerAdmin" name="test_run_now_requires_admin" time="0.043" /><testcase classname="backend.tests.test_iter41_community_scheduler.TestSchedulerAdmin" name="test_run_now_daily_streak_reminders" time="0.094" /><testcase classname="backend.tests.test_iter41_community_scheduler.TestSchedulerAdmin" name="test_run_now_monthly_snapshot" time="0.099" /></testsuite></testsuites>