<?xml version="1.0" encoding="utf-8"?><testsuites name="pytest tests"><testsuite name="pytest" errors="0" failures="0" skipped="0" tests="17" time="6.986" timestamp="2026-05-23T06:32:54.072021+00:00" hostname="agent-env-b59795ab-853f-4af8-b8ef-3768293bef7d"><testcase classname="tests.test_iter38_streak_reminders.TestStreakPreferences" name="test_get_pref_provider_default_false" time="0.507" /><testcase classname="tests.test_iter38_streak_reminders.TestStreakPreferences" name="test_get_pref_unauthenticated_401" time="0.105" /><testcase classname="tests.test_iter38_streak_reminders.TestStreakPreferences" name="test_get_pref_non_provider_403" time="2.370" /><testcase classname="tests.test_iter38_streak_reminders.TestStreakPreferences" name="test_post_pref_toggle_on" time="0.100" /><testcase classname="tests.test_iter38_streak_reminders.TestStreakPreferences" name="test_post_pref_idempotent" time="0.308" /><testcase classname="tests.test_iter38_streak_reminders.TestStreakPreferences" name="test_post_pref_toggle_off_restores" time="0.095" /><testcase classname="tests.test_iter38_streak_reminders.TestStreakPreferences" name="test_post_pref_non_provider_403" time="0.043" /><testcase classname="tests.test_iter38_streak_reminders.TestAdminSendReminders" name="test_non_admin_403" time="0.060" /><testcase classname="tests.test_iter38_streak_reminders.TestAdminSendReminders" name="test_unauthenticated_401" time="0.137" /><testcase classname="tests.test_iter38_streak_reminders.TestAdminSendReminders" name="test_admin_scan_returns_expected_shape" time="2.668" /><testcase classname="tests.test_iter38_streak_reminders.TestAdminSendReminders" name="test_at_risk_user_gets_queued" time="0.055" /><testcase classname="tests.test_iter38_streak_reminders.TestAdminSendReminders" name="test_sms_and_email_queue_rows_created" time="0.001" /><testcase classname="tests.test_iter38_streak_reminders.TestAdminSendReminders" name="test_idempotency_second_call_skips" time="0.112" /><testcase classname="tests.test_iter38_streak_reminders.TestAdminSendReminders" name="test_opt_out_user_is_skipped" time="0.054" /><testcase classname="tests.test_iter38_streak_reminders.TestAdminSendReminders" name="test_low_streak_skipped" time="0.055" /><testcase classname="tests.test_iter38_streak_reminders.TestNotificationsMerge" name="test_notifications_endpoint_surfaces_streak_category" time="0.058" /><testcase classname="tests.test_iter38_streak_reminders.TestDemoSeedIntact" name="test_demo_provider_streak_remains_alive" time="0.053" /></testsuite></testsuites>