<?xml version="1.0" encoding="utf-8"?><testsuites name="pytest tests"><testsuite name="pytest" errors="0" failures="0" skipped="1" tests="22" time="4.305" timestamp="2026-05-28T05:08:07.947011+00:00" hostname="agent-env-b59795ab-853f-4af8-b8ef-3768293bef7d"><testcase classname="backend.tests.test_iter69_section_67_70_review.TestSprintA" name="test_inviter_me_endpoint" time="0.567" /><testcase classname="backend.tests.test_iter69_section_67_70_review.TestSprintA" name="test_send_thanks_idempotent" time="0.221" /><testcase classname="backend.tests.test_iter69_section_67_70_review.TestSprintA" name="test_dismiss_banner" time="0.131" /><testcase classname="backend.tests.test_iter69_section_67_70_review.TestSprintA" name="test_inviter_endpoint_for_non_referee" time="0.444" /><testcase classname="backend.tests.test_iter69_section_67_70_review.TestSection67" name="test_categories_has_catering_y_eventos" time="0.122" /><testcase classname="backend.tests.test_iter69_section_67_70_review.TestSection67" name="test_public_ecard_endpoint" time="0.108" /><testcase classname="backend.tests.test_iter69_section_67_70_review.TestSection68" name="test_plans_endpoint_has_four_tiers" time="0.104" /><testcase classname="backend.tests.test_iter69_section_67_70_review.TestSection68" name="test_notification_mark_read_idempotent" time="0.456"><skipped type="pytest.skip" message="no notifications to test mark-read">/app/backend/tests/test_iter69_section_67_70_review.py:160: no notifications to test mark-read</skipped></testcase><testcase classname="backend.tests.test_iter69_section_67_70_review.TestSection70Versions" name="test_versions_quota" time="0.102" /><testcase classname="backend.tests.test_iter69_section_67_70_review.TestSection70Versions" name="test_versions_full_lifecycle" time="0.697" /><testcase classname="backend.tests.test_iter69_section_67_70_review.TestStaticPagesAndAssets" name="test_manifest_lang_and_name" time="0.098" /><testcase classname="backend.tests.test_iter69_section_67_70_review.TestStaticPagesAndAssets" name="test_pwa_icons_served[icon-72.png]" time="0.105" /><testcase classname="backend.tests.test_iter69_section_67_70_review.TestStaticPagesAndAssets" name="test_pwa_icons_served[icon-96.png]" time="0.136" /><testcase classname="backend.tests.test_iter69_section_67_70_review.TestStaticPagesAndAssets" name="test_pwa_icons_served[icon-128.png]" time="0.107" /><testcase classname="backend.tests.test_iter69_section_67_70_review.TestStaticPagesAndAssets" name="test_pwa_icons_served[icon-144.png]" time="0.119" /><testcase classname="backend.tests.test_iter69_section_67_70_review.TestStaticPagesAndAssets" name="test_pwa_icons_served[icon-152.png]" time="0.107" /><testcase classname="backend.tests.test_iter69_section_67_70_review.TestStaticPagesAndAssets" name="test_pwa_icons_served[icon-192.png]" time="0.139" /><testcase classname="backend.tests.test_iter69_section_67_70_review.TestStaticPagesAndAssets" name="test_pwa_icons_served[icon-384.png]" time="0.101" /><testcase classname="backend.tests.test_iter69_section_67_70_review.TestStaticPagesAndAssets" name="test_pwa_icons_served[icon-512.png]" time="0.102" /><testcase classname="backend.tests.test_iter69_section_67_70_review.TestStaticPagesAndAssets" name="test_pwa_icons_served[apple-touch-icon.png]" time="0.105" /><testcase classname="backend.tests.test_iter69_section_67_70_review.TestStaticPagesAndAssets" name="test_pwa_icons_served[favicon.ico]" time="0.104" /><testcase classname="backend.tests.test_iter69_section_67_70_review.TestStaticPagesAndAssets" name="test_about_page_route_serves_html" time="0.103" /></testsuite></testsuites>