<?xml version="1.0" encoding="utf-8"?><testsuites name="pytest tests"><testsuite name="pytest" errors="0" failures="1" skipped="0" tests="31" time="13.015" timestamp="2026-05-21T00:07:26.660521+00:00" hostname="agent-env-b59795ab-853f-4af8-b8ef-3768293bef7d"><testcase classname="backend.tests.iteration5_test.TestHealth" name="test_plans_returns_4_tiers" time="0.296" /><testcase classname="backend.tests.iteration5_test.TestAuthRegression" name="test_admin_login" time="0.450" /><testcase classname="backend.tests.iteration5_test.TestAuthRegression" name="test_demo_provider_login" time="0.363" /><testcase classname="backend.tests.iteration5_test.TestAuthRegression" name="test_auth_me" time="0.702" /><testcase classname="backend.tests.iteration5_test.TestProvidersRegression" name="test_list_providers" time="0.240" /><testcase classname="backend.tests.iteration5_test.TestProvidersRegression" name="test_featured_providers" time="0.167" /><testcase classname="backend.tests.iteration5_test.TestProvidersRegression" name="test_by_slug_returns_demo" time="0.226" /><testcase classname="backend.tests.iteration5_test.TestProvidersRegression" name="test_latino_owned_filter_true" time="0.392" /><testcase classname="backend.tests.iteration5_test.TestProvidersRegression" name="test_latino_owned_filter_false_returns_all" time="0.280" /><testcase classname="backend.tests.iteration5_test.TestLikes" name="test_like_provider_increments_count" time="1.640" /><testcase classname="backend.tests.iteration5_test.TestLikes" name="test_like_requires_auth" time="0.133" /><testcase classname="backend.tests.iteration5_test.TestPromoCodes" name="test_founding_status_public" time="0.157" /><testcase classname="backend.tests.iteration5_test.TestPromoCodes" name="test_apply_invalid_code" time="0.532" /><testcase classname="backend.tests.iteration5_test.TestPromoCodes" name="test_apply_valid_GETMANO50_assigns_pro_plan" time="0.930" /><testcase classname="backend.tests.iteration5_test.TestPromoCodes" name="test_apply_requires_auth" time="0.105" /><testcase classname="backend.tests.iteration5_test.TestPlanTiers" name="test_change_plan_valid_tiers[free]" time="0.268" /><testcase classname="backend.tests.iteration5_test.TestPlanTiers" name="test_change_plan_valid_tiers[basic]" time="0.224" /><testcase classname="backend.tests.iteration5_test.TestPlanTiers" name="test_change_plan_valid_tiers[pro]" time="0.258" /><testcase classname="backend.tests.iteration5_test.TestPlanTiers" name="test_change_plan_valid_tiers[premium]" time="0.261" /><testcase classname="backend.tests.iteration5_test.TestPlanTiers" name="test_change_plan_invalid_tier_rejected" time="0.132" /><testcase classname="backend.tests.iteration5_test.TestPlanTiers" name="test_restore_pro_for_demo" time="0.127" /><testcase classname="backend.tests.iteration5_test.TestReviewsRegression" name="test_create_review" time="1.546" /><testcase classname="backend.tests.iteration5_test.TestServiceRequests" name="test_create_service_request" time="0.511" /><testcase classname="backend.tests.iteration5_test.TestMessages" name="test_send_message_to_provider" time="0.483"><failure message="AssertionError: send message failed: {&quot;detail&quot;:[{&quot;type&quot;:&quot;missing&quot;,&quot;loc&quot;:[&quot;body&quot;,&quot;body&quot;],&quot;msg&quot;:&quot;Field required&quot;,&quot;input&quot;:{&quot;provider_id&quot;:&quot;prov_10b9f21bf971&quot;,&quot;content&quot;:&quot;TEST_hello&quot;},&quot;url&quot;:&quot;https://errors.pydantic.dev/2.13/v/missing&quot;}]}&#10;assert 422 == 200&#10; +  where 422 = &lt;Response [422]&gt;.status_code">backend/tests/iteration5_test.py:290: in test_send_message_to_provider
    assert r.status_code == 200, f"send message failed: {r.text}"
E   AssertionError: send message failed: {"detail":[{"type":"missing","loc":["body","body"],"msg":"Field required","input":{"provider_id":"prov_10b9f21bf971","content":"TEST_hello"},"url":"https://errors.pydantic.dev/2.13/v/missing"}]}
E   assert 422 == 200
E    +  where 422 = &lt;Response [422]&gt;.status_code</failure></testcase><testcase classname="backend.tests.iteration5_test.TestUpload" name="test_upload_image" time="0.262" /><testcase classname="backend.tests.iteration5_test.TestFavorites" name="test_favorite_add_list_remove" time="0.741" /><testcase classname="backend.tests.iteration5_test.TestAdminRegression" name="test_admin_providers_list" time="0.953" /><testcase classname="backend.tests.iteration5_test.TestAdminRegression" name="test_admin_stats" time="0.111" /><testcase classname="backend.tests.iteration5_test.TestAdminRegression" name="test_admin_reviews" time="0.123" /><testcase classname="backend.tests.iteration5_test.TestAdminRegression" name="test_admin_audit_log" time="0.141" /><testcase classname="backend.tests.iteration5_test.TestAdminRegression" name="test_admin_endpoints_blocked_for_non_admin" time="0.131" /></testsuite></testsuites>