<?xml version="1.0" encoding="utf-8"?><testsuites name="pytest tests"><testsuite name="pytest" errors="0" failures="0" skipped="0" tests="7" time="22.772" timestamp="2026-05-26T17:53:18.383545+00:00" hostname="agent-env-b59795ab-853f-4af8-b8ef-3768293bef7d"><testcase classname="backend.tests.test_iter52_sections_49_53.TestBannerGenerator" name="test_banner_requires_auth" time="0.222" /><testcase classname="backend.tests.test_iter52_sections_49_53.TestBannerGenerator" name="test_banner_client_forbidden" time="0.396" /><testcase classname="backend.tests.test_iter52_sections_49_53.TestBannerGenerator" name="test_banner_invalid_style" time="0.398" /><testcase classname="backend.tests.test_iter52_sections_49_53.TestBannerGenerator" name="test_banner_generate_modern" time="19.926" /><testcase classname="backend.tests.test_iter52_sections_49_53.TestVerifiedReviews" name="test_review_unverified_no_prior_interaction" time="0.714" /><testcase classname="backend.tests.test_iter52_sections_49_53.TestVerifiedReviews" name="test_review_verified_via_service_request" time="0.816" /><testcase classname="backend.tests.test_iter52_sections_49_53.TestVerifiedReviews" name="test_by_slug_exposes_verified_fields" time="0.271" /></testsuite></testsuites>