<?xml version="1.0" encoding="utf-8"?><testsuites name="pytest tests"><testsuite name="pytest" errors="0" failures="0" skipped="0" tests="7" time="1.963" timestamp="2026-05-26T17:22:36.307297+00:00" hostname="agent-env-b59795ab-853f-4af8-b8ef-3768293bef7d"><testcase classname="backend.tests.test_iter51_section45_reports_against.TestReportsAgainstMe" name="test_against_me_requires_auth" time="0.183" /><testcase classname="backend.tests.test_iter51_section45_reports_against.TestReportsAgainstMe" name="test_against_me_provider_returns_envelope" time="0.398" /><testcase classname="backend.tests.test_iter51_section45_reports_against.TestReportsAgainstMe" name="test_against_me_reporter_identity_redacted" time="0.477" /><testcase classname="backend.tests.test_iter51_section45_reports_against.TestReportsAgainstMe" name="test_against_me_resolved_keeps_description" time="0.498" /><testcase classname="backend.tests.test_iter51_section45_reports_against.TestReportsMineRegression" name="test_mine_requires_auth" time="0.116" /><testcase classname="backend.tests.test_iter51_section45_reports_against.TestReportsMineRegression" name="test_mine_returns_caller_reports" time="0.051" /><testcase classname="backend.tests.test_iter51_section45_reports_against.TestRegressionPublic" name="test_sitemap_xml" time="0.211" /></testsuite></testsuites>