<?xml version="1.0" encoding="utf-8"?><testsuites name="pytest tests"><testsuite name="pytest" errors="0" failures="0" skipped="0" tests="15" time="2.328" timestamp="2026-05-27T09:30:22.015387+00:00" hostname="agent-env-b59795ab-853f-4af8-b8ef-3768293bef7d"><testcase classname="backend.tests.test_iter65_section65_follows.TestFollowEndpoint" name="test_self_follow_forbidden" time="0.947" /><testcase classname="backend.tests.test_iter65_section65_follows.TestFollowEndpoint" name="test_follow_requires_auth" time="0.110" /><testcase classname="backend.tests.test_iter65_section65_follows.TestFollowEndpoint" name="test_follow_success" time="0.070" /><testcase classname="backend.tests.test_iter65_section65_follows.TestFollowEndpoint" name="test_follow_idempotent" time="0.105" /><testcase classname="backend.tests.test_iter65_section65_follows.TestStateEndpoint" name="test_state_following_true" time="0.051" /><testcase classname="backend.tests.test_iter65_section65_follows.TestStateEndpoint" name="test_state_requires_auth" time="0.118" /><testcase classname="backend.tests.test_iter65_section65_follows.TestStatsEndpoint" name="test_stats_public_no_auth" time="0.105" /><testcase classname="backend.tests.test_iter65_section65_follows.TestStatsEndpoint" name="test_stats_unknown_user" time="0.119" /><testcase classname="backend.tests.test_iter65_section65_follows.TestFollowingList" name="test_my_following_shape" time="0.055" /><testcase classname="backend.tests.test_iter65_section65_follows.TestFollowersList" name="test_provider_sees_client_in_followers" time="0.058" /><testcase classname="backend.tests.test_iter65_section65_follows.TestNetwork" name="test_network_shape_provider" time="0.059" /><testcase classname="backend.tests.test_iter65_section65_follows.TestNetwork" name="test_network_for_client_no_category" time="0.052" /><testcase classname="backend.tests.test_iter65_section65_follows.TestUnfollow" name="test_unfollow_removes_and_decrements" time="0.220" /><testcase classname="backend.tests.test_iter65_section65_follows.TestUnfollow" name="test_unfollow_idempotent" time="0.051" /><testcase classname="backend.tests.test_iter65_section65_follows.TestUnfollow" name="test_state_after_unfollow" time="0.155" /></testsuite></testsuites>