<?xml version="1.0" encoding="utf-8"?><testsuites name="pytest tests"><testsuite name="pytest" errors="0" failures="0" skipped="0" tests="20" time="2.650" timestamp="2026-05-23T23:33:25.137485+00:00" hostname="agent-env-b59795ab-853f-4af8-b8ef-3768293bef7d"><testcase classname="backend.tests.test_iter45_exit_lead_capture.TestCapturePublic" name="test_capture_valid_payload" time="0.197" /><testcase classname="backend.tests.test_iter45_exit_lead_capture.TestCapturePublic" name="test_capture_invalid_phone_short" time="0.103" /><testcase classname="backend.tests.test_iter45_exit_lead_capture.TestCapturePublic" name="test_capture_phone_too_short_pydantic" time="0.103" /><testcase classname="backend.tests.test_iter45_exit_lead_capture.TestCapturePublic" name="test_capture_short_name_rejected" time="0.107" /><testcase classname="backend.tests.test_iter45_exit_lead_capture.TestCapturePublic" name="test_capture_duplicate_within_24h" time="0.208" /><testcase classname="backend.tests.test_iter45_exit_lead_capture.TestCapturePublic" name="test_capture_sms_en" time="0.111" /><testcase classname="backend.tests.test_iter45_exit_lead_capture.TestAdminLeadsList" name="test_admin_leads_requires_auth" time="0.108" /><testcase classname="backend.tests.test_iter45_exit_lead_capture.TestAdminLeadsList" name="test_admin_leads_ok" time="0.383" /><testcase classname="backend.tests.test_iter45_exit_lead_capture.TestAdminLeadsList" name="test_admin_leads_filter_status_pending" time="0.054" /><testcase classname="backend.tests.test_iter45_exit_lead_capture.TestAdminLeadsList" name="test_admin_leads_filter_channel_whatsapp" time="0.051" /><testcase classname="backend.tests.test_iter45_exit_lead_capture.TestAdminLeadsList" name="test_message_body_spanish_content" time="0.052" /><testcase classname="backend.tests.test_iter45_exit_lead_capture.TestAdminLeadsList" name="test_message_body_english_content" time="0.053" /><testcase classname="backend.tests.test_iter45_exit_lead_capture.TestAdminLeadsPatch" name="test_patch_requires_auth" time="0.098" /><testcase classname="backend.tests.test_iter45_exit_lead_capture.TestAdminLeadsPatch" name="test_patch_set_contacted" time="0.209" /><testcase classname="backend.tests.test_iter45_exit_lead_capture.TestAdminLeadsPatch" name="test_patch_set_converted" time="0.149" /><testcase classname="backend.tests.test_iter45_exit_lead_capture.TestAdminLeadsPatch" name="test_patch_nonexistent_returns_404" time="0.070" /><testcase classname="backend.tests.test_iter45_exit_lead_capture.TestAdminLeadsPatch" name="test_patch_empty_payload_returns_400" time="0.160" /><testcase classname="backend.tests.test_iter45_exit_lead_capture.TestEdgeCases" name="test_long_service_string" time="0.110" /><testcase classname="backend.tests.test_iter45_exit_lead_capture.TestEdgeCases" name="test_service_over_max_rejected" time="0.106" /><testcase classname="backend.tests.test_iter45_exit_lead_capture.TestEdgeCases" name="test_special_chars_in_name_and_city" time="0.167" /></testsuite></testsuites>