<?xml version="1.0" encoding="utf-8"?><testsuites name="pytest tests"><testsuite name="pytest" errors="0" failures="1" skipped="0" tests="23" time="15.201" timestamp="2026-05-21T04:44:42.669158+00:00" hostname="agent-env-b59795ab-853f-4af8-b8ef-3768293bef7d"><testcase classname="backend.tests.iteration10_sprint2_reports_seo_test.TestReportReasons" name="test_reasons_no_auth" time="0.242" /><testcase classname="backend.tests.iteration10_sprint2_reports_seo_test.TestCreateReport" name="test_create_report_provider_to_client" time="0.767" /><testcase classname="backend.tests.iteration10_sprint2_reports_seo_test.TestCreateReport" name="test_create_report_invalid_reason_for_role" time="0.045" /><testcase classname="backend.tests.iteration10_sprint2_reports_seo_test.TestCreateReport" name="test_create_report_no_auth" time="0.097" /><testcase classname="backend.tests.iteration10_sprint2_reports_seo_test.TestCreateReport" name="test_cannot_report_yourself" time="0.088" /><testcase classname="backend.tests.iteration10_sprint2_reports_seo_test.TestCreateReport" name="test_my_reports_lists_created" time="0.048" /><testcase classname="backend.tests.iteration10_sprint2_reports_seo_test.TestAdminReports" name="test_admin_list_requires_auth" time="0.105" /><testcase classname="backend.tests.iteration10_sprint2_reports_seo_test.TestAdminReports" name="test_provider_cannot_access_admin_list" time="0.268" /><testcase classname="backend.tests.iteration10_sprint2_reports_seo_test.TestAdminReports" name="test_admin_list_returns_stats" time="0.049" /><testcase classname="backend.tests.iteration10_sprint2_reports_seo_test.TestAdminReports" name="test_admin_list_filters" time="0.097" /><testcase classname="backend.tests.iteration10_sprint2_reports_seo_test.TestAdminReports" name="test_admin_dismiss_report" time="0.147" /><testcase classname="backend.tests.iteration10_sprint2_reports_seo_test.TestAdminReports" name="test_admin_warn_increments_warnings" time="0.154" /><testcase classname="backend.tests.iteration10_sprint2_reports_seo_test.TestAdminReports" name="test_admin_action_on_missing_report" time="0.051" /><testcase classname="backend.tests.iteration10_sprint2_reports_seo_test.TestSeoContent" name="test_seo_content_unknown_404" time="0.132" /><testcase classname="backend.tests.iteration10_sprint2_reports_seo_test.TestSeoContent" name="test_seo_content_generates_and_caches" time="11.682" /><testcase classname="backend.tests.iteration10_sprint2_reports_seo_test.TestRegression" name="test_seo_sectors" time="0.172"><failure message="AssertionError: assert False&#10; +  where False = isinstance({'sectors': [{'categories': [{'category_id': 'cat_77f9e66f26', 'color': '#3B82F6', 'icon': 'Sparkles', 'license_flag': 'green', ...}, {'category_id': 'cat_a1c207f957', 'color': '#6366F1', 'icon': 'GraduationCap', 'license_flag': 'green', ...}, {'category_id': 'cat_30eb1d9c7c', 'color': '#F97316', 'icon': 'UtensilsCrossed', 'license_flag': 'green', ...}, {'category_id': 'cat_bb16a5f34c', 'color': '#EAB308', 'icon': 'HardHat', 'license_flag': 'green', ...}, {'category_id': 'cat_ed0aea24f6', 'color': '#10B981', 'icon': 'Wrench', 'license_flag': 'green', ...}, {'category_id': 'cat_88f827f64c', 'color': '#EF4444', 'icon': 'Car', 'license_flag': 'green', ...}, ...], 'color': '#2F9D94', 'label': 'Hogar y mantenimiento', 'sector': 'hogar'}, {'categories': [{'category_id': 'cat_28b4706ce1', 'color': '#16A34A', 'icon': '#x1F6E0️', 'license_flag': 'green', ...}, {'category_id': 'cat_a3ff470898', 'color': '#16A34A', 'icon': '#x1F6E0️', 'license_flag': 'yellow', ...}, {'category_id': 'cat_9fbdb18f95', 'color': '#16A34A', 'icon': '#x1F6E0️', 'license_flag': 'green', ...}, {'category_id': 'cat_49ce9497ab', 'color': '#16A34A', 'icon': '#x1F6E0️', 'license_flag': 'green', ...}, {'category_id': 'cat_48571c4858', 'color':...icon': '#x1F6E0️', 'license_flag': 'green', ...}, {'category_id': 'cat_d09a3d7c71', 'color': '#EF4444', 'icon': '#x1F6E0️', 'license_flag': 'red', ...}, {'category_id': 'cat_e0d9af315c', 'color': '#EF4444', 'icon': '#x1F6E0️', 'license_flag': 'red', ...}, {'category_id': 'cat_804d759a6a', 'color': '#EF4444', 'icon': '#x1F6E0️', 'license_flag': 'red', ...}, {'category_id': 'cat_3d12885d94', 'color': '#EF4444', 'icon': '#x1F6E0️', 'license_flag': 'red', ...}, ...], 'color': '#EF4444', 'label': 'Salud y bienestar', 'sector': 'salud'}, {'categories': [{'category_id': 'cat_93f5094db2', 'color': '#EC4899', 'icon': '#x1F6E0️', 'license_flag': 'red', ...}, {'category_id': 'cat_a1fd79484b', 'color': '#EC4899', 'icon': '#x1F6E0️', 'license_flag': 'red', ...}, {'category_id': 'cat_38039d8164', 'color': '#EC4899', 'icon': '#x1F6E0️', 'license_flag': 'red', ...}, {'category_id': 'cat_473cc5a0b8', 'color': '#EC4899', 'icon': '#x1F6E0️', 'license_flag': 'yellow', ...}, {'category_id': 'cat_974b407d35', 'color': '#EC4899', 'icon': '#x1F6E0️', 'license_flag': 'yellow', ...}, {'category_id': 'cat_cf0d6d887c', 'color': '#EC4899', 'icon': '#x1F6E0️', 'license_flag': 'yellow', ...}, ...], 'color': '#EC4899', 'label': 'Belleza y estética', 'sector': 'belleza'}, ...]}, list)&#10; +    where {'sectors': [{'categories': [{'category_id': 'cat_77f9e66f26', 'color': '#3B82F6', 'icon': 'Sparkles', 'license_flag': 'green', ...}, {'category_id': 'cat_a1c207f957', 'color': '#6366F1', 'icon': 'GraduationCap', 'license_flag': 'green', ...}, {'category_id': 'cat_30eb1d9c7c', 'color': '#F97316', 'icon': 'UtensilsCrossed', 'license_flag': 'green', ...}, {'category_id': 'cat_bb16a5f34c', 'color': '#EAB308', 'icon': 'HardHat', 'license_flag': 'green', ...}, {'category_id': 'cat_ed0aea24f6', 'color': '#10B981', 'icon': 'Wrench', 'license_flag': 'green', ...}, {'category_id': 'cat_88f827f64c', 'color': '#EF4444', 'icon': 'Car', 'license_flag': 'green', ...}, ...], 'color': '#2F9D94', 'label': 'Hogar y mantenimiento', 'sector': 'hogar'}, {'categories': [{'category_id': 'cat_28b4706ce1', 'color': '#16A34A', 'icon': '#x1F6E0️', 'license_flag': 'green', ...}, {'category_id': 'cat_a3ff470898', 'color': '#16A34A', 'icon': '#x1F6E0️', 'license_flag': 'yellow', ...}, {'category_id': 'cat_9fbdb18f95', 'color': '#16A34A', 'icon': '#x1F6E0️', 'license_flag': 'green', ...}, {'category_id': 'cat_49ce9497ab', 'color': '#16A34A', 'icon': '#x1F6E0️', 'license_flag': 'green', ...}, {'category_id': 'cat_48571c4858', 'color':...icon': '#x1F6E0️', 'license_flag': 'green', ...}, {'category_id': 'cat_d09a3d7c71', 'color': '#EF4444', 'icon': '#x1F6E0️', 'license_flag': 'red', ...}, {'category_id': 'cat_e0d9af315c', 'color': '#EF4444', 'icon': '#x1F6E0️', 'license_flag': 'red', ...}, {'category_id': 'cat_804d759a6a', 'color': '#EF4444', 'icon': '#x1F6E0️', 'license_flag': 'red', ...}, {'category_id': 'cat_3d12885d94', 'color': '#EF4444', 'icon': '#x1F6E0️', 'license_flag': 'red', ...}, ...], 'color': '#EF4444', 'label': 'Salud y bienestar', 'sector': 'salud'}, {'categories': [{'category_id': 'cat_93f5094db2', 'color': '#EC4899', 'icon': '#x1F6E0️', 'license_flag': 'red', ...}, {'category_id': 'cat_a1fd79484b', 'color': '#EC4899', 'icon': '#x1F6E0️', 'license_flag': 'red', ...}, {'category_id': 'cat_38039d8164', 'color': '#EC4899', 'icon': '#x1F6E0️', 'license_flag': 'red', ...}, {'category_id': 'cat_473cc5a0b8', 'color': '#EC4899', 'icon': '#x1F6E0️', 'license_flag': 'yellow', ...}, {'category_id': 'cat_974b407d35', 'color': '#EC4899', 'icon': '#x1F6E0️', 'license_flag': 'yellow', ...}, {'category_id': 'cat_cf0d6d887c', 'color': '#EC4899', 'icon': '#x1F6E0️', 'license_flag': 'yellow', ...}, ...], 'color': '#EC4899', 'label': 'Belleza y estética', 'sector': 'belleza'}, ...]} = json()&#10; +      where json = &lt;Response [200]&gt;.json">backend/tests/iteration10_sprint2_reports_seo_test.py:221: in test_seo_sectors
    assert isinstance(r.json(), list)
E   AssertionError: assert False
E    +  where False = isinstance({'sectors': [{'categories': [{'category_id': 'cat_77f9e66f26', 'color': '#3B82F6', 'icon': 'Sparkles', 'license_flag': 'green', ...}, {'category_id': 'cat_a1c207f957', 'color': '#6366F1', 'icon': 'GraduationCap', 'license_flag': 'green', ...}, {'category_id': 'cat_30eb1d9c7c', 'color': '#F97316', 'icon': 'UtensilsCrossed', 'license_flag': 'green', ...}, {'category_id': 'cat_bb16a5f34c', 'color': '#EAB308', 'icon': 'HardHat', 'license_flag': 'green', ...}, {'category_id': 'cat_ed0aea24f6', 'color': '#10B981', 'icon': 'Wrench', 'license_flag': 'green', ...}, {'category_id': 'cat_88f827f64c', 'color': '#EF4444', 'icon': 'Car', 'license_flag': 'green', ...}, ...], 'color': '#2F9D94', 'label': 'Hogar y mantenimiento', 'sector': 'hogar'}, {'categories': [{'category_id': 'cat_28b4706ce1', 'color': '#16A34A', 'icon': '#x1F6E0️', 'license_flag': 'green', ...}, {'category_id': 'cat_a3ff470898', 'color': '#16A34A', 'icon': '#x1F6E0️', 'license_flag': 'yellow', ...}, {'category_id': 'cat_9fbdb18f95', 'color': '#16A34A', 'icon': '#x1F6E0️', 'license_flag': 'green', ...}, {'category_id': 'cat_49ce9497ab', 'color': '#16A34A', 'icon': '#x1F6E0️', 'license_flag': 'green', ...}, {'category_id': 'cat_48571c4858', 'color':...icon': '#x1F6E0️', 'license_flag': 'green', ...}, {'category_id': 'cat_d09a3d7c71', 'color': '#EF4444', 'icon': '#x1F6E0️', 'license_flag': 'red', ...}, {'category_id': 'cat_e0d9af315c', 'color': '#EF4444', 'icon': '#x1F6E0️', 'license_flag': 'red', ...}, {'category_id': 'cat_804d759a6a', 'color': '#EF4444', 'icon': '#x1F6E0️', 'license_flag': 'red', ...}, {'category_id': 'cat_3d12885d94', 'color': '#EF4444', 'icon': '#x1F6E0️', 'license_flag': 'red', ...}, ...], 'color': '#EF4444', 'label': 'Salud y bienestar', 'sector': 'salud'}, {'categories': [{'category_id': 'cat_93f5094db2', 'color': '#EC4899', 'icon': '#x1F6E0️', 'license_flag': 'red', ...}, {'category_id': 'cat_a1fd79484b', 'color': '#EC4899', 'icon': '#x1F6E0️', 'license_flag': 'red', ...}, {'category_id': 'cat_38039d8164', 'color': '#EC4899', 'icon': '#x1F6E0️', 'license_flag': 'red', ...}, {'category_id': 'cat_473cc5a0b8', 'color': '#EC4899', 'icon': '#x1F6E0️', 'license_flag': 'yellow', ...}, {'category_id': 'cat_974b407d35', 'color': '#EC4899', 'icon': '#x1F6E0️', 'license_flag': 'yellow', ...}, {'category_id': 'cat_cf0d6d887c', 'color': '#EC4899', 'icon': '#x1F6E0️', 'license_flag': 'yellow', ...}, ...], 'color': '#EC4899', 'label': 'Belleza y estética', 'sector': 'belleza'}, ...]}, list)
E    +    where {'sectors': [{'categories': [{'category_id': 'cat_77f9e66f26', 'color': '#3B82F6', 'icon': 'Sparkles', 'license_flag': 'green', ...}, {'category_id': 'cat_a1c207f957', 'color': '#6366F1', 'icon': 'GraduationCap', 'license_flag': 'green', ...}, {'category_id': 'cat_30eb1d9c7c', 'color': '#F97316', 'icon': 'UtensilsCrossed', 'license_flag': 'green', ...}, {'category_id': 'cat_bb16a5f34c', 'color': '#EAB308', 'icon': 'HardHat', 'license_flag': 'green', ...}, {'category_id': 'cat_ed0aea24f6', 'color': '#10B981', 'icon': 'Wrench', 'license_flag': 'green', ...}, {'category_id': 'cat_88f827f64c', 'color': '#EF4444', 'icon': 'Car', 'license_flag': 'green', ...}, ...], 'color': '#2F9D94', 'label': 'Hogar y mantenimiento', 'sector': 'hogar'}, {'categories': [{'category_id': 'cat_28b4706ce1', 'color': '#16A34A', 'icon': '#x1F6E0️', 'license_flag': 'green', ...}, {'category_id': 'cat_a3ff470898', 'color': '#16A34A', 'icon': '#x1F6E0️', 'license_flag': 'yellow', ...}, {'category_id': 'cat_9fbdb18f95', 'color': '#16A34A', 'icon': '#x1F6E0️', 'license_flag': 'green', ...}, {'category_id': 'cat_49ce9497ab', 'color': '#16A34A', 'icon': '#x1F6E0️', 'license_flag': 'green', ...}, {'category_id': 'cat_48571c4858', 'color':...icon': '#x1F6E0️', 'license_flag': 'green', ...}, {'category_id': 'cat_d09a3d7c71', 'color': '#EF4444', 'icon': '#x1F6E0️', 'license_flag': 'red', ...}, {'category_id': 'cat_e0d9af315c', 'color': '#EF4444', 'icon': '#x1F6E0️', 'license_flag': 'red', ...}, {'category_id': 'cat_804d759a6a', 'color': '#EF4444', 'icon': '#x1F6E0️', 'license_flag': 'red', ...}, {'category_id': 'cat_3d12885d94', 'color': '#EF4444', 'icon': '#x1F6E0️', 'license_flag': 'red', ...}, ...], 'color': '#EF4444', 'label': 'Salud y bienestar', 'sector': 'salud'}, {'categories': [{'category_id': 'cat_93f5094db2', 'color': '#EC4899', 'icon': '#x1F6E0️', 'license_flag': 'red', ...}, {'category_id': 'cat_a1fd79484b', 'color': '#EC4899', 'icon': '#x1F6E0️', 'license_flag': 'red', ...}, {'category_id': 'cat_38039d8164', 'color': '#EC4899', 'icon': '#x1F6E0️', 'license_flag': 'red', ...}, {'category_id': 'cat_473cc5a0b8', 'color': '#EC4899', 'icon': '#x1F6E0️', 'license_flag': 'yellow', ...}, {'category_id': 'cat_974b407d35', 'color': '#EC4899', 'icon': '#x1F6E0️', 'license_flag': 'yellow', ...}, {'category_id': 'cat_cf0d6d887c', 'color': '#EC4899', 'icon': '#x1F6E0️', 'license_flag': 'yellow', ...}, ...], 'color': '#EC4899', 'label': 'Belleza y estética', 'sector': 'belleza'}, ...]} = json()
E    +      where json = &lt;Response [200]&gt;.json</failure></testcase><testcase classname="backend.tests.iteration10_sprint2_reports_seo_test.TestRegression" name="test_seo_cities" time="0.136" /><testcase classname="backend.tests.iteration10_sprint2_reports_seo_test.TestRegression" name="test_providers_list" time="0.117" /><testcase classname="backend.tests.iteration10_sprint2_reports_seo_test.TestRegression" name="test_sitemap" time="0.169" /><testcase classname="backend.tests.iteration10_sprint2_reports_seo_test.TestRegression" name="test_categories" time="0.110" /><testcase classname="backend.tests.iteration10_sprint2_reports_seo_test.TestRegression" name="test_identity_counts" time="0.047" /><testcase classname="backend.tests.iteration10_sprint2_reports_seo_test.TestRegression" name="test_market_pulse" time="0.046" /><testcase classname="backend.tests.iteration10_sprint2_reports_seo_test.TestRegression" name="test_admin_login_ok" time="0.332" /></testsuite></testsuites>