<?xml version="1.0" encoding="utf-8"?><testsuites name="pytest tests"><testsuite name="pytest" errors="0" failures="0" skipped="0" tests="16" time="2.293" timestamp="2026-05-30T01:39:07.293140+00:00" hostname="agent-env-b59795ab-853f-4af8-b8ef-3768293bef7d"><testcase classname="backend.tests.test_iter98_v9_user_profile" name="test_provider_reels_by_slug_returns_array" time="0.220" /><testcase classname="backend.tests.test_iter98_v9_user_profile" name="test_provider_reels_unknown_slug_returns_empty" time="0.101" /><testcase classname="backend.tests.test_iter98_v9_user_profile" name="test_identidad_section_removed" time="0.000" /><testcase classname="backend.tests.test_iter98_v9_user_profile" name="test_offers_home_service_in_model" time="0.001" /><testcase classname="backend.tests.test_iter98_v9_user_profile" name="test_offers_home_service_toggle_in_dashboard" time="0.000" /><testcase classname="backend.tests.test_iter98_v9_user_profile" name="test_search_card_renders_home_service_badge" time="0.000" /><testcase classname="backend.tests.test_iter98_v9_user_profile" name="test_get_my_profile" time="0.391" /><testcase classname="backend.tests.test_iter98_v9_user_profile" name="test_update_my_profile" time="0.054" /><testcase classname="backend.tests.test_iter98_v9_user_profile" name="test_username_uniqueness" time="0.500" /><testcase classname="backend.tests.test_iter98_v9_user_profile" name="test_user_photos_lifecycle" time="0.154" /><testcase classname="backend.tests.test_iter98_v9_user_profile" name="test_public_profile_by_username" time="0.238" /><testcase classname="backend.tests.test_iter98_v9_user_profile" name="test_public_profile_private_user" time="0.440" /><testcase classname="backend.tests.test_iter98_v9_user_profile" name="test_public_profile_not_found" time="0.161" /><testcase classname="backend.tests.test_iter98_v9_user_profile" name="test_user_profile_page_v9_structure" time="0.001" /><testcase classname="backend.tests.test_iter98_v9_user_profile" name="test_public_user_profile_route_mounted" time="0.000" /><testcase classname="backend.tests.test_iter98_v9_user_profile" name="test_ecard_handles_reels_softly" time="0.004" /></testsuite></testsuites>