<?xml version="1.0" encoding="utf-8"?><testsuites name="pytest tests"><testsuite name="pytest" errors="0" failures="0" skipped="1" tests="20" time="2.984" timestamp="2026-05-22T04:54:07.574867+00:00" hostname="agent-env-b59795ab-853f-4af8-b8ef-3768293bef7d"><testcase classname="backend.tests.test_iter20_regression.TestRecommendationsAPI" name="test_anonymous_no_email_does_not_500" time="0.124" /><testcase classname="backend.tests.test_iter20_regression.TestRecommendationsAPI" name="test_two_anonymous_no_collision_partial_index" time="0.222" /><testcase classname="backend.tests.test_iter20_regression.TestRecommendationsAPI" name="test_email_dedupe_updates_in_place" time="0.201" /><testcase classname="backend.tests.test_iter20_regression.TestRecommendationsAPI" name="test_short_name_rejected" time="0.112" /><testcase classname="backend.tests.test_iter20_regression.TestRecommendationsAPI" name="test_unknown_provider_404" time="0.110" /><testcase classname="backend.tests.test_iter20_regression.TestRecommendationsAPI" name="test_list_recommendations_no_pii_leak" time="0.219" /><testcase classname="backend.tests.test_iter20_regression.TestRecommendationsAPI" name="test_by_token_returns_rec_and_provider_basic" time="0.202" /><testcase classname="backend.tests.test_iter20_regression.TestRecommendationsAPI" name="test_by_token_404" time="0.109" /><testcase classname="backend.tests.test_iter20_regression.TestRecommendationsAPI" name="test_top_recommended_excludes_test_and_sorts_desc" time="0.107" /><testcase classname="backend.tests.test_iter20_regression.TestQuizFunnel" name="test_admin_quiz_funnel_requires_auth" time="0.113" /><testcase classname="backend.tests.test_iter20_regression.TestQuizFunnel" name="test_quiz_event_track_anonymous" time="0.113" /><testcase classname="backend.tests.test_iter20_regression.TestQuizFunnel" name="test_quiz_lead_recover" time="0.098" /><testcase classname="backend.tests.test_iter20_regression.TestPhaseEBooking" name="test_provider_slots_public" time="0.107" /><testcase classname="backend.tests.test_iter20_regression.TestPhaseEBooking" name="test_create_appointment_anonymous" time="0.101"><skipped type="pytest.skip" message="No slots available for the demo provider">/app/backend/tests/test_iter20_regression.py:174: No slots available for the demo provider</skipped></testcase><testcase classname="backend.tests.test_iter20_regression.TestSection18" name="test_geocode_dallas_cached" time="0.101" /><testcase classname="backend.tests.test_iter20_regression.TestSection18" name="test_proximity_search_returns_distance" time="0.108" /><testcase classname="backend.tests.test_iter20_regression.TestSection18" name="test_card_scan_graceful_fallback" time="0.220" /><testcase classname="backend.tests.test_iter20_regression.TestPreLaunchRegression" name="test_public_providers_excludes_test" time="0.119" /><testcase classname="backend.tests.test_iter20_regression.TestPreLaunchRegression" name="test_plans_endpoint_or_static_pricing" time="0.295" /><testcase classname="backend.tests.test_iter20_regression.TestPreLaunchRegression" name="test_public_stats" time="0.114" /></testsuite></testsuites>