<?xml version="1.0" encoding="utf-8"?><testsuites name="pytest tests"><testsuite name="pytest" errors="0" failures="0" skipped="0" tests="11" time="1.440" timestamp="2026-05-22T19:18:17.203469+00:00" hostname="agent-env-b59795ab-853f-4af8-b8ef-3768293bef7d"><testcase classname="tests.test_iter29_subscriptions.TestPlansAnnual" name="test_plans_include_annual_pricing" time="0.569" /><testcase classname="tests.test_iter29_subscriptions.TestAuthGuard" name="test_get_subscription_anon_unauthorized" time="0.072" /><testcase classname="tests.test_iter29_subscriptions.TestAuthGuard" name="test_post_subscription_anon_unauthorized" time="0.075" /><testcase classname="tests.test_iter29_subscriptions.TestAuthGuard" name="test_cancel_anon_unauthorized" time="0.064" /><testcase classname="tests.test_iter29_subscriptions.TestAuthGuard" name="test_reactivate_anon_unauthorized" time="0.065" /><testcase classname="tests.test_iter29_subscriptions.TestSubscriptionLifecycle" name="test_subscribe_pro_annual" time="0.076" /><testcase classname="tests.test_iter29_subscriptions.TestSubscriptionLifecycle" name="test_get_subscription_returns_active_pro" time="0.065" /><testcase classname="tests.test_iter29_subscriptions.TestSubscriptionLifecycle" name="test_cancel_with_reason" time="0.091" /><testcase classname="tests.test_iter29_subscriptions.TestSubscriptionLifecycle" name="test_cancel_email_dev_fallback_logged" time="0.004" /><testcase classname="tests.test_iter29_subscriptions.TestSubscriptionLifecycle" name="test_reactivate_returns_active" time="0.075" /><testcase classname="tests.test_iter29_subscriptions.TestCancelEdgeCases" name="test_cancel_when_free_returns_400" time="0.200" /></testsuite></testsuites>