<?xml version="1.0" encoding="utf-8"?><testsuites name="pytest tests"><testsuite name="pytest" errors="0" failures="0" skipped="0" tests="15" time="1.641" timestamp="2026-05-26T23:39:07.089275+00:00" hostname="agent-env-b59795ab-853f-4af8-b8ef-3768293bef7d"><testcase classname="backend.tests.test_iter60_saved_ecards_refactor" name="test_00_cleanup_existing" time="0.426" /><testcase classname="backend.tests.test_iter60_saved_ecards_refactor" name="test_01_upsert_bookmark" time="0.054" /><testcase classname="backend.tests.test_iter60_saved_ecards_refactor" name="test_02_get_state_after_save" time="0.053" /><testcase classname="backend.tests.test_iter60_saved_ecards_refactor" name="test_03_upsert_change_to_like" time="0.052" /><testcase classname="backend.tests.test_iter60_saved_ecards_refactor" name="test_04_update_note_only" time="0.114" /><testcase classname="backend.tests.test_iter60_saved_ecards_refactor" name="test_05_list_me_all" time="0.054" /><testcase classname="backend.tests.test_iter60_saved_ecards_refactor" name="test_06_list_me_filter_like" time="0.052" /><testcase classname="backend.tests.test_iter60_saved_ecards_refactor" name="test_07_list_me_filter_bookmark_excludes_like" time="0.055" /><testcase classname="backend.tests.test_iter60_saved_ecards_refactor" name="test_08_delete" time="0.137" /><testcase classname="backend.tests.test_iter60_saved_ecards_refactor" name="test_09_save_invalid_provider_404" time="0.059" /><testcase classname="backend.tests.test_iter60_saved_ecards_refactor" name="test_10_update_note_404_when_not_saved" time="0.059" /><testcase classname="backend.tests.test_iter60_saved_ecards_refactor" name="test_11_unauthed_blocked" time="0.132" /><testcase classname="backend.tests.test_iter60_saved_ecards_refactor" name="test_12_categories_listing" time="0.128" /><testcase classname="backend.tests.test_iter60_saved_ecards_refactor" name="test_13_search_providers" time="0.105" /><testcase classname="backend.tests.test_iter60_saved_ecards_refactor" name="test_14_stories_feed_loads" time="0.119" /></testsuite></testsuites>