<?xml version="1.0" encoding="utf-8"?><testsuites name="pytest tests"><testsuite name="pytest" errors="0" failures="0" skipped="0" tests="44" time="4.523" timestamp="2026-05-30T02:05:47.573956+00:00" hostname="agent-env-b59795ab-853f-4af8-b8ef-3768293bef7d"><testcase classname="backend.tests.test_iter98_v9_user_profile" name="test_provider_reels_by_slug_returns_array" time="0.169" /><testcase classname="backend.tests.test_iter98_v9_user_profile" name="test_provider_reels_unknown_slug_returns_empty" time="0.119" /><testcase classname="backend.tests.test_iter98_v9_user_profile" name="test_identidad_section_removed" time="0.000" /><testcase classname="backend.tests.test_iter98_v9_user_profile" name="test_offers_home_service_in_model" time="0.001" /><testcase classname="backend.tests.test_iter98_v9_user_profile" name="test_offers_home_service_toggle_in_dashboard" time="0.000" /><testcase classname="backend.tests.test_iter98_v9_user_profile" name="test_search_card_renders_home_service_badge" time="0.000" /><testcase classname="backend.tests.test_iter98_v9_user_profile" name="test_get_my_profile" time="0.380" /><testcase classname="backend.tests.test_iter98_v9_user_profile" name="test_update_my_profile" time="0.053" /><testcase classname="backend.tests.test_iter98_v9_user_profile" name="test_username_uniqueness" time="0.484" /><testcase classname="backend.tests.test_iter98_v9_user_profile" name="test_user_photos_lifecycle" time="0.156" /><testcase classname="backend.tests.test_iter98_v9_user_profile" name="test_public_profile_by_username" time="0.225" /><testcase classname="backend.tests.test_iter98_v9_user_profile" name="test_public_profile_private_user" time="0.370" /><testcase classname="backend.tests.test_iter98_v9_user_profile" name="test_public_profile_not_found" time="0.110" /><testcase classname="backend.tests.test_iter98_v9_user_profile" name="test_user_profile_page_v9_structure" time="0.000" /><testcase classname="backend.tests.test_iter98_v9_user_profile" name="test_public_user_profile_route_mounted" time="0.000" /><testcase classname="backend.tests.test_iter98_v9_user_profile" name="test_ecard_handles_reels_softly" time="0.000" /><testcase classname="backend.tests.test_iter99_v9_e2e" name="test_avatar_upload_returns_url" time="0.097" /><testcase classname="backend.tests.test_iter99_v9_e2e" name="test_edit_profile_username_bio_instagram" time="0.049" /><testcase classname="backend.tests.test_iter99_v9_e2e" name="test_edit_profile_username_conflict_returns_409" time="0.099" /><testcase classname="backend.tests.test_iter99_v9_e2e" name="test_photo_upload_then_delete" time="0.097" /><testcase classname="backend.tests.test_iter99_v9_e2e" name="test_public_private_toggle" time="0.102" /><testcase classname="backend.tests.test_iter99_v9_e2e" name="test_public_profile_logged_out_view" time="0.205" /><testcase classname="backend.tests.test_iter99_v9_e2e" name="test_provider_home_service_toggle" time="0.284" /><testcase classname="backend.tests.test_iter99_v9_e2e" name="test_ecard_reels_endpoint_for_demo_slug" time="0.125" /><testcase classname="backend.tests.test_iter99_v9_e2e" name="test_search_endpoint_smoke" time="0.130" /><testcase classname="backend.tests.test_iter99_v9_e2e" name="test_provider_ecard_by_slug_renders" time="0.104" /><testcase classname="backend.tests.test_iter99_v9_e2e" name="test_provider_login_works" time="0.324" /><testcase classname="backend.tests.test_iter100_v10_verify_badge" name="test_verify_badge_master_exists" time="0.000" /><testcase classname="backend.tests.test_iter100_v10_verify_badge" name="test_verify_badge_64_exists" time="0.000" /><testcase classname="backend.tests.test_iter100_v10_verify_badge" name="test_verify_badge_128_exists" time="0.000" /><testcase classname="backend.tests.test_iter100_v10_verify_badge" name="test_verify_badge_256_exists" time="0.000" /><testcase classname="backend.tests.test_iter100_v10_verify_badge" name="test_verified_badge_component_v10_props" time="0.000" /><testcase classname="backend.tests.test_iter100_v10_verify_badge" name="test_reels_uses_dark_bg_badge" time="0.000" /><testcase classname="backend.tests.test_iter100_v10_verify_badge" name="test_community_create_post_open_to_clients" time="0.102" /><testcase classname="backend.tests.test_iter100_v10_verify_badge" name="test_community_composer_not_gated_to_providers" time="0.000" /><testcase classname="backend.tests.test_iter100_v10_verify_badge" name="test_backend_root_responds" time="0.134" /><testcase classname="backend.tests.test_iter101_v10b_oauth_scaffolding" name="test_oauth_config_returns_envelope" time="0.103" /><testcase classname="backend.tests.test_iter101_v10b_oauth_scaffolding" name="test_apple_session_503_without_keys_or_validates_token" time="0.102" /><testcase classname="backend.tests.test_iter101_v10b_oauth_scaffolding" name="test_apple_session_rejects_missing_id_token" time="0.117" /><testcase classname="backend.tests.test_iter101_v10b_oauth_scaffolding" name="test_facebook_session_503_without_keys_or_validates_token" time="0.117" /><testcase classname="backend.tests.test_iter101_v10b_oauth_scaffolding" name="test_facebook_session_rejects_missing_access_token" time="0.109" /><testcase classname="backend.tests.test_iter101_v10b_oauth_scaffolding" name="test_social_auth_buttons_component_exists" time="0.000" /><testcase classname="backend.tests.test_iter101_v10b_oauth_scaffolding" name="test_login_page_uses_social_auth_buttons" time="0.000" /><testcase classname="backend.tests.test_iter101_v10b_oauth_scaffolding" name="test_register_page_uses_social_auth_buttons" time="0.002" /></testsuite></testsuites>