<?xml version="1.0" encoding="utf-8"?><testsuites name="pytest tests"><testsuite name="pytest" errors="0" failures="0" skipped="0" tests="5" time="0.753" timestamp="2026-05-26T18:56:38.160697+00:00" hostname="agent-env-b59795ab-853f-4af8-b8ef-3768293bef7d"><testcase classname="backend.tests.test_banner_of_the_week.TestBannerOfTheWeek" name="test_endpoint_reachable_no_auth" time="0.175" /><testcase classname="backend.tests.test_banner_of_the_week.TestBannerOfTheWeek" name="test_returns_json" time="0.121" /><testcase classname="backend.tests.test_banner_of_the_week.TestBannerOfTheWeek" name="test_returns_marias_pinned_festive_banner" time="0.192" /><testcase classname="backend.tests.test_banner_of_the_week.TestBannerOfTheWeek" name="test_no_mongodb_object_id_in_response" time="0.141" /><testcase classname="backend.tests.test_banner_of_the_week.TestBannerOfTheWeek" name="test_response_has_required_marketing_fields" time="0.101" /></testsuite></testsuites>