<?xml version="1.0" encoding="utf-8"?><testsuites name="pytest tests"><testsuite name="pytest" errors="0" failures="0" skipped="0" tests="20" time="4.907" timestamp="2026-05-26T18:36:58.187899+00:00" hostname="agent-env-b59795ab-853f-4af8-b8ef-3768293bef7d"><testcase classname="backend.tests.test_iter54_banner_marketplace.TestBannerPublishAuth" name="test_publish_requires_auth" time="0.271" /><testcase classname="backend.tests.test_iter54_banner_marketplace.TestBannerPublishAuth" name="test_client_cannot_publish" time="0.394" /><testcase classname="backend.tests.test_iter54_banner_marketplace.TestBannerPublic" name="test_list_public_default_sort_popular" time="0.118" /><testcase classname="backend.tests.test_iter54_banner_marketplace.TestBannerPublic" name="test_list_sort_recent" time="0.105" /><testcase classname="backend.tests.test_iter54_banner_marketplace.TestBannerPublic" name="test_filter_by_style" time="0.122" /><testcase classname="backend.tests.test_iter54_banner_marketplace.TestBannerPublic" name="test_pagination_limit_capped_at_60" time="0.120" /><testcase classname="backend.tests.test_iter54_banner_marketplace.TestBannerPublic" name="test_pagination_offset_skips" time="0.217" /><testcase classname="backend.tests.test_iter54_banner_marketplace.TestBannerMe" name="test_provider_me_lists_own" time="0.386" /><testcase classname="backend.tests.test_iter54_banner_marketplace.TestBannerMe" name="test_client_me_returns_empty_or_403" time="0.049" /><testcase classname="backend.tests.test_iter54_banner_marketplace.TestBannerLike" name="test_like_state_anon_unauthorized" time="0.227" /><testcase classname="backend.tests.test_iter54_banner_marketplace.TestBannerLike" name="test_provider_cannot_like_own_banner" time="0.185" /><testcase classname="backend.tests.test_iter54_banner_marketplace.TestBannerLike" name="test_client_like_toggle" time="0.311" /><testcase classname="backend.tests.test_iter54_banner_marketplace.TestBannerLike" name="test_like_nonexistent_banner_404" time="0.054" /><testcase classname="backend.tests.test_iter54_banner_marketplace.TestBannerView" name="test_view_no_auth_ok" time="0.225" /><testcase classname="backend.tests.test_iter54_banner_marketplace.TestBannerView" name="test_view_nonexistent_silently_ok" time="0.107" /><testcase classname="backend.tests.test_iter54_banner_marketplace.TestBannerDelete" name="test_client_cannot_delete_others_banner" time="0.159" /><testcase classname="backend.tests.test_iter54_banner_marketplace.TestBannerDelete" name="test_admin_can_delete_then_recreate" time="1.087" /><testcase classname="backend.tests.test_iter54_banner_marketplace.TestBannerDelete" name="test_delete_nonexistent_returns_404" time="0.056" /><testcase classname="backend.tests.test_iter54_banner_marketplace.TestBannerPublishCap" name="test_publish_at_cap_rotates_oldest_non_pinned" time="0.152" /><testcase classname="backend.tests.test_iter54_banner_marketplace.TestBannerPublishCap" name="test_invalid_style_rejected" time="0.507" /></testsuite></testsuites>