<?xml version="1.0" encoding="utf-8"?><testsuites name="pytest tests"><testsuite name="pytest" errors="0" failures="0" skipped="0" tests="25" time="2.097" timestamp="2026-05-29T22:30:35.071542+00:00" hostname="agent-env-b59795ab-853f-4af8-b8ef-3768293bef7d"><testcase classname="backend.tests.test_iter83_section74_75" name="test_public_search_excludes_non_approved" time="0.137" /><testcase classname="backend.tests.test_iter83_section74_75" name="test_public_identity_counts_excludes_non_approved" time="0.252" /><testcase classname="backend.tests.test_iter83_section74_75" name="test_public_map_excludes_non_approved" time="0.234" /><testcase classname="backend.tests.test_iter83_section74_75" name="test_founders_status_is_100_and_dated" time="0.108" /><testcase classname="backend.tests.test_iter83_section74_75" name="test_referral_summary_is_plan_aware" time="0.498" /><testcase classname="backend.tests.test_iter86_stories_mobile" name="test_stories_viewer_uses_dynamic_viewport" time="0.000" /><testcase classname="backend.tests.test_iter86_stories_mobile" name="test_stories_image_fills_the_frame_on_mobile" time="0.000" /><testcase classname="backend.tests.test_iter86_stories_mobile" name="test_stories_header_respects_safe_area_top" time="0.000" /><testcase classname="backend.tests.test_iter86_stories_mobile" name="test_stories_creator_is_bottom_sheet_on_mobile" time="0.000" /><testcase classname="backend.tests.test_iter86_stories_mobile" name="test_only_one_bottomnav_mounted" time="0.000" /><testcase classname="backend.tests.test_iter87_register_cityscape" name="test_register_route_renders_real_register_component" time="0.000" /><testcase classname="backend.tests.test_iter87_register_cityscape" name="test_register_component_has_create_form" time="0.000" /><testcase classname="backend.tests.test_iter87_register_cityscape" name="test_cityscape_backdrop_is_mounted_on_entry_screens" time="0.000" /><testcase classname="backend.tests.test_iter87_register_cityscape" name="test_cityscape_buildings_have_solid_background_color" time="0.000" /><testcase classname="backend.tests.test_iter87_register_cityscape" name="test_register_layout_caps_overflow_on_mobile" time="0.000" /><testcase classname="backend.tests.test_iter88_v3_social_first" name="test_provider_status_shape_client" time="0.430" /><testcase classname="backend.tests.test_iter88_v3_social_first" name="test_provider_status_shape_verified" time="0.055" /><testcase classname="backend.tests.test_iter88_v3_social_first" name="test_activate_provider_is_idempotent" time="0.125" /><testcase classname="backend.tests.test_iter88_v3_social_first" name="test_preferences_patch" time="0.161" /><testcase classname="backend.tests.test_iter88_v3_social_first" name="test_referral_summary_flat_5" time="0.054" /><testcase classname="backend.tests.test_iter88_v3_social_first" name="test_register_has_no_role_picker" time="0.001" /><testcase classname="backend.tests.test_iter88_v3_social_first" name="test_onboarding_login_has_no_role_picker" time="0.001" /><testcase classname="backend.tests.test_iter88_v3_social_first" name="test_account_route_points_to_user_profile" time="0.000" /><testcase classname="backend.tests.test_iter88_v3_social_first" name="test_plans_has_two_cards_only" time="0.001" /><testcase classname="backend.tests.test_iter88_v3_social_first" name="test_user_profile_has_activation_card" time="0.002" /></testsuite></testsuites>