<?xml version="1.0" encoding="utf-8"?><testsuites name="pytest tests"><testsuite name="pytest" errors="0" failures="0" skipped="0" tests="4" time="0.551" timestamp="2026-05-21T05:43:38.562420+00:00" hostname="agent-env-b59795ab-853f-4af8-b8ef-3768293bef7d"><testcase classname="backend.tests.iteration14_video_filter_test" name="test_providers_no_filter_includes_demo_with_video" time="0.227" /><testcase classname="backend.tests.iteration14_video_filter_test" name="test_providers_has_video_true_returns_only_with_video" time="0.050" /><testcase classname="backend.tests.iteration14_video_filter_test" name="test_providers_has_video_false_ignores_filter" time="0.105" /><testcase classname="backend.tests.iteration14_video_filter_test" name="test_has_video_true_subset_of_all" time="0.101" /></testsuite></testsuites>