<?xml version="1.0" encoding="utf-8"?><testsuites name="pytest tests"><testsuite name="pytest" errors="0" failures="0" skipped="0" tests="10" time="1.857" timestamp="2026-05-24T00:23:11.149367+00:00" hostname="agent-env-b59795ab-853f-4af8-b8ef-3768293bef7d"><testcase classname="backend.tests.test_iter48_google_cloud_status.TestGoogleCloudStatusAuth" name="test_anon_returns_401" time="0.204" /><testcase classname="backend.tests.test_iter48_google_cloud_status.TestGoogleCloudStatusAuth" name="test_provider_returns_403" time="0.394" /><testcase classname="backend.tests.test_iter48_google_cloud_status.TestGoogleCloudStatusAuth" name="test_admin_returns_200" time="0.525" /><testcase classname="backend.tests.test_iter48_google_cloud_status.TestGoogleCloudStatusShape" name="test_response_has_required_top_level_fields" time="0.115" /><testcase classname="backend.tests.test_iter48_google_cloud_status.TestGoogleCloudStatusShape" name="test_translation_block_has_enabled_flag" time="0.121" /><testcase classname="backend.tests.test_iter48_google_cloud_status.TestGoogleCloudStatusShape" name="test_vision_block_has_enabled_flag" time="0.118" /><testcase classname="backend.tests.test_iter48_google_cloud_status.TestTranslateGracefulDegradation" name="test_translate_returns_diagnostic_shape_when_api_invalid" time="0.083" /><testcase classname="backend.tests.test_iter48_google_cloud_status.TestTranslateGracefulDegradation" name="test_translate_same_language_is_noop" time="0.049" /><testcase classname="backend.tests.test_iter48_google_cloud_status.TestCardScanGracefulDegradation" name="test_card_scan_returns_diagnostic_shape" time="0.093" /><testcase classname="backend.tests.test_iter48_google_cloud_status.TestRealityProbe" name="test_admin_status_error_kind_matches_real_response" time="0.116" /></testsuite></testsuites>