<?xml version="1.0" encoding="utf-8"?><testsuites name="pytest tests"><testsuite name="pytest" errors="0" failures="0" skipped="0" tests="13" time="1.785" timestamp="2026-05-29T22:29:28.403979+00:00" hostname="agent-env-b59795ab-853f-4af8-b8ef-3768293bef7d"><testcase classname="backend.tests.test_iter89_v4_social" name="test_search_returns_trust_signals" time="0.126" /><testcase classname="backend.tests.test_iter89_v4_social" name="test_by_slug_returns_trust_signals" time="0.109" /><testcase classname="backend.tests.test_iter89_v4_social" name="test_public_portfolio_endpoint_is_accessible" time="0.107" /><testcase classname="backend.tests.test_iter89_v4_social" name="test_portfolio_crud_as_provider" time="0.696" /><testcase classname="backend.tests.test_iter89_v4_social" name="test_list_gremios_public" time="0.105" /><testcase classname="backend.tests.test_iter89_v4_social" name="test_gremio_lifecycle" time="0.515" /><testcase classname="backend.tests.test_iter89_v4_social" name="test_anonymous_cannot_post_in_gremio" time="0.104" /><testcase classname="backend.tests.test_iter89_v4_social" name="test_routes_mounted" time="0.000" /><testcase classname="backend.tests.test_iter89_v4_social" name="test_pages_exist" time="0.000" /><testcase classname="backend.tests.test_iter89_v4_social" name="test_search_result_renders_trust_tile" time="0.000" /><testcase classname="backend.tests.test_iter89_v4_social" name="test_stories_carousel_open_to_all_with_view_profile_cta" time="0.000" /><testcase classname="backend.tests.test_iter89_v4_social" name="test_portfolio_and_trustscore_mounted_in_ecard" time="0.000" /><testcase classname="backend.tests.test_iter89_v4_social" name="test_portfolio_and_trustscore_mounted_in_dashboard" time="0.001" /></testsuite></testsuites>