<?xml version="1.0" encoding="utf-8"?><testsuites name="pytest tests"><testsuite name="pytest" errors="0" failures="0" skipped="0" tests="21" time="3.778" timestamp="2026-05-29T22:30:26.118336+00:00" hostname="agent-env-b59795ab-853f-4af8-b8ef-3768293bef7d"><testcase classname="backend.tests.test_iter90_v4_social_extras" name="test_demo_provider_has_meaningful_trust_signals" time="0.161" /><testcase classname="backend.tests.test_iter90_v4_social_extras" name="test_providers_list_has_at_least_one_verified_with_signals" time="0.134" /><testcase classname="backend.tests.test_iter90_v4_social_extras" name="test_gremios_endpoint_returns_array" time="0.110" /><testcase classname="backend.tests.test_iter90_v4_social_extras" name="test_anonymous_cannot_join_gremio" time="0.104" /><testcase classname="backend.tests.test_iter90_v4_social_extras" name="test_anonymous_cannot_like_gremio_post" time="0.114" /><testcase classname="backend.tests.test_iter90_v4_social_extras" name="test_anonymous_can_read_gremio_posts_public" time="0.143" /><testcase classname="backend.tests.test_iter90_v4_social_extras" name="test_gremio_post_hydration_exposes_verified_and_gm_code" time="0.532" /><testcase classname="backend.tests.test_iter90_v4_social_extras" name="test_portfolio_12_item_hard_cap" time="1.297" /><testcase classname="backend.tests.test_iter89_v4_social" name="test_search_returns_trust_signals" time="0.118" /><testcase classname="backend.tests.test_iter89_v4_social" name="test_by_slug_returns_trust_signals" time="0.105" /><testcase classname="backend.tests.test_iter89_v4_social" name="test_public_portfolio_endpoint_is_accessible" time="0.119" /><testcase classname="backend.tests.test_iter89_v4_social" name="test_portfolio_crud_as_provider" time="0.199" /><testcase classname="backend.tests.test_iter89_v4_social" name="test_list_gremios_public" time="0.103" /><testcase classname="backend.tests.test_iter89_v4_social" name="test_gremio_lifecycle" time="0.378" /><testcase classname="backend.tests.test_iter89_v4_social" name="test_anonymous_cannot_post_in_gremio" time="0.111" /><testcase classname="backend.tests.test_iter89_v4_social" name="test_routes_mounted" time="0.000" /><testcase classname="backend.tests.test_iter89_v4_social" name="test_pages_exist" time="0.000" /><testcase classname="backend.tests.test_iter89_v4_social" name="test_search_result_renders_trust_tile" time="0.000" /><testcase classname="backend.tests.test_iter89_v4_social" name="test_stories_carousel_open_to_all_with_view_profile_cta" time="0.000" /><testcase classname="backend.tests.test_iter89_v4_social" name="test_portfolio_and_trustscore_mounted_in_ecard" time="0.000" /><testcase classname="backend.tests.test_iter89_v4_social" name="test_portfolio_and_trustscore_mounted_in_dashboard" time="0.001" /></testsuite></testsuites>