<?xml version="1.0" encoding="utf-8"?><testsuites name="pytest tests"><testsuite name="pytest" errors="0" failures="0" skipped="0" tests="15" time="9.723" timestamp="2026-05-23T05:02:26.216749+00:00" hostname="agent-env-b59795ab-853f-4af8-b8ef-3768293bef7d"><testcase classname="backend.tests.test_iter32_section30_gigs" name="test_list_gigs_returns_array_with_applicant_count" time="1.742" /><testcase classname="backend.tests.test_iter32_section30_gigs" name="test_client_can_create_gig" time="0.583" /><testcase classname="backend.tests.test_iter32_section30_gigs" name="test_created_gig_visible_in_list" time="0.098" /><testcase classname="backend.tests.test_iter32_section30_gigs" name="test_create_gig_rejects_short_title" time="0.250" /><testcase classname="backend.tests.test_iter32_section30_gigs" name="test_create_gig_rejects_short_description" time="0.252" /><testcase classname="backend.tests.test_iter32_section30_gigs" name="test_anonymous_cannot_post_gig" time="0.096" /><testcase classname="backend.tests.test_iter32_section30_gigs" name="test_provider_can_apply_and_duplicate_rejected" time="0.729" /><testcase classname="backend.tests.test_iter32_section30_gigs" name="test_provider_apply_short_message_rejected" time="0.250" /><testcase classname="backend.tests.test_iter32_section30_gigs" name="test_client_cannot_apply_to_gig" time="0.464" /><testcase classname="backend.tests.test_iter32_section30_gigs" name="test_owner_cannot_apply_to_own_gig" time="0.251" /><testcase classname="backend.tests.test_iter32_section30_gigs" name="test_applicant_count_increments" time="1.958" /><testcase classname="backend.tests.test_iter32_section30_gigs" name="test_non_owner_cannot_close" time="0.745" /><testcase classname="backend.tests.test_iter32_section30_gigs" name="test_owner_can_close_gig_and_removed_from_default_list" time="0.792" /><testcase classname="backend.tests.test_iter32_section30_gigs" name="test_apply_to_closed_gig_rejected" time="0.509" /><testcase classname="backend.tests.test_iter32_section30_gigs" name="test_filter_by_category" time="0.102" /></testsuite></testsuites>