<?xml version="1.0" encoding="utf-8"?><testsuites name="pytest tests"><testsuite name="pytest" errors="0" failures="0" skipped="0" tests="11" time="1.566" timestamp="2026-05-22T02:41:14.463699+00:00" hostname="agent-env-b59795ab-853f-4af8-b8ef-3768293bef7d"><testcase classname="backend.tests.test_prelaunch_bugs" name="test_bug02_plans_endpoint_returns_correct_prices" time="0.284" /><testcase classname="backend.tests.test_prelaunch_bugs" name="test_bug02_ceo_metrics_uses_correct_prices" time="0.401" /><testcase classname="backend.tests.test_prelaunch_bugs" name="test_bug04_public_search_excludes_test_providers" time="0.111" /><testcase classname="backend.tests.test_prelaunch_bugs" name="test_bug04_admin_still_sees_test_providers" time="0.060" /><testcase classname="backend.tests.test_prelaunch_bugs" name="test_bug04_featured_excludes_test" time="0.096" /><testcase classname="backend.tests.test_prelaunch_bugs" name="test_bug04_founding_status_excludes_test" time="0.113" /><testcase classname="backend.tests.test_prelaunch_bugs" name="test_bug05_public_stats_returns_label_key" time="0.116" /><testcase classname="backend.tests.test_prelaunch_bugs" name="test_bug06_founding_counter_consistency" time="0.130" /><testcase classname="backend.tests.test_prelaunch_bugs" name="test_bug09_admin_cities_seeded" time="0.053" /><testcase classname="backend.tests.test_prelaunch_bugs" name="test_bug09_admin_audit_log_works" time="0.079" /><testcase classname="backend.tests.test_prelaunch_bugs" name="test_bug09_admin_pricing_intelligence_endpoint" time="0.064" /></testsuite></testsuites>