<?xml version="1.0" encoding="utf-8"?><testsuites name="pytest tests"><testsuite name="pytest" errors="0" failures="0" skipped="0" tests="14" time="5.210" timestamp="2026-05-23T06:19:20.239927+00:00" hostname="agent-env-b59795ab-853f-4af8-b8ef-3768293bef7d"><testcase classname="backend.tests.test_iter37_streaks.TestMyStreak" name="test_unauthenticated_returns_401" time="0.208" /><testcase classname="backend.tests.test_iter37_streaks.TestMyStreak" name="test_non_provider_returns_404" time="2.371" /><testcase classname="backend.tests.test_iter37_streaks.TestMyStreak" name="test_demo_provider_returns_seeded_streak" time="0.392" /><testcase classname="backend.tests.test_iter37_streaks.TestMyStreak" name="test_no_mongo_id_leak" time="0.049" /><testcase classname="backend.tests.test_iter37_streaks.TestMyStreak" name="test_idempotency_multiple_calls" time="0.750" /><testcase classname="backend.tests.test_iter37_streaks.TestMyStreak" name="test_next_milestone_logic" time="0.050" /><testcase classname="backend.tests.test_iter37_streaks.TestPublicStreak" name="test_demo_provider_public_streak" time="0.160" /><testcase classname="backend.tests.test_iter37_streaks.TestPublicStreak" name="test_public_endpoint_does_not_leak_private_fields" time="0.105" /><testcase classname="backend.tests.test_iter37_streaks.TestPublicStreak" name="test_unknown_provider_returns_404" time="0.099" /><testcase classname="backend.tests.test_iter37_streaks.TestPublicStreak" name="test_no_mongo_id_leak" time="0.100" /><testcase classname="backend.tests.test_iter37_streaks.TestPublicStreak" name="test_public_idempotency" time="0.580" /><testcase classname="backend.tests.test_iter37_streaks.TestStreakBadge" name="test_demo_provider_has_streak_badge" time="0.114" /><testcase classname="backend.tests.test_iter37_streaks.TestBestDaysMonotonicity" name="test_best_days_never_decreases_across_calls" time="0.098" /><testcase classname="backend.tests.test_iter37_streaks.TestBestDaysMonotonicity" name="test_best_at_least_equals_current_for_alive_streak" time="0.050" /></testsuite></testsuites>