<?xml version="1.0" encoding="utf-8"?><testsuites name="pytest tests"><testsuite name="pytest" errors="0" failures="0" skipped="0" tests="14" time="7.470" timestamp="2026-05-21T05:30:39.819967+00:00" hostname="agent-env-b59795ab-853f-4af8-b8ef-3768293bef7d"><testcase classname="backend.tests.iteration13_sprint_b_categories_video_test.TestPhotoCategories" name="test_public_list_no_auth" time="0.909" /><testcase classname="backend.tests.iteration13_sprint_b_categories_video_test.TestGalleryItemCategory" name="test_post_with_valid_category" time="0.433" /><testcase classname="backend.tests.iteration13_sprint_b_categories_video_test.TestGalleryItemCategory" name="test_post_with_invalid_category_422" time="0.352" /><testcase classname="backend.tests.iteration13_sprint_b_categories_video_test.TestGalleryItemCategory" name="test_post_without_category_ok" time="0.384" /><testcase classname="backend.tests.iteration13_sprint_b_categories_video_test.TestGalleryCategoryUpdate" name="test_set_then_unset" time="0.471" /><testcase classname="backend.tests.iteration13_sprint_b_categories_video_test.TestGalleryCategoryUpdate" name="test_404_on_unknown_id" time="0.322" /><testcase classname="backend.tests.iteration13_sprint_b_categories_video_test.TestGalleryCategoryUpdate" name="test_invalid_category_value_422" time="0.334" /><testcase classname="backend.tests.iteration13_sprint_b_categories_video_test.TestProviderVideo" name="test_free_plan_403" time="0.387" /><testcase classname="backend.tests.iteration13_sprint_b_categories_video_test.TestProviderVideo" name="test_pro_plan_upload_ok" time="0.555" /><testcase classname="backend.tests.iteration13_sprint_b_categories_video_test.TestProviderVideo" name="test_rejects_non_video_content_type" time="0.379" /><testcase classname="backend.tests.iteration13_sprint_b_categories_video_test.TestProviderVideo" name="test_accepts_mov_and_avi" time="0.850" /><testcase classname="backend.tests.iteration13_sprint_b_categories_video_test.TestProviderVideo" name="test_replaces_existing_video" time="0.699" /><testcase classname="backend.tests.iteration13_sprint_b_categories_video_test.TestProviderVideo" name="test_delete_video_unsets_fields" time="0.633" /><testcase classname="backend.tests.iteration13_sprint_b_categories_video_test.TestBySlugVideo" name="test_by_slug_includes_video_url_when_set" time="0.681" /></testsuite></testsuites>