<?xml version="1.0" encoding="utf-8"?><testsuites name="pytest tests"><testsuite name="pytest" errors="0" failures="0" skipped="0" tests="25" time="2.863" timestamp="2026-06-04T02:50:56.642660+00:00" hostname="agent-env-b59795ab-853f-4af8-b8ef-3768293bef7d"><testcase classname="tests.test_iter118_v18_share_pause" name="test_self_reshare_no_longer_rejected" time="0.670" /><testcase classname="tests.test_iter118_v18_share_pause" name="test_reel_og_endpoint_returns_rich_meta_tags" time="0.127" /><testcase classname="tests.test_iter118_v18_share_pause" name="test_reel_og_endpoint_uses_thumbnail_when_present" time="0.119" /><testcase classname="tests.test_iter118_v18_share_pause" name="test_reel_og_endpoint_404_for_unknown_reel_returns_fallback_html" time="0.138" /><testcase classname="tests.test_iter118_v18_share_pause" name="test_share_modal_exposes_all_six_targets" time="0.000" /><testcase classname="tests.test_iter118_v18_share_pause" name="test_action_menu_re_added_share_external_button" time="0.000" /><testcase classname="tests.test_iter118_v18_share_pause" name="test_reels_page_pause_overlay_blur_and_giant_play" time="0.000" /><testcase classname="tests.test_iter119_v19_ui_fixes" name="test_comunidad_layout_renames_gremios_to_grupos" time="0.000" /><testcase classname="tests.test_iter119_v19_ui_fixes" name="test_gremios_page_uses_grupos_copy" time="0.000" /><testcase classname="tests.test_iter119_v19_ui_fixes" name="test_v8_ecosystem_table_uses_grupos" time="0.000" /><testcase classname="tests.test_iter119_v19_ui_fixes" name="test_comunidad_composer_avatar_has_on_error_fallback" time="0.000" /><testcase classname="tests.test_iter119_v19_ui_fixes" name="test_stories_carousel_uses_latest_story_image_as_thumbnail" time="0.000" /><testcase classname="tests.test_iter119_v19_ui_fixes" name="test_story_add_badge_keeps_circular_shape_on_mobile" time="0.000" /><testcase classname="tests.test_iter119_v19_ui_fixes" name="test_story_tile_images_have_on_error_fallback" time="0.000" /><testcase classname="tests.test_iter119_v19_ui_fixes" name="test_index_css_min_touch_target_has_opt_out" time="0.000" /><testcase classname="tests.test_iter120_v19_2_polish" name="test_reels_video_has_autoplay_attribute" time="0.000" /><testcase classname="tests.test_iter120_v19_2_polish" name="test_camera_recorder_supports_zoom" time="0.000" /><testcase classname="tests.test_iter120_v19_2_polish" name="test_camera_video_tag_keeps_autoplay" time="0.000" /><testcase classname="tests.test_iter120_v19_2_polish" name="test_bottom_nav_routes_client_to_profile" time="0.000" /><testcase classname="tests.test_iter120_v19_2_polish" name="test_user_profile_exposes_cover_uploader_and_complete_banner" time="0.000" /><testcase classname="tests.test_iter120_v19_2_polish" name="test_empleos_page_supports_post_query_param" time="0.000" /><testcase classname="tests.test_iter120_v19_2_polish" name="test_user_cover_endpoint_round_trip" time="0.840" /><testcase classname="tests.test_iter120_v19_2_polish" name="test_code_health_endpoint_returns_full_payload" time="0.467" /><testcase classname="tests.test_iter120_v19_2_polish" name="test_code_health_requires_admin" time="0.461" /><testcase classname="tests.test_iter120_v19_2_polish" name="test_admin_ceo_page_renders_code_health_section" time="0.000" /></testsuite></testsuites>