<?xml version="1.0" encoding="utf-8"?><testsuites name="pytest tests"><testsuite name="pytest" errors="0" failures="0" skipped="0" tests="38" time="4.505" timestamp="2026-05-23T22:54:28.466570+00:00" hostname="agent-env-b59795ab-853f-4af8-b8ef-3768293bef7d"><testcase classname="tests.test_iter44_refactor_regression.TestSearchProviders" name="test_no_filters" time="0.169" /><testcase classname="tests.test_iter44_refactor_regression.TestSearchProviders" name="test_filter_category_cleaning" time="0.052" /><testcase classname="tests.test_iter44_refactor_regression.TestSearchProviders" name="test_text_query_english" time="0.054" /><testcase classname="tests.test_iter44_refactor_regression.TestSearchProviders" name="test_text_query_synonym_limpeza" time="0.052" /><testcase classname="tests.test_iter44_refactor_regression.TestSearchProviders" name="test_verified_and_language" time="0.051" /><testcase classname="tests.test_iter44_refactor_regression.TestSearchProviders" name="test_proximity_search" time="0.047" /><testcase classname="tests.test_iter44_refactor_regression.TestSearchProviders" name="test_has_video_filter" time="0.048" /><testcase classname="tests.test_iter44_refactor_regression.TestSearchProviders" name="test_owner_identity_latino" time="0.052" /><testcase classname="tests.test_iter44_refactor_regression.TestSearchAutocomplete" name="test_autocomplete_clean" time="0.048" /><testcase classname="tests.test_iter44_refactor_regression.TestSearchAutocomplete" name="test_alternatives_unknown" time="0.048" /><testcase classname="tests.test_iter44_refactor_regression.TestGigsCRUD" name="test_list_gigs" time="0.052" /><testcase classname="tests.test_iter44_refactor_regression.TestGigsCRUD" name="test_list_gigs_filtered" time="0.049" /><testcase classname="tests.test_iter44_refactor_regression.TestGigsCRUD" name="test_get_gig_404" time="0.051" /><testcase classname="tests.test_iter44_refactor_regression.TestGigsCRUD" name="test_get_gig_detail_anonymises" time="0.401" /><testcase classname="tests.test_iter44_refactor_regression.TestGigsCRUD" name="test_create_gig_title_too_short" time="0.049" /><testcase classname="tests.test_iter44_refactor_regression.TestGigsCRUD" name="test_apply_rejects_client" time="0.047" /><testcase classname="tests.test_iter44_refactor_regression.TestGigsCRUD" name="test_apply_message_too_short" time="0.321" /><testcase classname="tests.test_iter44_refactor_regression.TestGigsCRUD" name="test_apply_provider_success" time="0.051" /><testcase classname="tests.test_iter44_refactor_regression.TestGigsCRUD" name="test_me_gigs" time="0.051" /><testcase classname="tests.test_iter44_refactor_regression.TestGigsCRUD" name="test_me_gig_applications" time="0.052" /><testcase classname="tests.test_iter44_refactor_regression.TestGigsCRUD" name="test_close_gig_owner_only" time="0.049" /><testcase classname="tests.test_iter44_refactor_regression.TestGigsCRUD" name="test_close_gig_owner_success" time="0.163" /><testcase classname="tests.test_iter44_refactor_regression.TestSEO" name="test_seo_cities" time="0.057" /><testcase classname="tests.test_iter44_refactor_regression.TestSEO" name="test_seo_sectors" time="0.098" /><testcase classname="tests.test_iter44_refactor_regression.TestSEO" name="test_seo_city_sallisaw" time="0.048" /><testcase classname="tests.test_iter44_refactor_regression.TestSEO" name="test_seo_city_404" time="0.047" /><testcase classname="tests.test_iter44_refactor_regression.TestSEO" name="test_seo_category_cleaning" time="0.058" /><testcase classname="tests.test_iter44_refactor_regression.TestSEO" name="test_seo_page_cleaning_sallisaw" time="0.058" /><testcase classname="tests.test_iter44_refactor_regression.TestSEO" name="test_seo_content_cleaning_sallisaw" time="0.061" /><testcase classname="tests.test_iter44_refactor_regression.TestSEO" name="test_sitemap_xml" time="0.064" /><testcase classname="tests.test_iter44_refactor_regression.TestSEO" name="test_robots_txt" time="0.050" /><testcase classname="tests.test_iter44_refactor_regression.TestAuthRefactor" name="test_login_and_me_bearer" time="0.109" /><testcase classname="tests.test_iter44_refactor_regression.TestAuthRefactor" name="test_me_no_token_401" time="0.110" /><testcase classname="tests.test_iter44_refactor_regression.TestAuthRefactor" name="test_me_invalid_token_401" time="0.109" /><testcase classname="tests.test_iter44_refactor_regression.TestAuthRefactor" name="test_me_via_cookie" time="0.386" /><testcase classname="tests.test_iter44_refactor_regression.TestPasswordReset" name="test_forgot_password_known_email" time="0.270" /><testcase classname="tests.test_iter44_refactor_regression.TestPasswordReset" name="test_forgot_password_unknown_email" time="0.450" /><testcase classname="tests.test_iter44_refactor_regression.TestPasswordReset" name="test_reset_password_invalid_token" time="0.492" /></testsuite></testsuites>