<?xml version="1.0" encoding="utf-8"?><testsuites name="pytest tests"><testsuite name="pytest" errors="0" failures="2" skipped="0" tests="8" time="2.572" timestamp="2026-05-29T22:30:06.265074+00:00" hostname="agent-env-b59795ab-853f-4af8-b8ef-3768293bef7d"><testcase classname="backend.tests.test_iter90_v4_social_extras" name="test_demo_provider_has_meaningful_trust_signals" time="0.155"><failure message="AssertionError: assert None is True&#10; +  where None = &lt;built-in method get of dict object at 0xfcc34643f580&gt;('verified')&#10; +    where &lt;built-in method get of dict object at 0xfcc34643f580&gt; = {'additional_categories': [], 'address': '123 Main St', 'availability': {'advance_days': 30, 'buffer_min': 15, 'is_active': True, 'slot_duration_min': 60, ...}, 'avg_rating': 5.0, ...}.get">backend/tests/test_iter90_v4_social_extras.py:30: in test_demo_provider_has_meaningful_trust_signals
    assert p.get("verified") is True
E   AssertionError: assert None is True
E    +  where None = &lt;built-in method get of dict object at 0xfcc34643f580&gt;('verified')
E    +    where &lt;built-in method get of dict object at 0xfcc34643f580&gt; = {'additional_categories': [], 'address': '123 Main St', 'availability': {'advance_days': 30, 'buffer_min': 15, 'is_active': True, 'slot_duration_min': 60, ...}, 'avg_rating': 5.0, ...}.get</failure></testcase><testcase classname="backend.tests.test_iter90_v4_social_extras" name="test_providers_list_has_at_least_one_verified_with_signals" time="0.121"><failure message="AssertionError: expected at least one verified provider on /providers&#10;assert 0 &gt;= 1&#10; +  where 0 = len([])">backend/tests/test_iter90_v4_social_extras.py:42: in test_providers_list_has_at_least_one_verified_with_signals
    assert len(verified) &gt;= 1, "expected at least one verified provider on /providers"
E   AssertionError: expected at least one verified provider on /providers
E   assert 0 &gt;= 1
E    +  where 0 = len([])</failure></testcase><testcase classname="backend.tests.test_iter90_v4_social_extras" name="test_gremios_endpoint_returns_array" time="0.110" /><testcase classname="backend.tests.test_iter90_v4_social_extras" name="test_anonymous_cannot_join_gremio" time="0.104" /><testcase classname="backend.tests.test_iter90_v4_social_extras" name="test_anonymous_cannot_like_gremio_post" time="0.102" /><testcase classname="backend.tests.test_iter90_v4_social_extras" name="test_anonymous_can_read_gremio_posts_public" time="0.135" /><testcase classname="backend.tests.test_iter90_v4_social_extras" name="test_gremio_post_hydration_exposes_verified_and_gm_code" time="0.537" /><testcase classname="backend.tests.test_iter90_v4_social_extras" name="test_portfolio_12_item_hard_cap" time="1.260" /></testsuite></testsuites>