<?xml version="1.0" encoding="utf-8"?><testsuites name="pytest tests"><testsuite name="pytest" errors="0" failures="0" skipped="0" tests="19" time="3.559" timestamp="2026-05-23T03:34:21.527862+00:00" hostname="agent-env-b59795ab-853f-4af8-b8ef-3768293bef7d"><testcase classname="backend.tests.test_iter31_section28" name="test_demo_login[admin@getamano.com-admin123-admin]" time="0.552" /><testcase classname="backend.tests.test_iter31_section28" name="test_demo_login[demo.provider@getamano.com-provider123-provider]" time="0.530" /><testcase classname="backend.tests.test_iter31_section28" name="test_demo_login[demo.client@getamano.com-client123-client]" time="0.541" /><testcase classname="backend.tests.test_iter31_section28" name="test_demo_client_email_verified_via_db" time="0.081" /><testcase classname="backend.tests.test_iter31_section28" name="test_manifest_json" time="0.103" /><testcase classname="backend.tests.test_iter31_section28" name="test_splash_asset[splash-iphone-se.png]" time="0.105" /><testcase classname="backend.tests.test_iter31_section28" name="test_splash_asset[splash-iphone-6-7-8.png]" time="0.112" /><testcase classname="backend.tests.test_iter31_section28" name="test_splash_asset[splash-iphone-xr-11.png]" time="0.102" /><testcase classname="backend.tests.test_iter31_section28" name="test_splash_asset[splash-iphone-x-xs-11pro.png]" time="0.128" /><testcase classname="backend.tests.test_iter31_section28" name="test_splash_asset[splash-iphone-12-13-14.png]" time="0.106" /><testcase classname="backend.tests.test_iter31_section28" name="test_splash_asset[splash-iphone-12pro-max.png]" time="0.122" /><testcase classname="backend.tests.test_iter31_section28" name="test_splash_asset[splash-iphone-14pro-max.png]" time="0.119" /><testcase classname="backend.tests.test_iter31_section28" name="test_splash_asset[splash-iphone-xs-max-11pro-max.png]" time="0.112" /><testcase classname="backend.tests.test_iter31_section28" name="test_splash_asset[splash-iphone-15-16.png]" time="0.116" /><testcase classname="backend.tests.test_iter31_section28" name="test_splash_asset[splash-iphone-17.png]" time="0.120" /><testcase classname="backend.tests.test_iter31_section28" name="test_splash_asset[splash-iphone-17-pro-max.png]" time="0.148" /><testcase classname="backend.tests.test_iter31_section28" name="test_splash_asset[splash-ipad-mini.png]" time="0.143" /><testcase classname="backend.tests.test_iter31_section28" name="test_splash_asset[splash-ipad-pro-11.png]" time="0.116" /><testcase classname="backend.tests.test_iter31_section28" name="test_splash_asset[splash-ipad-pro-12.png]" time="0.135" /></testsuite></testsuites>