<?xml version="1.0" encoding="utf-8"?><testsuites name="pytest tests"><testsuite name="pytest" errors="0" failures="0" skipped="0" tests="19" time="70.433" timestamp="2026-05-23T05:27:01.936166+00:00" hostname="agent-env-b59795ab-853f-4af8-b8ef-3768293bef7d"><testcase classname="backend.tests.test_iter33_gig_notifications" name="test_provider_receives_new_gig_notification" time="0.853" /><testcase classname="backend.tests.test_iter33_gig_notifications" name="test_fanout_is_idempotent" time="0.127" /><testcase classname="backend.tests.test_iter33_gig_notifications" name="test_poster_does_not_receive_own_gig_fanout" time="0.058" /><testcase classname="backend.tests.test_iter33_gig_notifications" name="test_owner_gets_applicant_notification" time="0.166" /><testcase classname="backend.tests.test_iter32_section30_gigs" name="test_list_gigs_returns_array_with_applicant_count" time="0.103" /><testcase classname="backend.tests.test_iter32_section30_gigs" name="test_client_can_create_gig" time="65.656" /><testcase classname="backend.tests.test_iter32_section30_gigs" name="test_created_gig_visible_in_list" time="0.137" /><testcase classname="backend.tests.test_iter32_section30_gigs" name="test_create_gig_rejects_short_title" time="0.255" /><testcase classname="backend.tests.test_iter32_section30_gigs" name="test_create_gig_rejects_short_description" time="0.252" /><testcase classname="backend.tests.test_iter32_section30_gigs" name="test_anonymous_cannot_post_gig" time="0.131" /><testcase classname="backend.tests.test_iter32_section30_gigs" name="test_provider_can_apply_and_duplicate_rejected" time="0.791" /><testcase classname="backend.tests.test_iter32_section30_gigs" name="test_provider_apply_short_message_rejected" time="0.245" /><testcase classname="backend.tests.test_iter32_section30_gigs" name="test_client_cannot_apply_to_gig" time="0.260" /><testcase classname="backend.tests.test_iter32_section30_gigs" name="test_owner_cannot_apply_to_own_gig" time="0.252" /><testcase classname="backend.tests.test_iter32_section30_gigs" name="test_applicant_count_increments" time="0.113" /><testcase classname="backend.tests.test_iter32_section30_gigs" name="test_non_owner_cannot_close" time="0.247" /><testcase classname="backend.tests.test_iter32_section30_gigs" name="test_owner_can_close_gig_and_removed_from_default_list" time="0.363" /><testcase classname="backend.tests.test_iter32_section30_gigs" name="test_apply_to_closed_gig_rejected" time="0.245" /><testcase classname="backend.tests.test_iter32_section30_gigs" name="test_filter_by_category" time="0.102" /></testsuite></testsuites>