<?xml version="1.0" encoding="utf-8"?><testsuites name="pytest tests"><testsuite name="pytest" errors="0" failures="0" skipped="0" tests="15" time="2.558" timestamp="2026-05-26T18:21:45.479842+00:00" hostname="agent-env-b59795ab-853f-4af8-b8ef-3768293bef7d"><testcase classname="backend.tests.test_iter53_sections_55_56.TestSavedECardsCRUD" name="test_put_bookmark_with_note" time="0.779" /><testcase classname="backend.tests.test_iter53_sections_55_56.TestSavedECardsCRUD" name="test_get_state_after_save" time="0.066" /><testcase classname="backend.tests.test_iter53_sections_55_56.TestSavedECardsCRUD" name="test_put_change_to_like" time="0.051" /><testcase classname="backend.tests.test_iter53_sections_55_56.TestSavedECardsCRUD" name="test_put_change_to_both" time="0.053" /><testcase classname="backend.tests.test_iter53_sections_55_56.TestSavedECardsCRUD" name="test_provider_counts_updated_after_both" time="0.106" /><testcase classname="backend.tests.test_iter53_sections_55_56.TestSavedECardsCRUD" name="test_list_me_all" time="0.053" /><testcase classname="backend.tests.test_iter53_sections_55_56.TestSavedECardsCRUD" name="test_list_me_bookmark_filter" time="0.052" /><testcase classname="backend.tests.test_iter53_sections_55_56.TestSavedECardsCRUD" name="test_list_me_like_filter" time="0.057" /><testcase classname="backend.tests.test_iter53_sections_55_56.TestSavedECardsCRUD" name="test_update_note_only" time="0.095" /><testcase classname="backend.tests.test_iter53_sections_55_56.TestSavedECardsCRUD" name="test_self_save_forbidden" time="0.400" /><testcase classname="backend.tests.test_iter53_sections_55_56.TestSavedECardsCRUD" name="test_delete_removes_entry_and_recomputes" time="0.255" /><testcase classname="backend.tests.test_iter53_sections_55_56.TestOGEndpoints" name="test_og_image_real_slug" time="0.108" /><testcase classname="backend.tests.test_iter53_sections_55_56.TestOGEndpoints" name="test_og_image_fallback_slug" time="0.125" /><testcase classname="backend.tests.test_iter53_sections_55_56.TestOGEndpoints" name="test_og_html_whatsapp_ua" time="0.118" /><testcase classname="backend.tests.test_iter53_sections_55_56.TestOGEndpoints" name="test_og_html_404_for_missing_slug" time="0.189" /></testsuite></testsuites>