<?xml version="1.0" encoding="utf-8"?><testsuites name="pytest tests"><testsuite name="pytest" errors="0" failures="0" skipped="0" tests="6" time="1.559" timestamp="2026-05-21T03:34:31.140549+00:00" hostname="agent-env-b59795ab-853f-4af8-b8ef-3768293bef7d"><testcase classname="backend.tests.iteration8_owner_identity_persist_test" name="test_put_providers_me_persists_owner_identity_american" time="0.643" /><testcase classname="backend.tests.iteration8_owner_identity_persist_test" name="test_put_providers_me_persists_owner_identity_latino" time="0.164" /><testcase classname="backend.tests.iteration8_owner_identity_persist_test" name="test_filter_owner_identity_latino_returns_providers" time="0.125" /><testcase classname="backend.tests.iteration8_owner_identity_persist_test" name="test_filter_owner_identity_american_returns_providers_after_toggle" time="0.275" /><testcase classname="backend.tests.iteration8_owner_identity_persist_test" name="test_providers_featured_ok" time="0.125" /><testcase classname="backend.tests.iteration8_owner_identity_persist_test" name="test_zz_restore_demo_provider_latino" time="0.159" /></testsuite></testsuites>