<?xml version="1.0" encoding="utf-8"?><testsuites name="pytest tests"><testsuite name="pytest" errors="0" failures="0" skipped="0" tests="38" time="5.571" timestamp="2026-05-29T23:31:07.626470+00:00" hostname="agent-env-b59795ab-853f-4af8-b8ef-3768293bef7d"><testcase classname="backend.tests.test_iter92_v4_story_tag_and_unify" name="test_client_story_requires_tag" time="0.548" /><testcase classname="backend.tests.test_iter92_v4_story_tag_and_unify" name="test_client_story_with_tag_creates_and_surfaces_tagged_provider" time="0.356" /><testcase classname="backend.tests.test_iter92_v4_story_tag_and_unify" name="test_provider_can_still_post_without_tag" time="0.445" /><testcase classname="backend.tests.test_iter92_v4_story_tag_and_unify" name="test_story_creator_has_tag_autocomplete" time="0.001" /><testcase classname="backend.tests.test_iter92_v4_story_tag_and_unify" name="test_feed_barrio_unified" time="0.000" /><testcase classname="backend.tests.test_iter93_v4_reels" name="test_list_reels_public" time="0.105" /><testcase classname="backend.tests.test_iter93_v4_reels" name="test_reel_create_requires_provider" time="0.055" /><testcase classname="backend.tests.test_iter93_v4_reels" name="test_reel_lifecycle" time="0.641" /><testcase classname="backend.tests.test_iter93_v4_reels" name="test_reel_anonymous_cannot_create" time="0.121" /><testcase classname="backend.tests.test_iter93_v4_reels" name="test_reels_route_mounted" time="0.000" /><testcase classname="backend.tests.test_iter93_v4_reels" name="test_reels_page_exists" time="0.000" /><testcase classname="backend.tests.test_iter93_v4_reels" name="test_reel_creator_exists" time="0.000" /><testcase classname="backend.tests.test_iter94_v4_featured_rotation" name="test_featured_admin_run_now" time="0.423" /><testcase classname="backend.tests.test_iter94_v4_featured_rotation" name="test_featured_admin_list" time="0.153" /><testcase classname="backend.tests.test_iter94_v4_featured_rotation" name="test_public_featured_endpoint_backward_compat" time="0.206" /><testcase classname="backend.tests.test_iter94_v4_featured_rotation" name="test_public_featured_respects_limit" time="0.120" /><testcase classname="backend.tests.test_iter94_v4_featured_rotation" name="test_legacy_featured_kept" time="0.106" /><testcase classname="backend.tests.test_iter94_v4_featured_rotation" name="test_featured_city_filter_falls_back" time="0.193" /><testcase classname="backend.tests.test_iter94_v4_featured_rotation" name="test_barrio_overlay_uses_featured_endpoint" time="0.001" /><testcase classname="backend.tests.test_iter95_v4_lead_pipeline" name="test_pipeline_endpoint_requires_auth" time="0.123" /><testcase classname="backend.tests.test_iter95_v4_lead_pipeline" name="test_pipeline_returns_buckets_and_counts" time="0.056" /><testcase classname="backend.tests.test_iter95_v4_lead_pipeline" name="test_status_transitions_through_pipeline" time="0.380" /><testcase classname="backend.tests.test_iter95_v4_lead_pipeline" name="test_legacy_statuses_accepted" time="0.161" /><testcase classname="backend.tests.test_iter95_v4_lead_pipeline" name="test_lead_pipeline_component_mounted_in_dashboard" time="0.001" /><testcase classname="backend.tests.test_iter95_v4_lead_pipeline" name="test_lead_pipeline_component_exists" time="0.001" /><testcase classname="backend.tests.test_iter89_v4_social" name="test_search_returns_trust_signals" time="0.117" /><testcase classname="backend.tests.test_iter89_v4_social" name="test_by_slug_returns_trust_signals" time="0.109" /><testcase classname="backend.tests.test_iter89_v4_social" name="test_public_portfolio_endpoint_is_accessible" time="0.140" /><testcase classname="backend.tests.test_iter89_v4_social" name="test_portfolio_crud_as_provider" time="0.239" /><testcase classname="backend.tests.test_iter89_v4_social" name="test_list_gremios_public" time="0.115" /><testcase classname="backend.tests.test_iter89_v4_social" name="test_gremio_lifecycle" time="0.414" /><testcase classname="backend.tests.test_iter89_v4_social" name="test_anonymous_cannot_post_in_gremio" time="0.173" /><testcase classname="backend.tests.test_iter89_v4_social" name="test_routes_mounted" time="0.000" /><testcase classname="backend.tests.test_iter89_v4_social" name="test_pages_exist" time="0.002" /><testcase classname="backend.tests.test_iter89_v4_social" name="test_search_result_renders_trust_tile" time="0.001" /><testcase classname="backend.tests.test_iter89_v4_social" name="test_stories_carousel_open_to_all_with_view_profile_cta" time="0.000" /><testcase classname="backend.tests.test_iter89_v4_social" name="test_portfolio_and_trustscore_mounted_in_ecard" time="0.001" /><testcase classname="backend.tests.test_iter89_v4_social" name="test_portfolio_and_trustscore_mounted_in_dashboard" time="0.003" /></testsuite></testsuites>