<?xml version="1.0" encoding="utf-8"?><testsuites name="pytest tests"><testsuite name="pytest" errors="0" failures="1" skipped="2" tests="11" time="8.773" timestamp="2026-05-22T07:31:16.897674+00:00" hostname="agent-env-b59795ab-853f-4af8-b8ef-3768293bef7d"><testcase classname="backend.tests.test_iter26_otp_ai_ratelimit.TestAIImproveDescription" name="test_requires_auth" time="0.200" /><testcase classname="backend.tests.test_iter26_otp_ai_ratelimit.TestAIImproveDescription" name="test_rejects_short_text" time="0.421" /><testcase classname="backend.tests.test_iter26_otp_ai_ratelimit.TestAIImproveDescription" name="test_improve_spanish" time="3.659" /><testcase classname="backend.tests.test_iter26_otp_ai_ratelimit.TestAIImproveDescription" name="test_improve_english" time="1.333" /><testcase classname="backend.tests.test_iter26_otp_ai_ratelimit.TestOTPFlow" name="test_send_otp_already_verified" time="0.129" /><testcase classname="backend.tests.test_iter26_otp_ai_ratelimit.TestOTPFlow" name="test_send_otp_new_user_register_then_otp" time="0.099"><failure message="AssertionError: register failed: 422 {&quot;detail&quot;:[{&quot;type&quot;:&quot;literal_error&quot;,&quot;loc&quot;:[&quot;body&quot;,&quot;role&quot;],&quot;msg&quot;:&quot;Input should be 'client', 'provider' or 'admin'&quot;,&quot;input&quot;:&quot;user&quot;,&quot;ctx&quot;:{&quot;expected&quot;:&quot;'client', 'provider' or 'admin'&quot;},&quot;url&quot;:&quot;https://errors.pydantic.dev/2.13/v/literal_error&quot;}]}&#10;assert 422 in (200, 201)&#10; +  where 422 = &lt;Response [422]&gt;.status_code">backend/tests/test_iter26_otp_ai_ratelimit.py:86: in test_send_otp_new_user_register_then_otp
    assert reg.status_code in (200, 201), f"register failed: {reg.status_code} {reg.text}"
E   AssertionError: register failed: 422 {"detail":[{"type":"literal_error","loc":["body","role"],"msg":"Input should be 'client', 'provider' or 'admin'","input":"user","ctx":{"expected":"'client', 'provider' or 'admin'"},"url":"https://errors.pydantic.dev/2.13/v/literal_error"}]}
E   assert 422 in (200, 201)
E    +  where 422 = &lt;Response [422]&gt;.status_code</failure></testcase><testcase classname="backend.tests.test_iter26_otp_ai_ratelimit.TestOTPFlow" name="test_verify_otp_wrong_code" time="0.000"><skipped type="pytest.skip" message="No new_user_email from previous test">/app/backend/tests/test_iter26_otp_ai_ratelimit.py:101: No new_user_email from previous test</skipped></testcase><testcase classname="backend.tests.test_iter26_otp_ai_ratelimit.TestOTPFlow" name="test_verify_otp_no_active_code" time="0.105" /><testcase classname="backend.tests.test_iter26_otp_ai_ratelimit.TestOTPFlow" name="test_verify_otp_correct_code" time="0.000"><skipped type="pytest.skip" message="No new_user_email">/app/backend/tests/test_iter26_otp_ai_ratelimit.py:117: No new_user_email</skipped></testcase><testcase classname="backend.tests.test_iter26_otp_ai_ratelimit.TestRateLimit" name="test_login_rate_limit" time="2.543" /><testcase classname="backend.tests.test_iter26_otp_ai_ratelimit.TestSitemap" name="test_sitemap_xml" time="0.175" /></testsuite></testsuites>