<?xml version="1.0" encoding="utf-8"?><testsuites name="pytest tests"><testsuite name="pytest" errors="0" failures="0" skipped="0" tests="23" time="3.670" timestamp="2026-05-21T04:52:15.483545+00:00" hostname="agent-env-b59795ab-853f-4af8-b8ef-3768293bef7d"><testcase classname="backend.tests.iteration10_sprint2_reports_seo_test.TestReportReasons" name="test_reasons_no_auth" time="0.238" /><testcase classname="backend.tests.iteration10_sprint2_reports_seo_test.TestCreateReport" name="test_create_report_provider_to_client" time="0.860" /><testcase classname="backend.tests.iteration10_sprint2_reports_seo_test.TestCreateReport" name="test_create_report_invalid_reason_for_role" time="0.047" /><testcase classname="backend.tests.iteration10_sprint2_reports_seo_test.TestCreateReport" name="test_create_report_no_auth" time="0.122" /><testcase classname="backend.tests.iteration10_sprint2_reports_seo_test.TestCreateReport" name="test_cannot_report_yourself" time="0.095" /><testcase classname="backend.tests.iteration10_sprint2_reports_seo_test.TestCreateReport" name="test_my_reports_lists_created" time="0.050" /><testcase classname="backend.tests.iteration10_sprint2_reports_seo_test.TestAdminReports" name="test_admin_list_requires_auth" time="0.108" /><testcase classname="backend.tests.iteration10_sprint2_reports_seo_test.TestAdminReports" name="test_provider_cannot_access_admin_list" time="0.050" /><testcase classname="backend.tests.iteration10_sprint2_reports_seo_test.TestAdminReports" name="test_admin_list_returns_stats" time="0.059" /><testcase classname="backend.tests.iteration10_sprint2_reports_seo_test.TestAdminReports" name="test_admin_list_filters" time="0.115" /><testcase classname="backend.tests.iteration10_sprint2_reports_seo_test.TestAdminReports" name="test_admin_dismiss_report" time="0.163" /><testcase classname="backend.tests.iteration10_sprint2_reports_seo_test.TestAdminReports" name="test_admin_warn_increments_warnings" time="0.173" /><testcase classname="backend.tests.iteration10_sprint2_reports_seo_test.TestAdminReports" name="test_admin_action_on_missing_report" time="0.069" /><testcase classname="backend.tests.iteration10_sprint2_reports_seo_test.TestSeoContent" name="test_seo_content_unknown_404" time="0.114" /><testcase classname="backend.tests.iteration10_sprint2_reports_seo_test.TestSeoContent" name="test_seo_content_generates_and_caches" time="0.213" /><testcase classname="backend.tests.iteration10_sprint2_reports_seo_test.TestRegression" name="test_seo_sectors" time="0.231" /><testcase classname="backend.tests.iteration10_sprint2_reports_seo_test.TestRegression" name="test_seo_cities" time="0.117" /><testcase classname="backend.tests.iteration10_sprint2_reports_seo_test.TestRegression" name="test_providers_list" time="0.113" /><testcase classname="backend.tests.iteration10_sprint2_reports_seo_test.TestRegression" name="test_sitemap" time="0.129" /><testcase classname="backend.tests.iteration10_sprint2_reports_seo_test.TestRegression" name="test_categories" time="0.107" /><testcase classname="backend.tests.iteration10_sprint2_reports_seo_test.TestRegression" name="test_identity_counts" time="0.050" /><testcase classname="backend.tests.iteration10_sprint2_reports_seo_test.TestRegression" name="test_market_pulse" time="0.047" /><testcase classname="backend.tests.iteration10_sprint2_reports_seo_test.TestRegression" name="test_admin_login_ok" time="0.327" /></testsuite></testsuites>