<?xml version="1.0" encoding="utf-8"?><testsuites name="pytest tests"><testsuite name="pytest" errors="0" failures="0" skipped="0" tests="16" time="35.172" timestamp="2026-05-27T08:20:59.204607+00:00" hostname="agent-env-b59795ab-853f-4af8-b8ef-3768293bef7d"><testcase classname="backend.tests.test_iter62_first_steps_logo_ai.TestGenerateLogo" name="test_unauthenticated_returns_401" time="0.182" /><testcase classname="backend.tests.test_iter62_first_steps_logo_ai.TestGenerateLogo" name="test_client_role_forbidden" time="0.393" /><testcase classname="backend.tests.test_iter62_first_steps_logo_ai.TestGenerateLogo" name="test_invalid_style_rejected" time="0.374" /><testcase classname="backend.tests.test_iter62_first_steps_logo_ai.TestGenerateLogo" name="test_provider_generates_logo" time="19.951" /><testcase classname="backend.tests.test_iter62_first_steps_logo_ai.TestSaveAiImage" name="test_unauthenticated_returns_401" time="0.137" /><testcase classname="backend.tests.test_iter62_first_steps_logo_ai.TestSaveAiImage" name="test_client_role_forbidden" time="0.058" /><testcase classname="backend.tests.test_iter62_first_steps_logo_ai.TestSaveAiImage" name="test_invalid_target_rejected" time="0.052" /><testcase classname="backend.tests.test_iter62_first_steps_logo_ai.TestSaveAiImage" name="test_invalid_base64_rejected" time="0.047" /><testcase classname="backend.tests.test_iter62_first_steps_logo_ai.TestSaveAiImage" name="test_save_logo_assigns_logo_url" time="0.390" /><testcase classname="backend.tests.test_iter62_first_steps_logo_ai.TestSaveAiImage" name="test_save_banner_assigns_banner_url" time="0.391" /><testcase classname="backend.tests.test_iter62_first_steps_logo_ai.TestRegressionExistingEndpoints" name="test_generate_banner_still_works" time="12.503" /><testcase classname="backend.tests.test_iter62_first_steps_logo_ai.TestRegressionExistingEndpoints" name="test_upload_multipart_works" time="0.232" /><testcase classname="backend.tests.test_iter62_first_steps_logo_ai.TestRegressionExistingEndpoints" name="test_put_providers_me_partial_logo_url_known_bug" time="0.044" /><testcase classname="backend.tests.test_iter62_first_steps_logo_ai.TestRegressionExistingEndpoints" name="test_put_providers_me_with_required_fields" time="0.102" /><testcase classname="backend.tests.test_iter62_first_steps_logo_ai.TestPreviousRegressions" name="test_services_slug_redirects_or_resolves" time="0.153" /><testcase classname="backend.tests.test_iter62_first_steps_logo_ai.TestPreviousRegressions" name="test_share_url_format_is_p_slug" time="0.118" /></testsuite></testsuites>