<?xml version="1.0" encoding="utf-8"?><testsuites name="pytest tests"><testsuite name="pytest" errors="0" failures="3" skipped="0" tests="28" time="7.273" timestamp="2026-05-20T06:50:22.890260+00:00" hostname="agent-env-b59795ab-853f-4af8-b8ef-3768293bef7d"><testcase classname="backend.tests.iteration4_test.TestServiceRequests" name="test_create_service_request" time="0.544" /><testcase classname="backend.tests.iteration4_test.TestServiceRequests" name="test_self_request_denied" time="0.003" /><testcase classname="backend.tests.iteration4_test.TestServiceRequests" name="test_unknown_provider_404" time="0.244" /><testcase classname="backend.tests.iteration4_test.TestServiceRequests" name="test_unauth_rejected" time="0.002" /><testcase classname="backend.tests.iteration4_test.TestServiceRequests" name="test_list_visible_to_client_and_provider" time="0.243" /><testcase classname="backend.tests.iteration4_test.TestServiceRequests" name="test_status_transition_provider_only" time="0.284" /><testcase classname="backend.tests.iteration4_test.TestServiceRequests" name="test_status_enum_validated" time="0.240" /><testcase classname="backend.tests.iteration4_test.TestAdminReviews" name="test_admin_list_reviews" time="0.235" /><testcase classname="backend.tests.iteration4_test.TestAdminReviews" name="test_non_admin_blocked" time="0.233" /><testcase classname="backend.tests.iteration4_test.TestAdminReviews" name="test_flag_and_filter_and_delete_recomputes_rating" time="0.263" /><testcase classname="backend.tests.iteration4_test.TestAdminCategories" name="test_create_category" time="0.007" /><testcase classname="backend.tests.iteration4_test.TestAdminCategories" name="test_duplicate_slug_rejected" time="0.010" /><testcase classname="backend.tests.iteration4_test.TestAdminCategories" name="test_update_category" time="0.010" /><testcase classname="backend.tests.iteration4_test.TestAdminCategories" name="test_delete_used_category_blocked" time="0.003" /><testcase classname="backend.tests.iteration4_test.TestAdminCities" name="test_admin_list" time="0.009" /><testcase classname="backend.tests.iteration4_test.TestAdminCities" name="test_non_admin_blocked" time="0.239" /><testcase classname="backend.tests.iteration4_test.TestAdminCities" name="test_public_cities_featured_only" time="0.015" /><testcase classname="backend.tests.iteration4_test.TestAdminAuditLog" name="test_audit_log_after_action" time="0.012" /><testcase classname="backend.tests.iteration4_test.TestAdminAuditLog" name="test_non_admin_blocked" time="0.239" /><testcase classname="backend.tests.iteration4_test.TestAdminProviderPatch" name="test_patch_updates_field_and_logs" time="0.009" /><testcase classname="backend.tests.iteration4_test.TestAdminProviderPatch" name="test_patch_404_unknown" time="0.003" /><testcase classname="backend.tests.iteration4_test.TestTwilioLogOnly" name="test_sms_log_on_new_message" time="0.855" /><testcase classname="backend.tests.iteration4_test.TestTwilioLogOnly" name="test_sms_log_on_message_reply" time="0.848"><failure message="AssertionError: sms_log message_reply not incremented (0-&gt;0)&#10;assert 0 &gt; 0">backend/tests/iteration4_test.py:374: in test_sms_log_on_message_reply
    assert after &gt; before, f"sms_log message_reply not incremented ({before}-&gt;{after})"
E   AssertionError: sms_log message_reply not incremented (0-&gt;0)
E   assert 0 &gt; 0</failure></testcase><testcase classname="backend.tests.iteration4_test.TestTwilioLogOnly" name="test_sms_log_on_quote" time="0.849" /><testcase classname="backend.tests.iteration4_test.TestTwilioLogOnly" name="test_sms_log_on_request_status" time="0.854"><failure message="assert 0 &gt; 0">backend/tests/iteration4_test.py:398: in test_sms_log_on_request_status
    assert after &gt; before
E   assert 0 &gt; 0</failure></testcase><testcase classname="backend.tests.iteration4_test.TestTwilioLogOnly" name="test_sms_log_on_verify" time="0.621" /><testcase classname="backend.tests.iteration4_test.TestTwilioLogOnly" name="test_sms_log_status_is_log_only" time="0.003" /><testcase classname="backend.tests.iteration4_test.TestUsersMeRegression" name="test_put_users_me_route_exists" time="0.231"><failure message="AssertionError: PUT /api/users/me missing — server.py:985 update_user has no @api_router.put decorator (got 404)&#10;assert 404 not in (404, 405)&#10; +  where 404 = &lt;Response [404]&gt;.status_code">backend/tests/iteration4_test.py:432: in test_put_users_me_route_exists
    assert r.status_code not in (404, 405), \
E   AssertionError: PUT /api/users/me missing — server.py:985 update_user has no @api_router.put decorator (got 404)
E   assert 404 not in (404, 405)
E    +  where 404 = &lt;Response [404]&gt;.status_code</failure></testcase></testsuite></testsuites>