<?xml version="1.0" encoding="utf-8"?><testsuites name="pytest tests"><testsuite name="pytest" errors="2" failures="0" skipped="0" tests="28" time="43.751" timestamp="2026-05-23T05:47:41.222125+00:00" hostname="agent-env-b59795ab-853f-4af8-b8ef-3768293bef7d"><testcase classname="backend.tests.test_iter32_section30_gigs" name="test_list_gigs_returns_array_with_applicant_count" time="0.124" /><testcase classname="backend.tests.test_iter32_section30_gigs" name="test_client_can_create_gig" time="0.599" /><testcase classname="backend.tests.test_iter32_section30_gigs" name="test_created_gig_visible_in_list" time="0.129" /><testcase classname="backend.tests.test_iter32_section30_gigs" name="test_create_gig_rejects_short_title" time="0.245" /><testcase classname="backend.tests.test_iter32_section30_gigs" name="test_create_gig_rejects_short_description" time="0.247" /><testcase classname="backend.tests.test_iter32_section30_gigs" name="test_anonymous_cannot_post_gig" time="0.115" /><testcase classname="backend.tests.test_iter32_section30_gigs" name="test_provider_can_apply_and_duplicate_rejected" time="0.729" /><testcase classname="backend.tests.test_iter32_section30_gigs" name="test_provider_apply_short_message_rejected" time="0.246" /><testcase classname="backend.tests.test_iter32_section30_gigs" name="test_client_cannot_apply_to_gig" time="0.254" /><testcase classname="backend.tests.test_iter32_section30_gigs" name="test_owner_cannot_apply_to_own_gig" time="0.250" /><testcase classname="backend.tests.test_iter32_section30_gigs" name="test_applicant_count_increments" time="0.147" /><testcase classname="backend.tests.test_iter32_section30_gigs" name="test_non_owner_cannot_close" time="0.246" /><testcase classname="backend.tests.test_iter32_section30_gigs" name="test_owner_can_close_gig_and_removed_from_default_list" time="0.371" /><testcase classname="backend.tests.test_iter32_section30_gigs" name="test_apply_to_closed_gig_rejected" time="0.247" /><testcase classname="backend.tests.test_iter32_section30_gigs" name="test_filter_by_category" time="0.113" /><testcase classname="backend.tests.test_iter33_gig_notifications" name="test_provider_receives_new_gig_notification" time="0.765" /><testcase classname="backend.tests.test_iter33_gig_notifications" name="test_fanout_is_idempotent" time="0.109" /><testcase classname="backend.tests.test_iter33_gig_notifications" name="test_poster_does_not_receive_own_gig_fanout" time="0.060" /><testcase classname="backend.tests.test_iter33_gig_notifications" name="test_owner_gets_applicant_notification" time="0.167" /><testcase classname="backend.tests.test_iter34_digest_and_ecard.TestWeeklyDigestEndpoint" name="test_forbids_admin" time="0.412" /><testcase classname="backend.tests.test_iter34_digest_and_ecard.TestWeeklyDigestEndpoint" name="test_forbids_client" time="0.377" /><testcase classname="backend.tests.test_iter34_digest_and_ecard.TestWeeklyDigestEndpoint" name="test_requires_auth" time="0.102" /><testcase classname="backend.tests.test_iter34_digest_and_ecard.TestWeeklyDigestEndpoint" name="test_provider_gets_digest_shape" time="36.206"><error message="failed on setup with &quot;AssertionError: login failed for demo.provider@getamano.com&quot;">E   AssertionError: login failed for demo.provider@getamano.com</error></testcase><testcase classname="backend.tests.test_iter34_digest_and_ecard.TestAdminSendWeeklyDigest" name="test_forbids_provider" time="0.000"><error message="failed on setup with &quot;AssertionError: login failed for demo.provider@getamano.com&quot;">E   AssertionError: login failed for demo.provider@getamano.com</error></testcase><testcase classname="backend.tests.test_iter34_digest_and_ecard.TestAdminSendWeeklyDigest" name="test_forbids_client" time="0.053" /><testcase classname="backend.tests.test_iter34_digest_and_ecard.TestAdminSendWeeklyDigest" name="test_admin_send_returns_results" time="0.067" /><testcase classname="backend.tests.test_iter34_digest_and_ecard.TestAdminSendWeeklyDigest" name="test_dev_fallback_log_emitted" time="1.063" /><testcase classname="backend.tests.test_iter34_digest_and_ecard.TestProviderLikeEndpoint" name="test_like_toggle_roundtrip" time="0.231" /></testsuite></testsuites>