<?xml version="1.0" encoding="utf-8"?><testsuites name="pytest tests"><testsuite name="pytest" errors="0" failures="0" skipped="0" tests="41" time="4.541" timestamp="2026-05-29T23:31:19.645718+00:00" hostname="agent-env-b59795ab-853f-4af8-b8ef-3768293bef7d"><testcase classname="backend.tests.test_iter83_section74_75" name="test_public_search_excludes_non_approved" time="0.127" /><testcase classname="backend.tests.test_iter83_section74_75" name="test_public_identity_counts_excludes_non_approved" time="0.240" /><testcase classname="backend.tests.test_iter83_section74_75" name="test_public_map_excludes_non_approved" time="0.222" /><testcase classname="backend.tests.test_iter83_section74_75" name="test_founders_status_is_100_and_dated" time="0.101" /><testcase classname="backend.tests.test_iter83_section74_75" name="test_referral_summary_is_plan_aware" time="0.380" /><testcase classname="backend.tests.test_iter86_stories_mobile" name="test_stories_viewer_uses_dynamic_viewport" time="0.000" /><testcase classname="backend.tests.test_iter86_stories_mobile" name="test_stories_image_fills_the_frame_on_mobile" time="0.000" /><testcase classname="backend.tests.test_iter86_stories_mobile" name="test_stories_header_respects_safe_area_top" time="0.000" /><testcase classname="backend.tests.test_iter86_stories_mobile" name="test_stories_creator_is_bottom_sheet_on_mobile" time="0.000" /><testcase classname="backend.tests.test_iter86_stories_mobile" name="test_only_one_bottomnav_mounted" time="0.000" /><testcase classname="backend.tests.test_iter87_register_cityscape" name="test_register_route_renders_real_register_component" time="0.000" /><testcase classname="backend.tests.test_iter87_register_cityscape" name="test_register_component_has_create_form" time="0.000" /><testcase classname="backend.tests.test_iter87_register_cityscape" name="test_cityscape_backdrop_is_mounted_on_entry_screens" time="0.001" /><testcase classname="backend.tests.test_iter87_register_cityscape" name="test_cityscape_buildings_have_solid_background_color" time="0.001" /><testcase classname="backend.tests.test_iter87_register_cityscape" name="test_register_layout_caps_overflow_on_mobile" time="0.000" /><testcase classname="backend.tests.test_iter88_v3_social_first" name="test_provider_status_shape_client" time="0.401" /><testcase classname="backend.tests.test_iter88_v3_social_first" name="test_provider_status_shape_verified" time="0.057" /><testcase classname="backend.tests.test_iter88_v3_social_first" name="test_activate_provider_is_idempotent" time="0.106" /><testcase classname="backend.tests.test_iter88_v3_social_first" name="test_preferences_patch" time="0.175" /><testcase classname="backend.tests.test_iter88_v3_social_first" name="test_referral_summary_flat_5" time="0.052" /><testcase classname="backend.tests.test_iter88_v3_social_first" name="test_register_has_no_role_picker" time="0.000" /><testcase classname="backend.tests.test_iter88_v3_social_first" name="test_onboarding_login_has_no_role_picker" time="0.000" /><testcase classname="backend.tests.test_iter88_v3_social_first" name="test_account_route_points_to_user_profile" time="0.000" /><testcase classname="backend.tests.test_iter88_v3_social_first" name="test_plans_has_two_cards_only" time="0.000" /><testcase classname="backend.tests.test_iter88_v3_social_first" name="test_user_profile_has_activation_card" time="0.000" /><testcase classname="backend.tests.test_iter90_v4_social_extras" name="test_demo_provider_has_meaningful_trust_signals" time="0.109" /><testcase classname="backend.tests.test_iter90_v4_social_extras" name="test_providers_list_has_at_least_one_verified_with_signals" time="0.105" /><testcase classname="backend.tests.test_iter90_v4_social_extras" name="test_gremios_endpoint_returns_array" time="0.099" /><testcase classname="backend.tests.test_iter90_v4_social_extras" name="test_anonymous_cannot_join_gremio" time="0.106" /><testcase classname="backend.tests.test_iter90_v4_social_extras" name="test_anonymous_cannot_like_gremio_post" time="0.105" /><testcase classname="backend.tests.test_iter90_v4_social_extras" name="test_anonymous_can_read_gremio_posts_public" time="0.099" /><testcase classname="backend.tests.test_iter90_v4_social_extras" name="test_gremio_post_hydration_exposes_verified_and_gm_code" time="0.211" /><testcase classname="backend.tests.test_iter90_v4_social_extras" name="test_portfolio_12_item_hard_cap" time="1.327" /><testcase classname="backend.tests.test_iter91_v4_push_phase_c" name="test_vapid_public_key_endpoint" time="0.105" /><testcase classname="backend.tests.test_iter91_v4_push_phase_c" name="test_subscribe_requires_auth" time="0.108" /><testcase classname="backend.tests.test_iter91_v4_push_phase_c" name="test_subscribe_and_list_and_test_push" time="0.238" /><testcase classname="backend.tests.test_iter91_v4_push_phase_c" name="test_push_wired_into_reviews" time="0.001" /><testcase classname="backend.tests.test_iter91_v4_push_phase_c" name="test_push_wired_into_service_requests" time="0.000" /><testcase classname="backend.tests.test_iter91_v4_push_phase_c" name="test_push_wired_into_messages" time="0.002" /><testcase classname="backend.tests.test_iter91_v4_push_phase_c" name="test_push_test_endpoint_exists" time="0.000" /><testcase classname="backend.tests.test_iter91_v4_push_phase_c" name="test_frontend_test_push_helper_exists" time="0.002" /></testsuite></testsuites>