<?xml version="1.0" encoding="utf-8"?><testsuites name="pytest tests"><testsuite name="pytest" errors="0" failures="0" skipped="0" tests="20" time="3.198" timestamp="2026-05-23T07:39:34.269809+00:00" hostname="agent-env-b59795ab-853f-4af8-b8ef-3768293bef7d"><testcase classname="backend.tests.test_iter40_inclusion_rewards.TestRegisterPreferredLanguage" name="test_register_with_lang_en" time="0.387" /><testcase classname="backend.tests.test_iter40_inclusion_rewards.TestRegisterPreferredLanguage" name="test_register_with_lang_es" time="0.330" /><testcase classname="backend.tests.test_iter40_inclusion_rewards.TestRegisterPreferredLanguage" name="test_register_without_lang_defaults_es" time="0.326" /><testcase classname="backend.tests.test_iter40_inclusion_rewards.TestRegisterPreferredLanguage" name="test_register_rejects_invalid_lang" time="0.099" /><testcase classname="backend.tests.test_iter40_inclusion_rewards.TestBilingualBadge" name="test_maria_has_bilingual_badge" time="0.103" /><testcase classname="backend.tests.test_iter40_inclusion_rewards.TestBilingualBadge" name="test_languages_array_has_both" time="0.001" /><testcase classname="backend.tests.test_iter40_inclusion_rewards.TestLeaderboardSnapshot" name="test_unauth_blocked" time="0.095" /><testcase classname="backend.tests.test_iter40_inclusion_rewards.TestLeaderboardSnapshot" name="test_non_admin_blocked" time="0.371" /><testcase classname="backend.tests.test_iter40_inclusion_rewards.TestLeaderboardSnapshot" name="test_dry_run_for_2026_05_returns_would_create" time="0.385" /><testcase classname="backend.tests.test_iter40_inclusion_rewards.TestLeaderboardSnapshot" name="test_real_snapshot_idempotent_for_2026_05" time="0.105" /><testcase classname="backend.tests.test_iter40_inclusion_rewards.TestLeaderboardSnapshot" name="test_invalid_month_format_400" time="0.048" /><testcase classname="backend.tests.test_iter40_inclusion_rewards.TestTiersAndMariaCoupon" name="test_maria_has_top3_50pct_coupon" time="0.043" /><testcase classname="backend.tests.test_iter40_inclusion_rewards.TestTiersAndMariaCoupon" name="test_coupons_shape_has_all_fields" time="0.042" /><testcase classname="backend.tests.test_iter40_inclusion_rewards.TestCouponNotificationAndQueue" name="test_high_priority_rewards_notification_exists" time="0.001" /><testcase classname="backend.tests.test_iter40_inclusion_rewards.TestCouponNotificationAndQueue" name="test_queue_row_for_email_or_sms_exists" time="0.001" /><testcase classname="backend.tests.test_iter40_inclusion_rewards.TestCouponRedemption" name="test_me_coupons_requires_auth" time="0.110" /><testcase classname="backend.tests.test_iter40_inclusion_rewards.TestCouponRedemption" name="test_redeem_before_window_returns_400" time="0.087" /><testcase classname="backend.tests.test_iter40_inclusion_rewards.TestCouponRedemption" name="test_redeem_non_owned_returns_404" time="0.373" /><testcase classname="backend.tests.test_iter40_inclusion_rewards.TestCouponRedemption" name="test_redeem_in_window_flips_status" time="0.090" /><testcase classname="backend.tests.test_iter40_inclusion_rewards.TestCouponRedemption" name="test_redeem_expired_coupon_returns_400_and_marks_expired" time="0.052" /></testsuite></testsuites>