<?xml version="1.0" encoding="utf-8"?><testsuites name="pytest tests"><testsuite name="pytest" errors="0" failures="0" skipped="0" tests="19" time="2.419" timestamp="2026-05-27T17:34:01.419279+00:00" hostname="agent-env-b59795ab-853f-4af8-b8ef-3768293bef7d"><testcase classname="backend.tests.test_iter68_section65_og_refactor.TestSection65OG" name="test_og_png_existing_slug" time="0.537" /><testcase classname="backend.tests.test_iter68_section65_og_refactor.TestSection65OG" name="test_og_png_nonexistent_slug_still_200" time="0.104" /><testcase classname="backend.tests.test_iter68_section65_og_refactor.TestSection65OG" name="test_og_svg_fallback" time="0.070" /><testcase classname="backend.tests.test_iter68_section65_og_refactor.TestSection65OG" name="test_og_html_uses_png" time="0.067" /><testcase classname="backend.tests.test_iter68_section65_og_refactor.TestSection65OG" name="test_og_html_whatsapp_ua" time="0.055" /><testcase classname="backend.tests.test_iter68_section65_og_refactor.TestStoriesRefactor" name="test_active_public" time="0.055" /><testcase classname="backend.tests.test_iter68_section65_og_refactor.TestStoriesRefactor" name="test_by_provider_public" time="0.055" /><testcase classname="backend.tests.test_iter68_section65_og_refactor.TestStoriesRefactor" name="test_post_requires_auth" time="0.117" /><testcase classname="backend.tests.test_iter68_section65_og_refactor.TestStoriesRefactor" name="test_delete_requires_auth" time="0.117" /><testcase classname="backend.tests.test_iter68_section65_og_refactor.TestBannersRefactor" name="test_public" time="0.063" /><testcase classname="backend.tests.test_iter68_section65_og_refactor.TestBannersRefactor" name="test_banner_of_the_week" time="0.054" /><testcase classname="backend.tests.test_iter68_section65_og_refactor.TestBannersRefactor" name="test_publish_requires_auth" time="0.126" /><testcase classname="backend.tests.test_iter68_section65_og_refactor.TestPush" name="test_public_key_no_auth" time="0.056" /><testcase classname="backend.tests.test_iter68_section65_og_refactor.TestPush" name="test_subscribe_requires_auth" time="0.107" /><testcase classname="backend.tests.test_iter68_section65_og_refactor.TestPush" name="test_subscribe_with_auth" time="0.344" /><testcase classname="backend.tests.test_iter68_section65_og_refactor.TestGeneralRegression" name="test_login" time="0.291" /><testcase classname="backend.tests.test_iter68_section65_og_refactor.TestGeneralRegression" name="test_providers" time="0.057" /><testcase classname="backend.tests.test_iter68_section65_og_refactor.TestGeneralRegression" name="test_categories" time="0.061" /><testcase classname="backend.tests.test_iter68_section65_og_refactor.TestGeneralRegression" name="test_follows_feed_auth" time="0.059" /></testsuite></testsuites>