<?xml version="1.0" encoding="utf-8"?><testsuites name="pytest tests"><testsuite name="pytest" errors="0" failures="0" skipped="0" tests="13" time="1.612" timestamp="2026-05-23T06:04:29.639063+00:00" hostname="agent-env-b59795ab-853f-4af8-b8ef-3768293bef7d"><testcase classname="backend.tests.test_iter36_featured_reel.TestFeaturedReel" name="test_returns_200_and_list" time="0.158" /><testcase classname="backend.tests.test_iter36_featured_reel.TestFeaturedReel" name="test_at_least_one_paid_provider_in_dev_env" time="0.106" /><testcase classname="backend.tests.test_iter36_featured_reel.TestFeaturedReel" name="test_capped_at_20" time="0.135" /><testcase classname="backend.tests.test_iter36_featured_reel.TestFeaturedReel" name="test_schema_fields_present" time="0.109" /><testcase classname="backend.tests.test_iter36_featured_reel.TestFeaturedReel" name="test_only_paid_plans_returned" time="0.116" /><testcase classname="backend.tests.test_iter36_featured_reel.TestFeaturedReel" name="test_sort_by_plan_tier_then_rating" time="0.097" /><testcase classname="backend.tests.test_iter36_featured_reel.TestFeaturedReel" name="test_demo_provider_shows_pro_plan_and_referrals" time="0.114" /><testcase classname="backend.tests.test_iter36_featured_reel.TestFeaturedReel" name="test_no_mongo_id_leaks" time="0.142" /><testcase classname="backend.tests.test_iter36_featured_reel.TestEngagementBadges" name="test_returns_200_list" time="0.096" /><testcase classname="backend.tests.test_iter36_featured_reel.TestEngagementBadges" name="test_demo_provider_has_referrer_badge" time="0.101" /><testcase classname="backend.tests.test_iter36_featured_reel.TestEngagementBadges" name="test_badge_shape" time="0.135" /><testcase classname="backend.tests.test_iter36_featured_reel.TestEngagementBadges" name="test_unknown_provider_404" time="0.103" /><testcase classname="backend.tests.test_iter36_featured_reel.TestEngagementBadges" name="test_referrer_badge_has_count" time="0.119" /></testsuite></testsuites>