<?xml version="1.0" encoding="utf-8"?><testsuites name="pytest tests"><testsuite name="pytest" errors="0" failures="0" skipped="0" tests="13" time="3.747" timestamp="2026-05-21T02:51:44.835832+00:00" hostname="agent-env-b59795ab-853f-4af8-b8ef-3768293bef7d"><testcase classname="backend.tests.iteration6_test.TestMarketPulse" name="test_market_pulse_requires_auth" time="0.211" /><testcase classname="backend.tests.iteration6_test.TestMarketPulse" name="test_market_pulse_returns_expected_payload" time="0.428" /><testcase classname="backend.tests.iteration6_test.TestNotifications" name="test_notifications_include_weekly_market_pulse" time="0.071" /><testcase classname="backend.tests.iteration6_test.TestPublicRegression" name="test_categories" time="0.078" /><testcase classname="backend.tests.iteration6_test.TestPublicRegression" name="test_providers_featured" time="0.083" /><testcase classname="backend.tests.iteration6_test.TestPublicRegression" name="test_public_stats" time="0.068" /><testcase classname="backend.tests.iteration6_test.TestPublicRegression" name="test_market_range" time="0.082" /><testcase classname="backend.tests.iteration6_test.TestPublicRegression" name="test_promo_founding_status" time="0.080" /><testcase classname="backend.tests.iteration6_test.TestPublicRegression" name="test_wall_of_fame_public" time="0.087" /><testcase classname="backend.tests.iteration6_test.TestAuthRegression" name="test_admin_login" time="0.333" /><testcase classname="backend.tests.iteration6_test.TestAuthRegression" name="test_provider_login" time="0.369" /><testcase classname="backend.tests.iteration6_test.TestAdminRegression" name="test_admin_ceo_metrics" time="0.442" /><testcase classname="backend.tests.iteration6_test.TestAdminRegression" name="test_admin_daily_brief" time="1.336" /></testsuite></testsuites>