<?xml version="1.0" encoding="utf-8"?><testsuites name="pytest tests"><testsuite name="pytest" errors="0" failures="0" skipped="0" tests="17" time="2.607" timestamp="2026-05-23T23:46:55.362889+00:00" hostname="agent-env-b59795ab-853f-4af8-b8ef-3768293bef7d"><testcase classname="backend.tests.test_iter46_share_tracking.TestProviderShareEvent" name="test_share_event_whatsapp_increments_counters" time="0.657" /><testcase classname="backend.tests.test_iter46_share_tracking.TestProviderShareEvent" name="test_share_event_qr_increments_qr_channel" time="0.195" /><testcase classname="backend.tests.test_iter46_share_tracking.TestProviderShareEvent" name="test_share_event_requires_auth" time="0.107" /><testcase classname="backend.tests.test_iter46_share_tracking.TestProviderShareEvent" name="test_share_event_admin_forbidden" time="0.378" /><testcase classname="backend.tests.test_iter46_share_tracking.TestProviderShareEvent" name="test_share_event_invalid_channel_422" time="0.048" /><testcase classname="backend.tests.test_iter46_share_tracking.TestTrackShareView" name="test_known_slug_counted_true" time="0.046" /><testcase classname="backend.tests.test_iter46_share_tracking.TestTrackShareView" name="test_same_ip_within_24h_deduped" time="0.095" /><testcase classname="backend.tests.test_iter46_share_tracking.TestTrackShareView" name="test_different_ips_independent" time="0.094" /><testcase classname="backend.tests.test_iter46_share_tracking.TestTrackShareView" name="test_self_ref_still_counts_backend" time="0.045" /><testcase classname="backend.tests.test_iter46_share_tracking.TestTrackShareView" name="test_nonexistent_slug_counted_false" time="0.049" /><testcase classname="backend.tests.test_iter46_share_tracking.TestTrackShareView" name="test_empty_ref_short_circuits" time="0.048" /><testcase classname="backend.tests.test_iter46_share_tracking.TestTrackShareView" name="test_referred_view_counter_persists" time="0.441" /><testcase classname="backend.tests.test_iter46_share_tracking.TestShareStats" name="test_stats_shape_for_provider" time="0.049" /><testcase classname="backend.tests.test_iter46_share_tracking.TestShareStats" name="test_stats_recent_events_sorted_desc" time="0.151" /><testcase classname="backend.tests.test_iter46_share_tracking.TestShareStats" name="test_stats_admin_forbidden" time="0.055" /><testcase classname="backend.tests.test_iter46_share_tracking.TestShareStats" name="test_stats_anon_unauthorized" time="0.046" /><testcase classname="backend.tests.test_iter46_share_tracking.TestPerformanceContract" name="test_me_payload_carries_denormalised_counters" time="0.052" /></testsuite></testsuites>