<?xml version="1.0" encoding="utf-8"?><testsuites name="pytest tests"><testsuite name="pytest" errors="0" failures="0" skipped="0" tests="14" time="5.134" timestamp="2026-05-23T06:34:05.698831+00:00" hostname="agent-env-b59795ab-853f-4af8-b8ef-3768293bef7d"><testcase classname="tests.test_iter37_streaks.TestMyStreak" name="test_unauthenticated_returns_401" time="0.218" /><testcase classname="tests.test_iter37_streaks.TestMyStreak" name="test_non_provider_returns_404" time="2.376" /><testcase classname="tests.test_iter37_streaks.TestMyStreak" name="test_demo_provider_returns_seeded_streak" time="0.385" /><testcase classname="tests.test_iter37_streaks.TestMyStreak" name="test_no_mongo_id_leak" time="0.050" /><testcase classname="tests.test_iter37_streaks.TestMyStreak" name="test_idempotency_multiple_calls" time="0.742" /><testcase classname="tests.test_iter37_streaks.TestMyStreak" name="test_next_milestone_logic" time="0.047" /><testcase classname="tests.test_iter37_streaks.TestPublicStreak" name="test_demo_provider_public_streak" time="0.113" /><testcase classname="tests.test_iter37_streaks.TestPublicStreak" name="test_public_endpoint_does_not_leak_private_fields" time="0.106" /><testcase classname="tests.test_iter37_streaks.TestPublicStreak" name="test_unknown_provider_returns_404" time="0.111" /><testcase classname="tests.test_iter37_streaks.TestPublicStreak" name="test_no_mongo_id_leak" time="0.108" /><testcase classname="tests.test_iter37_streaks.TestPublicStreak" name="test_public_idempotency" time="0.538" /><testcase classname="tests.test_iter37_streaks.TestStreakBadge" name="test_demo_provider_has_streak_badge" time="0.121" /><testcase classname="tests.test_iter37_streaks.TestBestDaysMonotonicity" name="test_best_days_never_decreases_across_calls" time="0.097" /><testcase classname="tests.test_iter37_streaks.TestBestDaysMonotonicity" name="test_best_at_least_equals_current_for_alive_streak" time="0.051" /></testsuite></testsuites>