<?xml version="1.0" encoding="utf-8"?><testsuites name="pytest tests"><testsuite name="pytest" errors="0" failures="0" skipped="0" tests="11" time="1.294" timestamp="2026-05-22T05:16:15.167167+00:00" hostname="agent-env-b59795ab-853f-4af8-b8ef-3768293bef7d"><testcase classname="backend.tests.test_prelaunch_bugs" name="test_bug02_plans_endpoint_returns_correct_prices" time="0.140" /><testcase classname="backend.tests.test_prelaunch_bugs" name="test_bug02_ceo_metrics_uses_correct_prices" time="0.385" /><testcase classname="backend.tests.test_prelaunch_bugs" name="test_bug04_public_search_excludes_test_providers" time="0.108" /><testcase classname="backend.tests.test_prelaunch_bugs" name="test_bug04_admin_still_sees_test_providers" time="0.051" /><testcase classname="backend.tests.test_prelaunch_bugs" name="test_bug04_featured_excludes_test" time="0.101" /><testcase classname="backend.tests.test_prelaunch_bugs" name="test_bug04_founding_status_excludes_test" time="0.098" /><testcase classname="backend.tests.test_prelaunch_bugs" name="test_bug05_public_stats_returns_label_key" time="0.106" /><testcase classname="backend.tests.test_prelaunch_bugs" name="test_bug06_founding_counter_consistency" time="0.092" /><testcase classname="backend.tests.test_prelaunch_bugs" name="test_bug09_admin_cities_seeded" time="0.045" /><testcase classname="backend.tests.test_prelaunch_bugs" name="test_bug09_admin_audit_log_works" time="0.056" /><testcase classname="backend.tests.test_prelaunch_bugs" name="test_bug09_admin_pricing_intelligence_endpoint" time="0.052" /></testsuite></testsuites>