<?xml version="1.0" encoding="utf-8"?><testsuites name="pytest tests"><testsuite name="pytest" errors="4" failures="0" skipped="0" tests="19" time="4.684" timestamp="2026-05-22T00:39:58.769963+00:00" hostname="agent-env-b59795ab-853f-4af8-b8ef-3768293bef7d"><testcase classname="backend.tests.iteration15_sections_13_14_15_16_test.TestLicense" name="test_license_types_public_returns_11" time="0.155" /><testcase classname="backend.tests.iteration15_sections_13_14_15_16_test.TestLicense" name="test_license_put_persists[yes-General Contractor]" time="0.535" /><testcase classname="backend.tests.iteration15_sections_13_14_15_16_test.TestLicense" name="test_license_put_persists[no-None]" time="0.249" /><testcase classname="backend.tests.iteration15_sections_13_14_15_16_test.TestLicense" name="test_license_put_persists[prefer_not_to_say-None]" time="0.216" /><testcase classname="backend.tests.iteration15_sections_13_14_15_16_test.TestCompletion" name="test_completion_shape_and_score" time="0.107" /><testcase classname="backend.tests.iteration15_sections_13_14_15_16_test.TestReferrals" name="test_referrals_generates_idempotent_ref_code" time="0.216" /><testcase classname="backend.tests.iteration15_sections_13_14_15_16_test.TestReferrals" name="test_referral_signup_creates_referred_entry" time="0.563" /><testcase classname="backend.tests.iteration15_sections_13_14_15_16_test.TestReferrals" name="test_invalid_ref_code_does_not_break_register" time="0.655" /><testcase classname="backend.tests.iteration15_sections_13_14_15_16_test.TestContactPrefs" name="test_contact_prefs_persists" time="0.114" /><testcase classname="backend.tests.iteration15_sections_13_14_15_16_test.TestContactPrefs" name="test_contact_prefs_rejects_all_false" time="0.103" /><testcase classname="backend.tests.iteration15_sections_13_14_15_16_test.TestMessaging" name="test_messaging_start_anonymous" time="0.235"><error message="failed on setup with &quot;AssertionError: Internal Server Error&#10;assert 500 == 200&#10; +  where 500 = &lt;Response [500]&gt;.status_code&quot;">E   AssertionError: Internal Server Error
    assert 500 == 200
     +  where 500 = &lt;Response [500]&gt;.status_code</error></testcase><testcase classname="backend.tests.iteration15_sections_13_14_15_16_test.TestMessaging" name="test_conversations_listing_filters_search" time="0.000"><error message="failed on setup with &quot;AssertionError: Internal Server Error&#10;assert 500 == 200&#10; +  where 500 = &lt;Response [500]&gt;.status_code&quot;">E   AssertionError: Internal Server Error
    assert 500 == 200
     +  where 500 = &lt;Response [500]&gt;.status_code</error></testcase><testcase classname="backend.tests.iteration15_sections_13_14_15_16_test.TestMessaging" name="test_get_messages_orders_and_resets_unread" time="0.000"><error message="failed on setup with &quot;AssertionError: Internal Server Error&#10;assert 500 == 200&#10; +  where 500 = &lt;Response [500]&gt;.status_code&quot;">E   AssertionError: Internal Server Error
    assert 500 == 200
     +  where 500 = &lt;Response [500]&gt;.status_code</error></testcase><testcase classname="backend.tests.iteration15_sections_13_14_15_16_test.TestMessaging" name="test_post_message_increments_opposite_unread" time="0.000"><error message="failed on setup with &quot;AssertionError: Internal Server Error&#10;assert 500 == 200&#10; +  where 500 = &lt;Response [500]&gt;.status_code&quot;">E   AssertionError: Internal Server Error
    assert 500 == 200
     +  where 500 = &lt;Response [500]&gt;.status_code</error></testcase><testcase classname="backend.tests.iteration15_sections_13_14_15_16_test.TestMessaging" name="test_unread_count_endpoint" time="0.119" /><testcase classname="backend.tests.iteration15_sections_13_14_15_16_test.TestBadges" name="test_badges_for_provider" time="0.108" /><testcase classname="backend.tests.iteration15_sections_13_14_15_16_test.TestAdminIncomplete" name="test_list_incomplete" time="0.489" /><testcase classname="backend.tests.iteration15_sections_13_14_15_16_test.TestAdminIncomplete" name="test_remind_needs_real_user" time="0.595" /><testcase classname="backend.tests.iteration15_sections_13_14_15_16_test.TestAdminIncomplete" name="test_remind_unknown_404" time="0.124" /></testsuite></testsuites>