<?xml version="1.0" encoding="utf-8"?><testsuites name="pytest tests"><testsuite name="pytest" errors="0" failures="1" skipped="0" tests="53" time="13.899" timestamp="2026-05-20T06:04:21.336704+00:00" hostname="agent-env-b59795ab-853f-4af8-b8ef-3768293bef7d"><testcase classname="backend.tests.backend_test.TestCategories" name="test_list_categories" time="0.258" /><testcase classname="backend.tests.backend_test.TestAuth" name="test_login_admin" time="0.344" /><testcase classname="backend.tests.backend_test.TestAuth" name="test_login_provider" time="0.327" /><testcase classname="backend.tests.backend_test.TestAuth" name="test_login_invalid" time="0.334" /><testcase classname="backend.tests.backend_test.TestAuth" name="test_me_with_token" time="0.446" /><testcase classname="backend.tests.backend_test.TestAuth" name="test_me_unauthenticated" time="0.112" /><testcase classname="backend.tests.backend_test.TestAuth" name="test_register_and_logout" time="0.537" /><testcase classname="backend.tests.backend_test.TestAuth" name="test_register_duplicate_email" time="0.434" /><testcase classname="backend.tests.backend_test.TestProviders" name="test_featured" time="0.102" /><testcase classname="backend.tests.backend_test.TestProviders" name="test_search_no_filters" time="0.115" /><testcase classname="backend.tests.backend_test.TestProviders" name="test_search_with_category" time="0.100" /><testcase classname="backend.tests.backend_test.TestProviders" name="test_search_with_verified_and_language" time="0.101" /><testcase classname="backend.tests.backend_test.TestProviders" name="test_search_text_query" time="0.109" /><testcase classname="backend.tests.backend_test.TestProviders" name="test_provider_by_slug_and_views_increment" time="0.204" /><testcase classname="backend.tests.backend_test.TestProviders" name="test_provider_by_slug_404" time="0.111" /><testcase classname="backend.tests.backend_test.TestProviders" name="test_provider_me_existing" time="0.426" /><testcase classname="backend.tests.backend_test.TestProviders" name="test_provider_me_requires_auth" time="0.099" /><testcase classname="backend.tests.backend_test.TestProviders" name="test_provider_update_me" time="0.212" /><testcase classname="backend.tests.backend_test.TestProviders" name="test_contact_click_increments" time="0.305" /><testcase classname="backend.tests.backend_test.TestReviews" name="test_create_review_and_duplicate_rejected" time="0.412" /><testcase classname="backend.tests.backend_test.TestReviews" name="test_review_requires_auth" time="0.128" /><testcase classname="backend.tests.backend_test.TestReviews" name="test_review_rating_validation" time="0.108" /><testcase classname="backend.tests.backend_test.TestFavorites" name="test_favorites_flow" time="0.520" /><testcase classname="backend.tests.backend_test.TestFavorites" name="test_favorites_require_auth" time="0.112" /><testcase classname="backend.tests.backend_test.TestAdmin" name="test_admin_stats" time="0.101" /><testcase classname="backend.tests.backend_test.TestAdmin" name="test_admin_list_providers" time="0.104" /><testcase classname="backend.tests.backend_test.TestAdmin" name="test_admin_list_providers_filter" time="0.099" /><testcase classname="backend.tests.backend_test.TestAdmin" name="test_admin_verify_action" time="0.437" /><testcase classname="backend.tests.backend_test.TestAdmin" name="test_admin_requires_admin_role" time="0.112" /><testcase classname="backend.tests.backend_test.TestAdmin" name="test_admin_requires_auth" time="0.097" /><testcase classname="backend.tests.backend_test.TestPlans" name="test_plans_returns_three" time="0.108" /><testcase classname="backend.tests.backend_test.TestProviderCreation" name="test_create_provider_profile_as_new_user" time="0.650" /><testcase classname="backend.tests.iteration2_test.TestUserUpdate" name="test_update_user_profile" time="0.536" /><testcase classname="backend.tests.iteration2_test.TestUserUpdate" name="test_update_user_requires_auth" time="0.098" /><testcase classname="backend.tests.iteration2_test.TestUpload" name="test_upload_requires_auth" time="0.183" /><testcase classname="backend.tests.iteration2_test.TestUpload" name="test_upload_rejects_non_image" time="0.104" /><testcase classname="backend.tests.iteration2_test.TestUpload" name="test_upload_png_and_fetch" time="0.465" /><testcase classname="backend.tests.iteration2_test.TestGallery" name="test_add_and_remove_gallery_item" time="0.728" /><testcase classname="backend.tests.iteration2_test.TestGallery" name="test_gallery_requires_auth" time="0.100" /><testcase classname="backend.tests.iteration2_test.TestPlanChange" name="test_change_plan" time="0.380" /><testcase classname="backend.tests.iteration2_test.TestPlanChange" name="test_change_plan_invalid" time="0.099" /><testcase classname="backend.tests.iteration2_test.TestMessaging" name="test_full_message_flow" time="1.283" /><testcase classname="backend.tests.iteration2_test.TestMessaging" name="test_messages_requires_auth" time="0.098" /><testcase classname="backend.tests.iteration2_test.TestMessaging" name="test_cannot_message_self" time="0.216" /><testcase classname="backend.tests.iteration2_test.TestMessaging" name="test_message_to_unknown_provider" time="0.100" /><testcase classname="backend.tests.iteration2_test.TestExtendedProviderFields" name="test_create_provider_with_new_fields" time="0.545" /><testcase classname="backend.tests.iteration3_test.TestCreateProviderPersistsNewFields" name="test_create_persists_all_new_fields" time="0.232" /><testcase classname="backend.tests.iteration3_test.TestCreateProviderPersistsNewFields" name="test_create_persisted_to_db_via_get" time="0.232" /><testcase classname="backend.tests.iteration3_test.TestUpdateProviderPersistsNewFields" name="test_put_updates_new_fields" time="0.239" /><testcase classname="backend.tests.iteration3_test.TestUniqueIndexes" name="test_register_duplicate_email_rejected" time="0.231" /><testcase classname="backend.tests.iteration3_test.TestDemoSeedIdempotent" name="test_demo_slug_resolves_single_provider" time="0.003" /><testcase classname="backend.tests.iteration3_test.TestDemoSeedIdempotent" name="test_demo_provider_login_matches_slug_doc" time="0.233" /><testcase classname="backend.tests.iteration3_test.TestDemoGallery" name="test_demo_ecard_has_3_gallery_items" time="0.003"><failure message="AssertionError: expected &gt;=3 gallery items, got 0: []&#10;assert 0 &gt;= 3&#10; +  where 0 = len([])">backend/tests/iteration3_test.py:180: in test_demo_ecard_has_3_gallery_items
    assert len(gallery) &gt;= 3, f"expected &gt;=3 gallery items, got {len(gallery)}: {gallery}"
E   AssertionError: expected &gt;=3 gallery items, got 0: []
E   assert 0 &gt;= 3
E    +  where 0 = len([])</failure></testcase></testsuite></testsuites>