<?xml version="1.0" encoding="utf-8"?><testsuites name="pytest tests"><testsuite name="pytest" errors="0" failures="0" skipped="0" tests="14" time="5.001" timestamp="2026-05-20T05:57:36.251554+00:00" hostname="agent-env-b59795ab-853f-4af8-b8ef-3768293bef7d"><testcase classname="backend.tests.iteration2_test.TestUserUpdate" name="test_update_user_profile" time="0.609" /><testcase classname="backend.tests.iteration2_test.TestUserUpdate" name="test_update_user_requires_auth" time="0.100" /><testcase classname="backend.tests.iteration2_test.TestUpload" name="test_upload_requires_auth" time="0.098" /><testcase classname="backend.tests.iteration2_test.TestUpload" name="test_upload_rejects_non_image" time="0.108" /><testcase classname="backend.tests.iteration2_test.TestUpload" name="test_upload_png_and_fetch" time="0.518" /><testcase classname="backend.tests.iteration2_test.TestGallery" name="test_add_and_remove_gallery_item" time="0.758" /><testcase classname="backend.tests.iteration2_test.TestGallery" name="test_gallery_requires_auth" time="0.098" /><testcase classname="backend.tests.iteration2_test.TestPlanChange" name="test_change_plan" time="0.309" /><testcase classname="backend.tests.iteration2_test.TestPlanChange" name="test_change_plan_invalid" time="0.101" /><testcase classname="backend.tests.iteration2_test.TestMessaging" name="test_full_message_flow" time="1.242" /><testcase classname="backend.tests.iteration2_test.TestMessaging" name="test_messages_requires_auth" time="0.121" /><testcase classname="backend.tests.iteration2_test.TestMessaging" name="test_cannot_message_self" time="0.208" /><testcase classname="backend.tests.iteration2_test.TestMessaging" name="test_message_to_unknown_provider" time="0.102" /><testcase classname="backend.tests.iteration2_test.TestExtendedProviderFields" name="test_create_provider_with_new_fields" time="0.539" /></testsuite></testsuites>