<?xml version="1.0" encoding="utf-8"?><testsuites name="pytest tests"><testsuite name="pytest" errors="0" failures="0" skipped="0" tests="9" time="2.785" timestamp="2026-05-23T05:26:54.476976+00:00" hostname="agent-env-b59795ab-853f-4af8-b8ef-3768293bef7d"><testcase classname="backend.tests.test_iter34_digest_and_ecard.TestWeeklyDigestEndpoint" name="test_forbids_admin" time="0.394" /><testcase classname="backend.tests.test_iter34_digest_and_ecard.TestWeeklyDigestEndpoint" name="test_forbids_client" time="0.406" /><testcase classname="backend.tests.test_iter34_digest_and_ecard.TestWeeklyDigestEndpoint" name="test_requires_auth" time="0.102" /><testcase classname="backend.tests.test_iter34_digest_and_ecard.TestWeeklyDigestEndpoint" name="test_provider_gets_digest_shape" time="0.374" /><testcase classname="backend.tests.test_iter34_digest_and_ecard.TestAdminSendWeeklyDigest" name="test_forbids_provider" time="0.049" /><testcase classname="backend.tests.test_iter34_digest_and_ecard.TestAdminSendWeeklyDigest" name="test_forbids_client" time="0.047" /><testcase classname="backend.tests.test_iter34_digest_and_ecard.TestAdminSendWeeklyDigest" name="test_admin_send_returns_results" time="0.049" /><testcase classname="backend.tests.test_iter34_digest_and_ecard.TestAdminSendWeeklyDigest" name="test_dev_fallback_log_emitted" time="1.055" /><testcase classname="backend.tests.test_iter34_digest_and_ecard.TestProviderLikeEndpoint" name="test_like_toggle_roundtrip" time="0.226" /></testsuite></testsuites>