<?xml version="1.0" encoding="utf-8"?><testsuites name="pytest tests"><testsuite name="pytest" errors="0" failures="1" skipped="0" tests="17" time="20.996" timestamp="2026-05-23T07:56:11.838739+00:00" hostname="agent-env-b59795ab-853f-4af8-b8ef-3768293bef7d"><testcase classname="backend.tests.test_iter42_comments_images.TestListComments" name="test_list_seed_post_comments_public" time="0.201" /><testcase classname="backend.tests.test_iter42_comments_images.TestListComments" name="test_list_unknown_post_404" time="0.139" /><testcase classname="backend.tests.test_iter42_comments_images.TestCreateComment" name="test_create_comment_increments_count_and_notifies" time="17.616" /><testcase classname="backend.tests.test_iter42_comments_images.TestCreateComment" name="test_no_notification_when_commenting_on_own_post" time="0.268" /><testcase classname="backend.tests.test_iter42_comments_images.TestCreateComment" name="test_create_comment_validation_too_short" time="0.045" /><testcase classname="backend.tests.test_iter42_comments_images.TestCreateComment" name="test_create_comment_validation_too_long" time="0.047" /><testcase classname="backend.tests.test_iter42_comments_images.TestCreateComment" name="test_create_comment_unknown_post_404" time="0.049" /><testcase classname="backend.tests.test_iter42_comments_images.TestCreateComment" name="test_create_comment_anon_401" time="0.098" /><testcase classname="backend.tests.test_iter42_comments_images.TestDeleteComment" name="test_delete_own_comment_decrements" time="0.395" /><testcase classname="backend.tests.test_iter42_comments_images.TestDeleteComment" name="test_delete_other_user_403" time="0.148" /><testcase classname="backend.tests.test_iter42_comments_images.TestDeleteComment" name="test_delete_unknown_404" time="0.047" /><testcase classname="backend.tests.test_iter42_comments_images.TestDeleteComment" name="test_admin_can_delete_any" time="0.424" /><testcase classname="backend.tests.test_iter42_comments_images.TestNotificationsIncludeCommunity" name="test_notifications_endpoint_returns_community_category" time="0.656" /><testcase classname="backend.tests.test_iter42_comments_images.TestUploadEndpoint" name="test_upload_image_success" time="0.391" /><testcase classname="backend.tests.test_iter42_comments_images.TestUploadEndpoint" name="test_upload_rejects_non_image" time="0.046" /><testcase classname="backend.tests.test_iter42_comments_images.TestUploadEndpoint" name="test_upload_rejects_anon" time="0.095" /><testcase classname="backend.tests.test_iter42_comments_images.TestImageOnlyPost" name="test_image_only_placeholder_emoji_length" time="0.231"><failure message="Failed: IMAGE-ONLY POST REJECTED: frontend sends '#x1F4F7' (len=1) but POST_MIN_LEN=4. Either reduce min_length when image_url present, OR send 4-char placeholder.">backend/tests/test_iter42_comments_images.py:307: in test_image_only_placeholder_emoji_length
    pytest.fail(
E   Failed: IMAGE-ONLY POST REJECTED: frontend sends '#x1F4F7' (len=1) but POST_MIN_LEN=4. Either reduce min_length when image_url present, OR send 4-char placeholder.</failure></testcase></testsuite></testsuites>