<?xml version="1.0" encoding="utf-8"?><testsuites name="pytest tests"><testsuite name="pytest" errors="0" failures="0" skipped="0" tests="17" time="2.529" timestamp="2026-05-21T03:26:23.872558+00:00" hostname="agent-env-b59795ab-853f-4af8-b8ef-3768293bef7d"><testcase classname="backend.tests.iteration7_test.TestOwnerIdentityEndpoint" name="test_set_owner_identity_requires_auth" time="0.331" /><testcase classname="backend.tests.iteration7_test.TestOwnerIdentityEndpoint" name="test_set_owner_identity_latino" time="0.508" /><testcase classname="backend.tests.iteration7_test.TestOwnerIdentityEndpoint" name="test_set_owner_identity_american" time="0.147" /><testcase classname="backend.tests.iteration7_test.TestOwnerIdentityEndpoint" name="test_set_owner_identity_null" time="0.141" /><testcase classname="backend.tests.iteration7_test.TestOwnerIdentityEndpoint" name="test_invalid_value_rejected" time="0.071" /><testcase classname="backend.tests.iteration7_test.TestOwnerIdentityEndpoint" name="test_restore_latino_for_other_tests" time="0.074" /><testcase classname="backend.tests.iteration7_test.TestProviderMeOwnerIdentity" name="test_providers_me_returns_owner_identity_field" time="0.075" /><testcase classname="backend.tests.iteration7_test.TestProvidersSearchFilter" name="test_filter_owner_identity_latino" time="0.066" /><testcase classname="backend.tests.iteration7_test.TestProvidersSearchFilter" name="test_filter_owner_identity_american" time="0.077" /><testcase classname="backend.tests.iteration7_test.TestProvidersSearchFilter" name="test_legacy_latino_owned_filter_regression" time="0.064" /><testcase classname="backend.tests.iteration7_test.TestRegression" name="test_categories" time="0.074" /><testcase classname="backend.tests.iteration7_test.TestRegression" name="test_providers_featured" time="0.062" /><testcase classname="backend.tests.iteration7_test.TestRegression" name="test_public_stats" time="0.158" /><testcase classname="backend.tests.iteration7_test.TestRegression" name="test_promo_founding_status" time="0.065" /><testcase classname="backend.tests.iteration7_test.TestRegression" name="test_admin_ceo_metrics" time="0.393" /><testcase classname="backend.tests.iteration7_test.TestRegression" name="test_provider_market_pulse" time="0.075" /><testcase classname="backend.tests.iteration7_test.TestRegression" name="test_provider_notifications" time="0.081" /></testsuite></testsuites>