<?xml version="1.0" encoding="utf-8"?><testsuites name="pytest tests"><testsuite name="pytest" errors="0" failures="1" skipped="0" tests="11" time="2.501" timestamp="2026-05-30T01:40:18.928950+00:00" hostname="agent-env-b59795ab-853f-4af8-b8ef-3768293bef7d"><testcase classname="backend.tests.test_iter99_v9_e2e" name="test_avatar_upload_returns_url" time="0.562" /><testcase classname="backend.tests.test_iter99_v9_e2e" name="test_edit_profile_username_bio_instagram" time="0.060" /><testcase classname="backend.tests.test_iter99_v9_e2e" name="test_edit_profile_username_conflict_returns_409" time="0.478" /><testcase classname="backend.tests.test_iter99_v9_e2e" name="test_photo_upload_then_delete" time="0.118" /><testcase classname="backend.tests.test_iter99_v9_e2e" name="test_public_private_toggle" time="0.105" /><testcase classname="backend.tests.test_iter99_v9_e2e" name="test_public_profile_logged_out_view" time="0.256" /><testcase classname="backend.tests.test_iter99_v9_e2e" name="test_provider_home_service_toggle" time="0.051"><failure message="AssertionError: {&quot;detail&quot;:[{&quot;type&quot;:&quot;missing&quot;,&quot;loc&quot;:[&quot;body&quot;,&quot;business_name&quot;],&quot;msg&quot;:&quot;Field required&quot;,&quot;input&quot;:{&quot;offers_home_service&quot;:true},&quot;url&quot;:&quot;https://errors.pydantic.dev/2.13/v/missing&quot;},{&quot;type&quot;:&quot;missing&quot;,&quot;loc&quot;:[&quot;body&quot;,&quot;category_id&quot;],&quot;msg&quot;:&quot;Field required&quot;,&quot;input&quot;:{&quot;offers_home_service&quot;:true},&quot;url&quot;:&quot;https://errors.pydantic.dev/2.13/v/missing&quot;}]}&#10;assert 422 in (200, 204)&#10; +  where 422 = &lt;Response [422]&gt;.status_code">backend/tests/test_iter99_v9_e2e.py:121: in test_provider_home_service_toggle
    assert r.status_code in (200, 204), r.text
E   AssertionError: {"detail":[{"type":"missing","loc":["body","business_name"],"msg":"Field required","input":{"offers_home_service":true},"url":"https://errors.pydantic.dev/2.13/v/missing"},{"type":"missing","loc":["body","category_id"],"msg":"Field required","input":{"offers_home_service":true},"url":"https://errors.pydantic.dev/2.13/v/missing"}]}
E   assert 422 in (200, 204)
E    +  where 422 = &lt;Response [422]&gt;.status_code</failure></testcase><testcase classname="backend.tests.test_iter99_v9_e2e" name="test_ecard_reels_endpoint_for_demo_slug" time="0.165" /><testcase classname="backend.tests.test_iter99_v9_e2e" name="test_search_endpoint_smoke" time="0.122" /><testcase classname="backend.tests.test_iter99_v9_e2e" name="test_provider_ecard_by_slug_renders" time="0.138" /><testcase classname="backend.tests.test_iter99_v9_e2e" name="test_provider_login_works" time="0.375" /></testsuite></testsuites>