<?xml version="1.0" encoding="utf-8"?><testsuites name="pytest tests"><testsuite name="pytest" errors="0" failures="0" skipped="1" tests="16" time="1.139" timestamp="2026-05-24T04:40:15.610925+00:00" hostname="agent-env-b59795ab-853f-4af8-b8ef-3768293bef7d"><testcase classname="backend.tests.test_iter49_i18n_seo.TestSitemapBasics" name="test_sitemap_status_200" time="0.246" /><testcase classname="backend.tests.test_iter49_i18n_seo.TestSitemapBasics" name="test_xhtml_xmlns_declared" time="0.209" /><testcase classname="backend.tests.test_iter49_i18n_seo.TestSitemapBasics" name="test_xhtml_link_annotations_present" time="0.002" /><testcase classname="backend.tests.test_iter49_i18n_seo.TestSitemapBasics" name="test_well_formed_xml" time="0.053" /><testcase classname="backend.tests.test_iter49_i18n_seo.TestBilingualPairs" name="test_servicios_has_services_alternate" time="0.042" /><testcase classname="backend.tests.test_iter49_i18n_seo.TestBilingualPairs" name="test_services_has_servicios_alternate" time="0.001" /><testcase classname="backend.tests.test_iter49_i18n_seo.TestBilingualPairs" name="test_category_city_pair_present" time="0.000" /><testcase classname="backend.tests.test_iter49_i18n_seo.TestBilingualPairs" name="test_provider_pair_present" time="0.001" /><testcase classname="backend.tests.test_iter49_i18n_seo.TestBilingualPairs" name="test_verified_providers_2_pair" time="0.000"><skipped type="pytest.skip" message="verified-providers-2 not in DB; skipping">/app/backend/tests/test_iter49_i18n_seo.py:131: verified-providers-2 not in DB; skipping</skipped></testcase><testcase classname="backend.tests.test_iter49_i18n_seo.TestHomeUrl" name="test_home_emitted_once" time="0.001" /><testcase classname="backend.tests.test_iter49_i18n_seo.TestHomeUrl" name="test_home_has_x_default" time="0.000" /><testcase classname="backend.tests.test_iter49_i18n_seo.TestHomeUrl" name="test_home_has_no_es_en_split" time="0.000" /><testcase classname="backend.tests.test_iter49_i18n_seo.TestRobots" name="test_robots_200" time="0.094" /><testcase classname="backend.tests.test_iter49_i18n_seo.TestRobots" name="test_robots_allows_english_routes" time="0.107" /><testcase classname="backend.tests.test_iter49_i18n_seo.TestRobots" name="test_robots_still_allows_spanish_routes" time="0.150" /><testcase classname="backend.tests.test_iter49_i18n_seo.TestRobots" name="test_robots_disallows_api" time="0.192" /></testsuite></testsuites>