<?xml version="1.0" encoding="utf-8"?><testsuites name="pytest tests"><testsuite name="pytest" errors="0" failures="1" skipped="0" tests="32" time="8.512" timestamp="2026-05-20T05:21:50.227376+00:00" hostname="agent-env-b59795ab-853f-4af8-b8ef-3768293bef7d"><testcase classname="backend.tests.backend_test.TestCategories" name="test_list_categories" time="0.410" /><testcase classname="backend.tests.backend_test.TestAuth" name="test_login_admin" time="0.330" /><testcase classname="backend.tests.backend_test.TestAuth" name="test_login_provider" time="0.367" /><testcase classname="backend.tests.backend_test.TestAuth" name="test_login_invalid" time="0.335" /><testcase classname="backend.tests.backend_test.TestAuth" name="test_me_with_token" time="0.454" /><testcase classname="backend.tests.backend_test.TestAuth" name="test_me_unauthenticated" time="0.101" /><testcase classname="backend.tests.backend_test.TestAuth" name="test_register_and_logout" time="0.600" /><testcase classname="backend.tests.backend_test.TestAuth" name="test_register_duplicate_email" time="0.550" /><testcase classname="backend.tests.backend_test.TestProviders" name="test_featured" time="0.110" /><testcase classname="backend.tests.backend_test.TestProviders" name="test_search_no_filters" time="0.105" /><testcase classname="backend.tests.backend_test.TestProviders" name="test_search_with_category" time="0.145" /><testcase classname="backend.tests.backend_test.TestProviders" name="test_search_with_verified_and_language" time="0.103" /><testcase classname="backend.tests.backend_test.TestProviders" name="test_search_text_query" time="0.103" /><testcase classname="backend.tests.backend_test.TestProviders" name="test_provider_by_slug_and_views_increment" time="0.215" /><testcase classname="backend.tests.backend_test.TestProviders" name="test_provider_by_slug_404" time="0.104" /><testcase classname="backend.tests.backend_test.TestProviders" name="test_provider_me_existing" time="0.465" /><testcase classname="backend.tests.backend_test.TestProviders" name="test_provider_me_requires_auth" time="0.112" /><testcase classname="backend.tests.backend_test.TestProviders" name="test_provider_update_me" time="0.220" /><testcase classname="backend.tests.backend_test.TestProviders" name="test_contact_click_increments" time="0.394" /><testcase classname="backend.tests.backend_test.TestReviews" name="test_create_review_and_duplicate_rejected" time="0.332"><failure message="assert 1 == (24 + 1)">backend/tests/backend_test.py:230: in test_create_review_and_duplicate_rejected
    assert p2["rating_count"] == before_count + 1
E   assert 1 == (24 + 1)</failure></testcase><testcase classname="backend.tests.backend_test.TestReviews" name="test_review_requires_auth" time="0.092" /><testcase classname="backend.tests.backend_test.TestReviews" name="test_review_rating_validation" time="0.122" /><testcase classname="backend.tests.backend_test.TestFavorites" name="test_favorites_flow" time="0.606" /><testcase classname="backend.tests.backend_test.TestFavorites" name="test_favorites_require_auth" time="0.105" /><testcase classname="backend.tests.backend_test.TestAdmin" name="test_admin_stats" time="0.116" /><testcase classname="backend.tests.backend_test.TestAdmin" name="test_admin_list_providers" time="0.123" /><testcase classname="backend.tests.backend_test.TestAdmin" name="test_admin_list_providers_filter" time="0.102" /><testcase classname="backend.tests.backend_test.TestAdmin" name="test_admin_verify_action" time="0.464" /><testcase classname="backend.tests.backend_test.TestAdmin" name="test_admin_requires_admin_role" time="0.118" /><testcase classname="backend.tests.backend_test.TestAdmin" name="test_admin_requires_auth" time="0.110" /><testcase classname="backend.tests.backend_test.TestPlans" name="test_plans_returns_three" time="0.097" /><testcase classname="backend.tests.backend_test.TestProviderCreation" name="test_create_provider_profile_as_new_user" time="0.646" /></testsuite></testsuites>