<?xml version="1.0" encoding="utf-8"?><testsuites name="pytest tests"><testsuite name="pytest" errors="0" failures="0" skipped="0" tests="4" time="2.342" timestamp="2026-06-04T02:51:26.465816+00:00" hostname="agent-env-b59795ab-853f-4af8-b8ef-3768293bef7d"><testcase classname="tests.test_v192_live_smoke" name="test_code_health_requires_auth" time="0.186" /><testcase classname="tests.test_v192_live_smoke" name="test_code_health_payload_shape" time="1.510" /><testcase classname="tests.test_v192_live_smoke" name="test_profile_exposes_cover_url" time="0.383" /><testcase classname="tests.test_v192_live_smoke" name="test_cover_upload_delete_roundtrip" time="0.238" /></testsuite></testsuites>